Log file open, 08/05/22 15:13:45
LogWindows: Failed to load 'aqProf.dll' (GetLastError=126)
LogWindows: File 'aqProf.dll' does not exist
LogWindows: Failed to load 'VtuneApi.dll' (GetLastError=126)
LogWindows: File 'VtuneApi.dll' does not exist
LogWindows: Failed to load 'VtuneApi32e.dll' (GetLastError=126)
LogWindows: File 'VtuneApi32e.dll' does not exist
LogConsoleResponse: Display: Failed to find resolution value strings in scalability ini. Falling back to default.
LogConsoleResponse: Display: Failed to find resolution value strings in scalability ini. Falling back to default.
LogInit: Display: Running engine for game: JahisCave_New
LogPlatformFile: Not using cached read wrapper
LogTaskGraph: Started task graph with 5 named threads and 23 total threads with 3 sets of task threads.
LogStats: Stats thread started at 0.436846
LogICUInternationalization: ICU TimeZone Detection - Raw Offset: +1:00, Platform Override: ''
LogInit: Display: Loading text-based GConfig....
LogPluginManager: Mounting plugin MegascansPlugin
LogPluginManager: Mounting plugin MeshPainting
LogPluginManager: Mounting plugin XGEController
LogPluginManager: Mounting plugin Paper2D
LogPluginManager: Mounting plugin LiveLink
LogPluginManager: Mounting plugin AISupport
LogPluginManager: Mounting plugin EnvironmentQueryEditor
LogPluginManager: Mounting plugin CameraShakePreviewer
LogPluginManager: Mounting plugin OodleData
LogPluginManager: Mounting plugin OodleNetwork
LogPluginManager: Mounting plugin LightPropagationVolume
LogPluginManager: Mounting plugin GameplayCameras
LogPluginManager: Mounting plugin AssetManagerEditor
LogPluginManager: Mounting plugin DatasmithContent
LogPluginManager: Mounting plugin VariantManagerContent
LogPluginManager: Mounting plugin Niagara
LogPluginManager: Mounting plugin CryptoKeys
LogPluginManager: Mounting plugin EditorScriptingUtilities
LogPluginManager: Mounting plugin CurveEditorTools
LogPluginManager: Mounting plugin DataValidation
LogPluginManager: Mounting plugin GameplayTagsEditor
LogPluginManager: Mounting plugin FacialAnimation
LogPluginManager: Mounting plugin GeometryMode
LogPluginManager: Mounting plugin MacGraphicsSwitching
LogPluginManager: Mounting plugin MaterialAnalyzer
LogPluginManager: Mounting plugin MobileLauncherProfileWizard
LogPluginManager: Mounting plugin PluginBrowser
LogPluginManager: Mounting plugin AnimationSharing
LogPluginManager: Mounting plugin CLionSourceCodeAccess
LogPluginManager: Mounting plugin CodeLiteSourceCodeAccess
LogPluginManager: Mounting plugin KDevelopSourceCodeAccess
LogPluginManager: Mounting plugin NullSourceCodeAccess
LogPluginManager: Mounting plugin PerforceSourceControl
LogPluginManager: Mounting plugin PlasticSourceControl
LogPluginManager: Mounting plugin PluginUtils
LogPluginManager: Mounting plugin PropertyAccessNode
LogPluginManager: Mounting plugin SpeedTreeImporter
LogPluginManager: Mounting plugin PixWinPlugin
LogPluginManager: Mounting plugin RiderSourceCodeAccess
LogPluginManager: Mounting plugin TextureFormatOodle
LogPluginManager: Mounting plugin UObjectPlugin
LogPluginManager: Mounting plugin VisualStudioCodeSourceCodeAccess
LogPluginManager: Mounting plugin GitSourceControl
LogPluginManager: Mounting plugin VisualStudioSourceCodeAccess
LogPluginManager: Mounting plugin XCodeSourceCodeAccess
LogPluginManager: Mounting plugin AlembicImporter
LogPluginManager: Mounting plugin AutomationUtils
LogPluginManager: Mounting plugin BackChannel
LogPluginManager: Mounting plugin ChaosCloth
LogPluginManager: Mounting plugin ChaosClothEditor
LogPluginManager: Mounting plugin ChaosEditor
LogPluginManager: Mounting plugin ChaosNiagara
LogPluginManager: Mounting plugin ChaosSolverPlugin
LogPluginManager: Mounting plugin CharacterAI
LogPluginManager: Mounting plugin SubversionSourceControl
LogPluginManager: Mounting plugin GeometryCache
LogPluginManager: Mounting plugin LuminPlatformFeatures
LogPluginManager: Mounting plugin MagicLeap
LogPluginManager: Mounting plugin MagicLeapLightEstimation
LogPluginManager: Mounting plugin MagicLeapMedia
LogPluginManager: Mounting plugin MagicLeapPassableWorld
LogPluginManager: Mounting plugin MLSDK
LogPluginManager: Mounting plugin GeometryProcessing
LogPluginManager: Mounting plugin MotoSynth
LogPluginManager: Mounting plugin OpenImageDenoise
LogPluginManager: Mounting plugin PlanarCut
LogPluginManager: Mounting plugin PlatformCrypto
LogPluginManager: Mounting plugin ProxyLODPlugin
LogPluginManager: Mounting plugin PythonScriptPlugin
LogPluginManager: Mounting plugin SkeletalReduction
LogPluginManager: Mounting plugin AndroidMedia
LogPluginManager: Mounting plugin AvfMedia
LogPluginManager: Mounting plugin ImgMedia
LogPluginManager: Mounting plugin MediaCompositing
LogPluginManager: Mounting plugin MediaPlayerEditor
LogPluginManager: Mounting plugin WebMMedia
LogPluginManager: Mounting plugin WmfMedia
LogPluginManager: Mounting plugin TcpMessaging
LogPluginManager: Mounting plugin ActorSequence
LogPluginManager: Mounting plugin UdpMessaging
LogPluginManager: Mounting plugin MatineeToLevelSequence
LogPluginManager: Mounting plugin LevelSequenceEditor
LogPluginManager: Mounting plugin TemplateSequence
LogPluginManager: Mounting plugin OnlineSubsystem
LogPluginManager: Mounting plugin OnlineSubsystemNull
LogPluginManager: Mounting plugin OnlineSubsystemUtils
LogPluginManager: Mounting plugin LauncherChunkInstaller
LogPluginManager: Mounting plugin ActorLayerUtilities
LogPluginManager: Mounting plugin AndroidDeviceProfileSelector
LogPluginManager: Mounting plugin AndroidMoviePlayer
LogPluginManager: Mounting plugin AndroidPermission
LogPluginManager: Mounting plugin AppleImageUtils
LogPluginManager: Mounting plugin AppleMoviePlayer
LogPluginManager: Mounting plugin ArchVisCharacter
LogPluginManager: Mounting plugin AssetTags
LogPluginManager: Mounting plugin AudioCapture
LogPluginManager: Mounting plugin AudioSynesthesia
LogPluginManager: Mounting plugin CableComponent
LogPluginManager: Mounting plugin ChunkDownloader
LogPluginManager: Mounting plugin CustomMeshComponent
LogPluginManager: Mounting plugin EditableMesh
LogPluginManager: Mounting plugin ExampleDeviceProfileSelector
LogPluginManager: Mounting plugin GoogleCloudMessaging
LogPluginManager: Mounting plugin GooglePAD
LogPluginManager: Mounting plugin ScreenshotTools
LogPluginManager: Mounting plugin IOSDeviceProfileSelector
LogPluginManager: Mounting plugin GeometryCollectionPlugin
LogPluginManager: Mounting plugin LocationServicesBPLibrary
LogPluginManager: Mounting plugin MobilePatchingUtils
LogPluginManager: Mounting plugin OpenXREyeTracker
LogPluginManager: Mounting plugin OpenXRHandTracking
LogPluginManager: Mounting plugin OpenXR
LogPluginManager: Mounting plugin ProceduralMeshComponent
LogPluginManager: Mounting plugin PostSplashScreen
LogPluginManager: Mounting plugin PropertyAccessEditor
LogPluginManager: Mounting plugin RuntimePhysXCooking
LogPluginManager: Mounting plugin SignificanceManager
LogPluginManager: Mounting plugin SoundFields
LogPluginManager: Mounting plugin Synthesis
LogPluginManager: Mounting plugin WebMMoviePlayer
LogPluginManager: Mounting plugin WindowsMoviePlayer
LogPluginManager: Mounting plugin Takes
LogPluginManager: Mounting plugin LinuxDeviceProfileSelector
LogPluginManager: Mounting plugin PhysXVehicles
LogPluginManager: Mounting plugin ContentBrowserAssetDataSource
LogPluginManager: Mounting plugin ContentBrowserFileDataSource
LogPluginManager: Mounting plugin ContentBrowserClassDataSource
LogPluginManager: Mounting plugin OnlineSubsystemGooglePlay
LogPluginManager: Mounting plugin OnlineSubsystemIOS
LogPluginManager: Mounting plugin DatabaseSupport
LogPluginManager: Mounting plugin SQLiteCore
LogPluginManager: Mounting plugin SQLiteSupport
LogPluginManager: Mounting plugin OculusVR
LogPluginManager: Mounting plugin SteamVR
PixWinPlugin: PIX capture plugin failed to initialize! Check that the process is launched from PIX.
LogInit: Using libcurl 7.55.1-DEV
LogInit:  - built for x86_64-pc-win32
LogInit:  - supports SSL with OpenSSL/1.1.1
LogInit:  - supports HTTP deflate (compression) using libz 1.2.8
LogInit:  - other features:
LogInit:      CURL_VERSION_SSL
LogInit:      CURL_VERSION_LIBZ
LogInit:      CURL_VERSION_IPV6
LogInit:      CURL_VERSION_ASYNCHDNS
LogInit:      CURL_VERSION_LARGEFILE
LogInit:      CURL_VERSION_IDN
LogInit:  CurlRequestOptions (configurable via config and command line):
LogInit:  - bVerifyPeer = true  - Libcurl will verify peer certificate
LogInit:  - bUseHttpProxy = false  - Libcurl will NOT use HTTP proxy
LogInit:  - bDontReuseConnections = false  - Libcurl will reuse connections
LogInit:  - MaxHostConnections = 16  - Libcurl will limit the number of connections to a host
LogInit:  - LocalHostAddr = Default
LogInit:  - BufferSize = 65536
LogOnline: OSS: Creating online subsystem instance for: NULL
LogInit: WinSock: version 1.1 (2.2), MaxSocks=32767, MaxUdp=65467
LogOnline: OSS: TryLoadSubsystemAndSetDefault: Loaded subsystem for module [NULL]
LogOculusPluginWrapper: OculusPlugin initialized successfully
LogHMD: Failed initializing OVRPlugin 1.59.0
LogInit: Build: ++UE4+Release-4.27-CL-17735300
LogInit: Engine Version: 4.27.1-17735300+++UE4+Release-4.27
LogInit: Compatible Engine Version: 4.27.0-17155196+++UE4+Release-4.27
LogInit: Net CL: 17155196
LogInit: OS: Windows 10 (Release 2009) (), CPU: 11th Gen Intel(R) Core(TM) i7-11370H @ 3.30GHz, GPU: Intel(R) Iris(R) Xe Graphics
LogInit: Compiled (64-bit): Oct  6 2021 14:42:51
LogInit: Compiled with Visual C++: 19.24.28315.00
LogInit: Build Configuration: Development
LogInit: Branch Name: ++UE4+Release-4.27
LogInit: Command Line:  /Game/Scenes/Gate_2_Levels/MainMenuLevel -game -PIEVIACONSOLE -Multiprocess GameUserSettingsINI=C:/Users/Jul/JahisCave-New/JahisCave_New/Saved/Config/Windows/PIEGameUserSettings0.ini -MultiprocessSaveConfig -forcepassthrough -messaging -SessionName="Play in Standalone Game" -windowed -ResX=1280 -ResY=720
LogInit: Base Directory: C:/Program Files/Epic Games/UE_4.27/Engine/Binaries/Win64/
LogInit: Allocator: TBB
LogInit: Installed Engine Build: 1
LogDevObjectVersion: Number of dev versions registered: 29
LogDevObjectVersion:   Dev-Blueprints (B0D832E4-1F89-4F0D-ACCF-7EB736FD4AA2): 10
LogDevObjectVersion:   Dev-Build (E1C64328-A22C-4D53-A36C-8E866417BD8C): 0
LogDevObjectVersion:   Dev-Core (375EC13C-06E4-48FB-B500-84F0262A717E): 4
LogDevObjectVersion:   Dev-Editor (E4B068ED-F494-42E9-A231-DA0B2E46BB41): 40
LogDevObjectVersion:   Dev-Framework (CFFC743F-43B0-4480-9391-14DF171D2073): 37
LogDevObjectVersion:   Dev-Mobile (B02B49B5-BB20-44E9-A304-32B752E40360): 3
LogDevObjectVersion:   Dev-Networking (A4E4105C-59A1-49B5-A7C5-40C4547EDFEE): 0
LogDevObjectVersion:   Dev-Online (39C831C9-5AE6-47DC-9A44-9C173E1C8E7C): 0
LogDevObjectVersion:   Dev-Physics (78F01B33-EBEA-4F98-B9B4-84EACCB95AA2): 14
LogDevObjectVersion:   Dev-Platform (6631380F-2D4D-43E0-8009-CF276956A95A): 0
LogDevObjectVersion:   Dev-Rendering (12F88B9F-8875-4AFC-A67C-D90C383ABD29): 45
LogDevObjectVersion:   Dev-Sequencer (7B5AE74C-D270-4C10-A958-57980B212A5A): 13
LogDevObjectVersion:   Dev-VR (D7296918-1DD6-4BDD-9DE2-64A83CC13884): 3
LogDevObjectVersion:   Dev-LoadTimes (C2A15278-BFE7-4AFE-6C17-90FF531DF755): 1
LogDevObjectVersion:   Private-Geometry (6EACA3D4-40EC-4CC1-B786-8BED09428FC5): 3
LogDevObjectVersion:   Dev-AnimPhys (29E575DD-E0A3-4627-9D10-D276232CDCEA): 17
LogDevObjectVersion:   Dev-Anim (AF43A65D-7FD3-4947-9873-3E8ED9C1BB05): 15
LogDevObjectVersion:   Dev-ReflectionCapture (6B266CEC-1EC7-4B8F-A30B-E4D90942FC07): 1
LogDevObjectVersion:   Dev-Automation (0DF73D61-A23F-47EA-B727-89E90C41499A): 1
LogDevObjectVersion:   FortniteMain (601D1886-AC64-4F84-AA16-D3DE0DEAC7D6): 47
LogDevObjectVersion:   FortniteRelease (E7086368-6B23-4C58-8439-1B7016265E91): 1
LogDevObjectVersion:   Dev-Enterprise (9DFFBCD6-494F-0158-E221-12823C92A888): 10
LogDevObjectVersion:   Dev-Niagara (F2AED0AC-9AFE-416F-8664-AA7FFA26D6FC): 1
LogDevObjectVersion:   Dev-Destruction (174F1F0B-B4C6-45A5-B13F-2EE8D0FB917D): 10
LogDevObjectVersion:   Dev-Physics-Ext (35F94A83-E258-406C-A318-09F59610247C): 41
LogDevObjectVersion:   Dev-PhysicsMaterial-Chaos (B68FC16E-8B1B-42E2-B453-215C058844FE): 1
LogDevObjectVersion:   Dev-CineCamera (B2E18506-4273-CFC2-A54E-F4BB758BBA07): 1
LogDevObjectVersion:   Dev-VirtualProduction (64F58936-FD1B-42BA-BA96-7289D5D0FA4E): 1
LogDevObjectVersion:   Dev-MediaFramework (6F0ED827-A609-4895-9C91-998D90180EA4): 2
LogInit: Presizing for max 25165824 objects, including 0 objects not considered by GC, pre-allocating 0 bytes for permanent pool.
LogConfig: Applying CVar settings from Section [/Script/Engine.StreamingSettings] File [C:/Users/Jul/JahisCave-New/JahisCave_New/Saved/Config/Windows/Engine.ini]
LogConfig: Setting CVar [[s.MinBulkDataSizeForAsyncLoading:131072]]
LogConfig: Setting CVar [[s.AsyncLoadingThreadEnabled:0]]
LogConfig: Setting CVar [[s.EventDrivenLoaderEnabled:1]]
LogConfig: Setting CVar [[s.WarnIfTimeLimitExceeded:0]]
LogConfig: Setting CVar [[s.TimeLimitExceededMultiplier:1.5]]
LogConfig: Setting CVar [[s.TimeLimitExceededMinTime:0.005]]
LogConfig: Setting CVar [[s.UseBackgroundLevelStreaming:1]]
LogConfig: Setting CVar [[s.PriorityAsyncLoadingExtraTime:15.0]]
LogConfig: Setting CVar [[s.LevelStreamingActorsUpdateTimeLimit:5.0]]
LogConfig: Setting CVar [[s.PriorityLevelStreamingActorsUpdateExtraTime:5.0]]
LogConfig: Setting CVar [[s.LevelStreamingComponentsRegistrationGranularity:10]]
LogConfig: Setting CVar [[s.UnregisterComponentsTimeLimit:1.0]]
LogConfig: Setting CVar [[s.LevelStreamingComponentsUnregistrationGranularity:5]]
LogConfig: Setting CVar [[s.FlushStreamingOnExit:1]]
LogInit: Object subsystem initialized
LogConfig: Setting CVar [[con.DebugEarlyDefault:1]]
LogConfig: Setting CVar [[r.setres:1280x720]]
[2022.08.05-13.13.45:945][  0]LogConfig: Setting CVar [[con.DebugEarlyDefault:1]]
[2022.08.05-13.13.45:945][  0]LogConfig: Setting CVar [[r.setres:1280x720]]
[2022.08.05-13.13.45:945][  0]LogConfig: Applying CVar settings from Section [/Script/Engine.RendererSettings] File [C:/Users/Jul/JahisCave-New/JahisCave_New/Saved/Config/Windows/Engine.ini]
[2022.08.05-13.13.45:945][  0]LogConfig: Setting CVar [[r.GPUCrashDebugging:0]]
[2022.08.05-13.13.45:945][  0]LogConfig: Applying CVar settings from Section [/Script/Engine.RendererOverrideSettings] File [C:/Users/Jul/JahisCave-New/JahisCave_New/Saved/Config/Windows/Engine.ini]
[2022.08.05-13.13.45:945][  0]LogConfig: Applying CVar settings from Section [/Script/Engine.StreamingSettings] File [C:/Users/Jul/JahisCave-New/JahisCave_New/Saved/Config/Windows/Engine.ini]
[2022.08.05-13.13.45:945][  0]LogConfig: Setting CVar [[s.MinBulkDataSizeForAsyncLoading:131072]]
[2022.08.05-13.13.45:945][  0]LogConfig: Setting CVar [[s.AsyncLoadingThreadEnabled:0]]
[2022.08.05-13.13.45:945][  0]LogConfig: Setting CVar [[s.EventDrivenLoaderEnabled:1]]
[2022.08.05-13.13.45:946][  0]LogConfig: Setting CVar [[s.WarnIfTimeLimitExceeded:0]]
[2022.08.05-13.13.45:946][  0]LogConfig: Setting CVar [[s.TimeLimitExceededMultiplier:1.5]]
[2022.08.05-13.13.45:946][  0]LogConfig: Setting CVar [[s.TimeLimitExceededMinTime:0.005]]
[2022.08.05-13.13.45:946][  0]LogConfig: Setting CVar [[s.UseBackgroundLevelStreaming:1]]
[2022.08.05-13.13.45:946][  0]LogConfig: Setting CVar [[s.PriorityAsyncLoadingExtraTime:15.0]]
[2022.08.05-13.13.45:946][  0]LogConfig: Setting CVar [[s.LevelStreamingActorsUpdateTimeLimit:5.0]]
[2022.08.05-13.13.45:946][  0]LogConfig: Setting CVar [[s.PriorityLevelStreamingActorsUpdateExtraTime:5.0]]
[2022.08.05-13.13.45:946][  0]LogConfig: Setting CVar [[s.LevelStreamingComponentsRegistrationGranularity:10]]
[2022.08.05-13.13.45:946][  0]LogConfig: Setting CVar [[s.UnregisterComponentsTimeLimit:1.0]]
[2022.08.05-13.13.45:946][  0]LogConfig: Setting CVar [[s.LevelStreamingComponentsUnregistrationGranularity:5]]
[2022.08.05-13.13.45:946][  0]LogConfig: Setting CVar [[s.FlushStreamingOnExit:1]]
[2022.08.05-13.13.45:946][  0]LogConfig: Applying CVar settings from Section [/Script/Engine.GarbageCollectionSettings] File [C:/Users/Jul/JahisCave-New/JahisCave_New/Saved/Config/Windows/Engine.ini]
[2022.08.05-13.13.45:946][  0]LogConfig: Setting CVar [[gc.MaxObjectsNotConsideredByGC:1]]
[2022.08.05-13.13.45:946][  0]LogConfig: Setting CVar [[gc.SizeOfPermanentObjectPool:0]]
[2022.08.05-13.13.45:946][  0]LogConfig: Setting CVar [[gc.FlushStreamingOnGC:0]]
[2022.08.05-13.13.45:946][  0]LogConfig: Setting CVar [[gc.NumRetriesBeforeForcingGC:10]]
[2022.08.05-13.13.45:946][  0]LogConfig: Setting CVar [[gc.AllowParallelGC:1]]
[2022.08.05-13.13.45:946][  0]LogConfig: Setting CVar [[gc.TimeBetweenPurgingPendingKillObjects:61.1]]
[2022.08.05-13.13.45:946][  0]LogConfig: Setting CVar [[gc.MaxObjectsInEditor:25165824]]
[2022.08.05-13.13.45:946][  0]LogConfig: Setting CVar [[gc.IncrementalBeginDestroyEnabled:1]]
[2022.08.05-13.13.45:946][  0]LogConfig: Setting CVar [[gc.CreateGCClusters:1]]
[2022.08.05-13.13.45:946][  0]LogConfig: Setting CVar [[gc.MinGCClusterSize:5]]
[2022.08.05-13.13.45:946][  0]LogConfig: Setting CVar [[gc.ActorClusteringEnabled:0]]
[2022.08.05-13.13.45:946][  0]LogConfig: Setting CVar [[gc.BlueprintClusteringEnabled:0]]
[2022.08.05-13.13.45:946][  0]LogConfig: Setting CVar [[gc.UseDisregardForGCOnDedicatedServers:0]]
[2022.08.05-13.13.45:946][  0]LogConfig: Setting CVar [[gc.MultithreadedDestructionEnabled:1]]
[2022.08.05-13.13.45:946][  0]LogConfig: Applying CVar settings from Section [/Script/Engine.NetworkSettings] File [C:/Users/Jul/JahisCave-New/JahisCave_New/Saved/Config/Windows/Engine.ini]
[2022.08.05-13.13.45:946][  0]LogConfig: Applying CVar settings from Section [/Script/UnrealEd.CookerSettings] File [C:/Users/Jul/JahisCave-New/JahisCave_New/Saved/Config/Windows/Engine.ini]
[2022.08.05-13.13.45:957][  0]LogConfig: Applying CVar settings from Section [ViewDistanceQuality@3] File [C:/Users/Jul/JahisCave-New/JahisCave_New/Saved/Config/Windows/Scalability.ini]
[2022.08.05-13.13.45:957][  0]LogConfig: Setting CVar [[r.SkeletalMeshLODBias:0]]
[2022.08.05-13.13.45:957][  0]LogConfig: Setting CVar [[r.ViewDistanceScale:1.0]]
[2022.08.05-13.13.45:957][  0]LogConfig: Applying CVar settings from Section [AntiAliasingQuality@3] File [C:/Users/Jul/JahisCave-New/JahisCave_New/Saved/Config/Windows/Scalability.ini]
[2022.08.05-13.13.45:957][  0]LogConfig: Setting CVar [[r.PostProcessAAQuality:4]]
[2022.08.05-13.13.45:957][  0]LogConfig: Applying CVar settings from Section [ShadowQuality@3] File [C:/Users/Jul/JahisCave-New/JahisCave_New/Saved/Config/Windows/Scalability.ini]
[2022.08.05-13.13.45:957][  0]LogConfig: Setting CVar [[r.LightFunctionQuality:1]]
[2022.08.05-13.13.45:957][  0]LogConfig: Setting CVar [[r.ShadowQuality:5]]
[2022.08.05-13.13.45:957][  0]LogConfig: Setting CVar [[r.Shadow.CSM.MaxCascades:10]]
[2022.08.05-13.13.45:957][  0]LogConfig: Setting CVar [[r.Shadow.MaxResolution:2048]]
[2022.08.05-13.13.45:958][  0]LogConfig: Setting CVar [[r.Shadow.MaxCSMResolution:2048]]
[2022.08.05-13.13.45:958][  0]LogConfig: Setting CVar [[r.Shadow.RadiusThreshold:0.01]]
[2022.08.05-13.13.45:958][  0]LogConfig: Setting CVar [[r.Shadow.DistanceScale:1.0]]
[2022.08.05-13.13.45:958][  0]LogConfig: Setting CVar [[r.Shadow.CSM.TransitionScale:1.0]]
[2022.08.05-13.13.45:958][  0]LogConfig: Setting CVar [[r.Shadow.PreShadowResolutionFactor:1.0]]
[2022.08.05-13.13.45:958][  0]LogConfig: Setting CVar [[r.DistanceFieldShadowing:1]]
[2022.08.05-13.13.45:958][  0]LogConfig: Setting CVar [[r.DistanceFieldAO:1]]
[2022.08.05-13.13.45:958][  0]LogConfig: Setting CVar [[r.AOQuality:2]]
[2022.08.05-13.13.45:958][  0]LogConfig: Setting CVar [[r.VolumetricFog:1]]
[2022.08.05-13.13.45:958][  0]LogConfig: Setting CVar [[r.VolumetricFog.GridPixelSize:8]]
[2022.08.05-13.13.45:958][  0]LogConfig: Setting CVar [[r.VolumetricFog.GridSizeZ:128]]
[2022.08.05-13.13.45:958][  0]LogConfig: Setting CVar [[r.VolumetricFog.HistoryMissSupersampleCount:4]]
[2022.08.05-13.13.45:958][  0]LogConfig: Setting CVar [[r.LightMaxDrawDistanceScale:1]]
[2022.08.05-13.13.45:958][  0]LogConfig: Setting CVar [[r.CapsuleShadows:1]]
[2022.08.05-13.13.45:958][  0]LogConfig: Applying CVar settings from Section [PostProcessQuality@3] File [C:/Users/Jul/JahisCave-New/JahisCave_New/Saved/Config/Windows/Scalability.ini]
[2022.08.05-13.13.45:958][  0]LogConfig: Setting CVar [[r.MotionBlurQuality:4]]
[2022.08.05-13.13.45:958][  0]LogConfig: Setting CVar [[r.AmbientOcclusionMipLevelFactor:0.4]]
[2022.08.05-13.13.45:958][  0]LogConfig: Setting CVar [[r.AmbientOcclusionMaxQuality:100]]
[2022.08.05-13.13.45:958][  0]LogConfig: Setting CVar [[r.AmbientOcclusionLevels:-1]]
[2022.08.05-13.13.45:958][  0]LogConfig: Setting CVar [[r.AmbientOcclusionRadiusScale:1.0]]
[2022.08.05-13.13.45:958][  0]LogConfig: Setting CVar [[r.DepthOfFieldQuality:2]]
[2022.08.05-13.13.45:958][  0]LogConfig: Setting CVar [[r.RenderTargetPoolMin:400]]
[2022.08.05-13.13.45:958][  0]LogConfig: Setting CVar [[r.LensFlareQuality:2]]
[2022.08.05-13.13.45:958][  0]LogConfig: Setting CVar [[r.SceneColorFringeQuality:1]]
[2022.08.05-13.13.45:958][  0]LogConfig: Setting CVar [[r.EyeAdaptationQuality:2]]
[2022.08.05-13.13.45:958][  0]LogConfig: Setting CVar [[r.BloomQuality:5]]
[2022.08.05-13.13.45:958][  0]LogConfig: Setting CVar [[r.FastBlurThreshold:100]]
[2022.08.05-13.13.45:958][  0]LogConfig: Setting CVar [[r.Upscale.Quality:3]]
[2022.08.05-13.13.45:958][  0]LogConfig: Setting CVar [[r.Tonemapper.GrainQuantization:1]]
[2022.08.05-13.13.45:958][  0]LogConfig: Setting CVar [[r.LightShaftQuality:1]]
[2022.08.05-13.13.45:958][  0]LogConfig: Setting CVar [[r.Filter.SizeScale:1]]
[2022.08.05-13.13.45:958][  0]LogConfig: Setting CVar [[r.Tonemapper.Quality:5]]
[2022.08.05-13.13.45:958][  0]LogConfig: Setting CVar [[r.DOF.Gather.AccumulatorQuality:1        ; higher gathering accumulator quality]]
[2022.08.05-13.13.45:958][  0]LogConfig: Setting CVar [[r.DOF.Gather.PostfilterMethod:1          ; Median3x3 postfilering method]]
[2022.08.05-13.13.45:958][  0]LogConfig: Setting CVar [[r.DOF.Gather.EnableBokehSettings:0       ; no bokeh simulation when gathering]]
[2022.08.05-13.13.45:958][  0]LogConfig: Setting CVar [[r.DOF.Gather.RingCount:4                 ; medium number of samples when gathering]]
[2022.08.05-13.13.45:958][  0]LogConfig: Setting CVar [[r.DOF.Scatter.ForegroundCompositing:1    ; additive foreground scattering]]
[2022.08.05-13.13.45:958][  0]LogConfig: Setting CVar [[r.DOF.Scatter.BackgroundCompositing:2    ; additive background scattering]]
[2022.08.05-13.13.45:958][  0]LogConfig: Setting CVar [[r.DOF.Scatter.EnableBokehSettings:1      ; bokeh simulation when scattering]]
[2022.08.05-13.13.45:958][  0]LogConfig: Setting CVar [[r.DOF.Scatter.MaxSpriteRatio:0.1         ; only a maximum of 10% of scattered bokeh]]
[2022.08.05-13.13.45:958][  0]LogConfig: Setting CVar [[r.DOF.Recombine.Quality:1                ; cheap slight out of focus]]
[2022.08.05-13.13.45:958][  0]LogConfig: Setting CVar [[r.DOF.Recombine.EnableBokehSettings:0    ; no bokeh simulation on slight out of focus]]
[2022.08.05-13.13.45:958][  0]LogConfig: Setting CVar [[r.DOF.TemporalAAQuality:1                ; more stable temporal accumulation]]
[2022.08.05-13.13.45:958][  0]LogConfig: Setting CVar [[r.DOF.Kernel.MaxForegroundRadius:0.025]]
[2022.08.05-13.13.45:958][  0]LogConfig: Setting CVar [[r.DOF.Kernel.MaxBackgroundRadius:0.025]]
[2022.08.05-13.13.45:958][  0]LogConfig: Applying CVar settings from Section [TextureQuality@3] File [C:/Users/Jul/JahisCave-New/JahisCave_New/Saved/Config/Windows/Scalability.ini]
[2022.08.05-13.13.45:958][  0]LogConfig: Setting CVar [[r.Streaming.MipBias:0]]
[2022.08.05-13.13.45:958][  0]LogConfig: Setting CVar [[r.Streaming.AmortizeCPUToGPUCopy:0]]
[2022.08.05-13.13.45:958][  0]LogConfig: Setting CVar [[r.Streaming.MaxNumTexturesToStreamPerFrame:0]]
[2022.08.05-13.13.45:958][  0]LogConfig: Setting CVar [[r.Streaming.Boost:1]]
[2022.08.05-13.13.45:958][  0]LogConfig: Setting CVar [[r.MaxAnisotropy:8]]
[2022.08.05-13.13.45:958][  0]LogConfig: Setting CVar [[r.VT.MaxAnisotropy:8]]
[2022.08.05-13.13.45:958][  0]LogConfig: Setting CVar [[r.Streaming.LimitPoolSizeToVRAM:0]]
[2022.08.05-13.13.45:958][  0]LogConfig: Setting CVar [[r.Streaming.PoolSize:1000]]
[2022.08.05-13.13.45:958][  0]LogConfig: Setting CVar [[r.Streaming.MaxEffectiveScreenSize:0]]
[2022.08.05-13.13.45:958][  0]LogConfig: Applying CVar settings from Section [EffectsQuality@3] File [C:/Users/Jul/JahisCave-New/JahisCave_New/Saved/Config/Windows/Scalability.ini]
[2022.08.05-13.13.45:958][  0]LogConfig: Setting CVar [[r.TranslucencyLightingVolumeDim:64]]
[2022.08.05-13.13.45:958][  0]LogConfig: Setting CVar [[r.RefractionQuality:2]]
[2022.08.05-13.13.45:959][  0]LogConfig: Setting CVar [[r.SSR.Quality:3]]
[2022.08.05-13.13.45:959][  0]LogConfig: Setting CVar [[r.SSR.HalfResSceneColor:0]]
[2022.08.05-13.13.45:959][  0]LogConfig: Setting CVar [[r.SceneColorFormat:4]]
[2022.08.05-13.13.45:959][  0]LogConfig: Setting CVar [[r.DetailMode:2]]
[2022.08.05-13.13.45:959][  0]LogConfig: Setting CVar [[r.TranslucencyVolumeBlur:1]]
[2022.08.05-13.13.45:959][  0]LogConfig: Setting CVar [[r.MaterialQualityLevel:1 ; High quality]]
[2022.08.05-13.13.45:959][  0]LogConfig: Setting CVar [[r.AnisotropicMaterials:1]]
[2022.08.05-13.13.45:959][  0]LogConfig: Setting CVar [[r.SSS.Scale:1]]
[2022.08.05-13.13.45:959][  0]LogConfig: Setting CVar [[r.SSS.SampleSet:2]]
[2022.08.05-13.13.45:959][  0]LogConfig: Setting CVar [[r.SSS.Quality:1]]
[2022.08.05-13.13.45:959][  0]LogConfig: Setting CVar [[r.SSS.HalfRes:0]]
[2022.08.05-13.13.45:959][  0]LogConfig: Setting CVar [[r.SSGI.Quality:3]]
[2022.08.05-13.13.45:959][  0]LogConfig: Setting CVar [[r.EmitterSpawnRateScale:1.0]]
[2022.08.05-13.13.45:959][  0]LogConfig: Setting CVar [[r.ParticleLightQuality:2]]
[2022.08.05-13.13.45:959][  0]LogConfig: Setting CVar [[r.SkyAtmosphere.AerialPerspectiveLUT.FastApplyOnOpaque:1 ; Always have FastSkyLUT 1 in this case to avoid wrong sky]]
[2022.08.05-13.13.45:959][  0]LogConfig: Setting CVar [[r.SkyAtmosphere.AerialPerspectiveLUT.SampleCountMaxPerSlice:4]]
[2022.08.05-13.13.45:959][  0]LogConfig: Setting CVar [[r.SkyAtmosphere.AerialPerspectiveLUT.DepthResolution:16.0]]
[2022.08.05-13.13.45:959][  0]LogConfig: Setting CVar [[r.SkyAtmosphere.FastSkyLUT:1]]
[2022.08.05-13.13.45:959][  0]LogConfig: Setting CVar [[r.SkyAtmosphere.FastSkyLUT.SampleCountMin:4.0]]
[2022.08.05-13.13.45:959][  0]LogConfig: Setting CVar [[r.SkyAtmosphere.FastSkyLUT.SampleCountMax:128.0]]
[2022.08.05-13.13.45:959][  0]LogConfig: Setting CVar [[r.SkyAtmosphere.SampleCountMin:4.0]]
[2022.08.05-13.13.45:959][  0]LogConfig: Setting CVar [[r.SkyAtmosphere.SampleCountMax:128.0]]
[2022.08.05-13.13.45:959][  0]LogConfig: Setting CVar [[r.SkyAtmosphere.TransmittanceLUT.UseSmallFormat:0]]
[2022.08.05-13.13.45:959][  0]LogConfig: Setting CVar [[r.SkyAtmosphere.TransmittanceLUT.SampleCount:10.0]]
[2022.08.05-13.13.45:959][  0]LogConfig: Setting CVar [[r.SkyAtmosphere.MultiScatteringLUT.SampleCount:15.0]]
[2022.08.05-13.13.45:959][  0]LogConfig: Setting CVar [[r.SkyLight.RealTimeReflectionCapture:1]]
[2022.08.05-13.13.45:959][  0]LogConfig: Applying CVar settings from Section [FoliageQuality@3] File [C:/Users/Jul/JahisCave-New/JahisCave_New/Saved/Config/Windows/Scalability.ini]
[2022.08.05-13.13.45:959][  0]LogConfig: Setting CVar [[foliage.DensityScale:1.0]]
[2022.08.05-13.13.45:959][  0]LogConfig: Setting CVar [[grass.DensityScale:1.0]]
[2022.08.05-13.13.45:959][  0]LogConfig: Applying CVar settings from Section [ShadingQuality@3] File [C:/Users/Jul/JahisCave-New/JahisCave_New/Saved/Config/Windows/Scalability.ini]
[2022.08.05-13.13.45:959][  0]LogConfig: Setting CVar [[r.HairStrands.SkyLighting.IntegrationType:2]]
[2022.08.05-13.13.45:959][  0]LogConfig: Setting CVar [[r.HairStrands.SkyAO.SampleCount:4]]
[2022.08.05-13.13.45:959][  0]LogConfig: Setting CVar [[r.HairStrands.Visibility.MSAA.SamplePerPixel:4]]
[2022.08.05-13.13.45:959][  0]LogInit: Selected Device Profile: [Windows]
[2022.08.05-13.13.45:959][  0]LogInit: Applying CVar settings loaded from the selected device profile: [Windows]
[2022.08.05-13.13.45:959][  0]LogHAL: Display: Platform has ~ 16 GB [16965230592 / 17179869184 / 16], which maps to Larger [LargestMinGB=32, LargerMinGB=12, DefaultMinGB=8, SmallerMinGB=6, SmallestMinGB=0)
[2022.08.05-13.13.45:959][  0]LogInit: Going up to parent DeviceProfile []
[2022.08.05-13.13.45:960][  0]LogConfig: Applying CVar settings from Section [ViewDistanceQuality@3] File [C:/Users/Jul/JahisCave-New/JahisCave_New/Saved/Config/Windows/Scalability.ini]
[2022.08.05-13.13.45:960][  0]LogConfig: Setting CVar [[r.SkeletalMeshLODBias:0]]
[2022.08.05-13.13.45:960][  0]LogConfig: Setting CVar [[r.ViewDistanceScale:1.0]]
[2022.08.05-13.13.45:960][  0]LogConfig: Applying CVar settings from Section [AntiAliasingQuality@3] File [C:/Users/Jul/JahisCave-New/JahisCave_New/Saved/Config/Windows/Scalability.ini]
[2022.08.05-13.13.45:960][  0]LogConfig: Setting CVar [[r.PostProcessAAQuality:4]]
[2022.08.05-13.13.45:960][  0]LogConfig: Applying CVar settings from Section [ShadowQuality@3] File [C:/Users/Jul/JahisCave-New/JahisCave_New/Saved/Config/Windows/Scalability.ini]
[2022.08.05-13.13.45:960][  0]LogConfig: Setting CVar [[r.LightFunctionQuality:1]]
[2022.08.05-13.13.45:960][  0]LogConfig: Setting CVar [[r.ShadowQuality:5]]
[2022.08.05-13.13.45:960][  0]LogConfig: Setting CVar [[r.Shadow.CSM.MaxCascades:10]]
[2022.08.05-13.13.45:960][  0]LogConfig: Setting CVar [[r.Shadow.MaxResolution:2048]]
[2022.08.05-13.13.45:960][  0]LogConfig: Setting CVar [[r.Shadow.MaxCSMResolution:2048]]
[2022.08.05-13.13.45:960][  0]LogConfig: Setting CVar [[r.Shadow.RadiusThreshold:0.01]]
[2022.08.05-13.13.45:960][  0]LogConfig: Setting CVar [[r.Shadow.DistanceScale:1.0]]
[2022.08.05-13.13.45:960][  0]LogConfig: Setting CVar [[r.Shadow.CSM.TransitionScale:1.0]]
[2022.08.05-13.13.45:960][  0]LogConfig: Setting CVar [[r.Shadow.PreShadowResolutionFactor:1.0]]
[2022.08.05-13.13.45:960][  0]LogConfig: Setting CVar [[r.DistanceFieldShadowing:1]]
[2022.08.05-13.13.45:960][  0]LogConfig: Setting CVar [[r.DistanceFieldAO:1]]
[2022.08.05-13.13.45:960][  0]LogConfig: Setting CVar [[r.AOQuality:2]]
[2022.08.05-13.13.45:960][  0]LogConfig: Setting CVar [[r.VolumetricFog:1]]
[2022.08.05-13.13.45:960][  0]LogConfig: Setting CVar [[r.VolumetricFog.GridPixelSize:8]]
[2022.08.05-13.13.45:960][  0]LogConfig: Setting CVar [[r.VolumetricFog.GridSizeZ:128]]
[2022.08.05-13.13.45:960][  0]LogConfig: Setting CVar [[r.VolumetricFog.HistoryMissSupersampleCount:4]]
[2022.08.05-13.13.45:960][  0]LogConfig: Setting CVar [[r.LightMaxDrawDistanceScale:1]]
[2022.08.05-13.13.45:960][  0]LogConfig: Setting CVar [[r.CapsuleShadows:1]]
[2022.08.05-13.13.45:960][  0]LogConfig: Applying CVar settings from Section [PostProcessQuality@3] File [C:/Users/Jul/JahisCave-New/JahisCave_New/Saved/Config/Windows/Scalability.ini]
[2022.08.05-13.13.45:960][  0]LogConfig: Setting CVar [[r.MotionBlurQuality:4]]
[2022.08.05-13.13.45:960][  0]LogConfig: Setting CVar [[r.AmbientOcclusionMipLevelFactor:0.4]]
[2022.08.05-13.13.45:960][  0]LogConfig: Setting CVar [[r.AmbientOcclusionMaxQuality:100]]
[2022.08.05-13.13.45:960][  0]LogConfig: Setting CVar [[r.AmbientOcclusionLevels:-1]]
[2022.08.05-13.13.45:960][  0]LogConfig: Setting CVar [[r.AmbientOcclusionRadiusScale:1.0]]
[2022.08.05-13.13.45:960][  0]LogConfig: Setting CVar [[r.DepthOfFieldQuality:2]]
[2022.08.05-13.13.45:960][  0]LogConfig: Setting CVar [[r.RenderTargetPoolMin:400]]
[2022.08.05-13.13.45:960][  0]LogConfig: Setting CVar [[r.LensFlareQuality:2]]
[2022.08.05-13.13.45:960][  0]LogConfig: Setting CVar [[r.SceneColorFringeQuality:1]]
[2022.08.05-13.13.45:960][  0]LogConfig: Setting CVar [[r.EyeAdaptationQuality:2]]
[2022.08.05-13.13.45:960][  0]LogConfig: Setting CVar [[r.BloomQuality:5]]
[2022.08.05-13.13.45:960][  0]LogConfig: Setting CVar [[r.FastBlurThreshold:100]]
[2022.08.05-13.13.45:960][  0]LogConfig: Setting CVar [[r.Upscale.Quality:3]]
[2022.08.05-13.13.45:960][  0]LogConfig: Setting CVar [[r.Tonemapper.GrainQuantization:1]]
[2022.08.05-13.13.45:960][  0]LogConfig: Setting CVar [[r.LightShaftQuality:1]]
[2022.08.05-13.13.45:960][  0]LogConfig: Setting CVar [[r.Filter.SizeScale:1]]
[2022.08.05-13.13.45:960][  0]LogConfig: Setting CVar [[r.Tonemapper.Quality:5]]
[2022.08.05-13.13.45:960][  0]LogConfig: Setting CVar [[r.DOF.Gather.AccumulatorQuality:1        ; higher gathering accumulator quality]]
[2022.08.05-13.13.45:960][  0]LogConfig: Setting CVar [[r.DOF.Gather.PostfilterMethod:1          ; Median3x3 postfilering method]]
[2022.08.05-13.13.45:960][  0]LogConfig: Setting CVar [[r.DOF.Gather.EnableBokehSettings:0       ; no bokeh simulation when gathering]]
[2022.08.05-13.13.45:960][  0]LogConfig: Setting CVar [[r.DOF.Gather.RingCount:4                 ; medium number of samples when gathering]]
[2022.08.05-13.13.45:960][  0]LogConfig: Setting CVar [[r.DOF.Scatter.ForegroundCompositing:1    ; additive foreground scattering]]
[2022.08.05-13.13.45:960][  0]LogConfig: Setting CVar [[r.DOF.Scatter.BackgroundCompositing:2    ; additive background scattering]]
[2022.08.05-13.13.45:960][  0]LogConfig: Setting CVar [[r.DOF.Scatter.EnableBokehSettings:1      ; bokeh simulation when scattering]]
[2022.08.05-13.13.45:960][  0]LogConfig: Setting CVar [[r.DOF.Scatter.MaxSpriteRatio:0.1         ; only a maximum of 10% of scattered bokeh]]
[2022.08.05-13.13.45:960][  0]LogConfig: Setting CVar [[r.DOF.Recombine.Quality:1                ; cheap slight out of focus]]
[2022.08.05-13.13.45:960][  0]LogConfig: Setting CVar [[r.DOF.Recombine.EnableBokehSettings:0    ; no bokeh simulation on slight out of focus]]
[2022.08.05-13.13.45:960][  0]LogConfig: Setting CVar [[r.DOF.TemporalAAQuality:1                ; more stable temporal accumulation]]
[2022.08.05-13.13.45:960][  0]LogConfig: Setting CVar [[r.DOF.Kernel.MaxForegroundRadius:0.025]]
[2022.08.05-13.13.45:960][  0]LogConfig: Setting CVar [[r.DOF.Kernel.MaxBackgroundRadius:0.025]]
[2022.08.05-13.13.45:960][  0]LogConfig: Applying CVar settings from Section [TextureQuality@3] File [C:/Users/Jul/JahisCave-New/JahisCave_New/Saved/Config/Windows/Scalability.ini]
[2022.08.05-13.13.45:960][  0]LogConfig: Setting CVar [[r.Streaming.MipBias:0]]
[2022.08.05-13.13.45:960][  0]LogConfig: Setting CVar [[r.Streaming.AmortizeCPUToGPUCopy:0]]
[2022.08.05-13.13.45:960][  0]LogConfig: Setting CVar [[r.Streaming.MaxNumTexturesToStreamPerFrame:0]]
[2022.08.05-13.13.45:960][  0]LogConfig: Setting CVar [[r.Streaming.Boost:1]]
[2022.08.05-13.13.45:960][  0]LogConfig: Setting CVar [[r.MaxAnisotropy:8]]
[2022.08.05-13.13.45:960][  0]LogConfig: Setting CVar [[r.VT.MaxAnisotropy:8]]
[2022.08.05-13.13.45:960][  0]LogConfig: Setting CVar [[r.Streaming.LimitPoolSizeToVRAM:0]]
[2022.08.05-13.13.45:960][  0]LogConfig: Setting CVar [[r.Streaming.PoolSize:1000]]
[2022.08.05-13.13.45:960][  0]LogConfig: Setting CVar [[r.Streaming.MaxEffectiveScreenSize:0]]
[2022.08.05-13.13.45:960][  0]LogConfig: Applying CVar settings from Section [EffectsQuality@3] File [C:/Users/Jul/JahisCave-New/JahisCave_New/Saved/Config/Windows/Scalability.ini]
[2022.08.05-13.13.45:960][  0]LogConfig: Setting CVar [[r.TranslucencyLightingVolumeDim:64]]
[2022.08.05-13.13.45:960][  0]LogConfig: Setting CVar [[r.RefractionQuality:2]]
[2022.08.05-13.13.45:960][  0]LogConfig: Setting CVar [[r.SSR.Quality:3]]
[2022.08.05-13.13.45:960][  0]LogConfig: Setting CVar [[r.SSR.HalfResSceneColor:0]]
[2022.08.05-13.13.45:961][  0]LogConfig: Setting CVar [[r.SceneColorFormat:4]]
[2022.08.05-13.13.45:961][  0]LogConfig: Setting CVar [[r.DetailMode:2]]
[2022.08.05-13.13.45:961][  0]LogConfig: Setting CVar [[r.TranslucencyVolumeBlur:1]]
[2022.08.05-13.13.45:961][  0]LogConfig: Setting CVar [[r.MaterialQualityLevel:1 ; High quality]]
[2022.08.05-13.13.45:961][  0]LogConfig: Setting CVar [[r.AnisotropicMaterials:1]]
[2022.08.05-13.13.45:961][  0]LogConfig: Setting CVar [[r.SSS.Scale:1]]
[2022.08.05-13.13.45:961][  0]LogConfig: Setting CVar [[r.SSS.SampleSet:2]]
[2022.08.05-13.13.45:961][  0]LogConfig: Setting CVar [[r.SSS.Quality:1]]
[2022.08.05-13.13.45:961][  0]LogConfig: Setting CVar [[r.SSS.HalfRes:0]]
[2022.08.05-13.13.45:961][  0]LogConfig: Setting CVar [[r.SSGI.Quality:3]]
[2022.08.05-13.13.45:961][  0]LogConfig: Setting CVar [[r.EmitterSpawnRateScale:1.0]]
[2022.08.05-13.13.45:961][  0]LogConfig: Setting CVar [[r.ParticleLightQuality:2]]
[2022.08.05-13.13.45:961][  0]LogConfig: Setting CVar [[r.SkyAtmosphere.AerialPerspectiveLUT.FastApplyOnOpaque:1 ; Always have FastSkyLUT 1 in this case to avoid wrong sky]]
[2022.08.05-13.13.45:961][  0]LogConfig: Setting CVar [[r.SkyAtmosphere.AerialPerspectiveLUT.SampleCountMaxPerSlice:4]]
[2022.08.05-13.13.45:961][  0]LogConfig: Setting CVar [[r.SkyAtmosphere.AerialPerspectiveLUT.DepthResolution:16.0]]
[2022.08.05-13.13.45:961][  0]LogConfig: Setting CVar [[r.SkyAtmosphere.FastSkyLUT:1]]
[2022.08.05-13.13.45:961][  0]LogConfig: Setting CVar [[r.SkyAtmosphere.FastSkyLUT.SampleCountMin:4.0]]
[2022.08.05-13.13.45:961][  0]LogConfig: Setting CVar [[r.SkyAtmosphere.FastSkyLUT.SampleCountMax:128.0]]
[2022.08.05-13.13.45:961][  0]LogConfig: Setting CVar [[r.SkyAtmosphere.SampleCountMin:4.0]]
[2022.08.05-13.13.45:961][  0]LogConfig: Setting CVar [[r.SkyAtmosphere.SampleCountMax:128.0]]
[2022.08.05-13.13.45:961][  0]LogConfig: Setting CVar [[r.SkyAtmosphere.TransmittanceLUT.UseSmallFormat:0]]
[2022.08.05-13.13.45:961][  0]LogConfig: Setting CVar [[r.SkyAtmosphere.TransmittanceLUT.SampleCount:10.0]]
[2022.08.05-13.13.45:961][  0]LogConfig: Setting CVar [[r.SkyAtmosphere.MultiScatteringLUT.SampleCount:15.0]]
[2022.08.05-13.13.45:961][  0]LogConfig: Setting CVar [[r.SkyLight.RealTimeReflectionCapture:1]]
[2022.08.05-13.13.45:961][  0]LogConfig: Applying CVar settings from Section [FoliageQuality@3] File [C:/Users/Jul/JahisCave-New/JahisCave_New/Saved/Config/Windows/Scalability.ini]
[2022.08.05-13.13.45:961][  0]LogConfig: Setting CVar [[foliage.DensityScale:1.0]]
[2022.08.05-13.13.45:961][  0]LogConfig: Setting CVar [[grass.DensityScale:1.0]]
[2022.08.05-13.13.45:961][  0]LogConfig: Applying CVar settings from Section [ShadingQuality@3] File [C:/Users/Jul/JahisCave-New/JahisCave_New/Saved/Config/Windows/Scalability.ini]
[2022.08.05-13.13.45:961][  0]LogConfig: Setting CVar [[r.HairStrands.SkyLighting.IntegrationType:2]]
[2022.08.05-13.13.45:961][  0]LogConfig: Setting CVar [[r.HairStrands.SkyAO.SampleCount:4]]
[2022.08.05-13.13.45:961][  0]LogConfig: Setting CVar [[r.HairStrands.Visibility.MSAA.SamplePerPixel:4]]
[2022.08.05-13.13.45:961][  0]LogConfig: Applying CVar settings from Section [Startup] File [../../../Engine/Config/ConsoleVariables.ini]
[2022.08.05-13.13.45:965][  0]LogConfig: Setting CVar [[net.UseAdaptiveNetUpdateFrequency:0]]
[2022.08.05-13.13.45:965][  0]LogConfig: Setting CVar [[p.chaos.AllowCreatePhysxBodies:1]]
[2022.08.05-13.13.45:965][  0]LogConfig: Setting CVar [[fx.SkipVectorVMBackendOptimizations:1]]
[2022.08.05-13.13.45:965][  0]LogConfig: Applying CVar settings from Section [ConsoleVariables] File [C:/Users/Jul/JahisCave-New/JahisCave_New/Saved/Config/Windows/Engine.ini]
[2022.08.05-13.13.45:965][  0]LogConfig: Applying CVar settings from Section [ConsoleVariables] File [C:/Users/Jul/JahisCave-New/JahisCave_New/Saved/Config/Windows/Editor.ini]
[2022.08.05-13.13.45:965][  0]LogInit: Computer: LAPTOP-O2FJ456T
[2022.08.05-13.13.45:965][  0]LogInit: User: Jul
[2022.08.05-13.13.45:965][  0]LogInit: CPU Page size=4096, Cores=4
[2022.08.05-13.13.45:965][  0]LogInit: High frequency timer resolution =10.000000 MHz
[2022.08.05-13.13.45:966][  0]LogMemory: Memory total: Physical=15.8GB (16GB approx)
[2022.08.05-13.13.45:966][  0]LogMemory: Platform Memory Stats for Windows
[2022.08.05-13.13.45:966][  0]LogMemory: Process Physical Memory: 142.60 MB used, 142.60 MB peak
[2022.08.05-13.13.45:966][  0]LogMemory: Process Virtual Memory: 126.81 MB used, 126.81 MB peak
[2022.08.05-13.13.45:966][  0]LogMemory: Physical Memory: 9471.96 MB used,  6707.34 MB free, 16179.30 MB total
[2022.08.05-13.13.45:966][  0]LogMemory: Virtual Memory: 134204464.00 MB used,  13262.44 MB free, 134217728.00 MB total
[2022.08.05-13.13.45:977][  0]LogWindows: WindowsPlatformFeatures enabled
[2022.08.05-13.13.46:029][  0]LogInit: Physics initialised using underlying interface: PhysX
[2022.08.05-13.13.46:030][  0]LogInit: Using OS detected language (de-DE).
[2022.08.05-13.13.46:030][  0]LogInit: Using OS detected locale (de-DE).
[2022.08.05-13.13.46:041][  0]LogTextLocalizationManager: No specific localization for 'de-DE' exists, so the 'de' localization will be used.
[2022.08.05-13.13.46:044][  0]LogTextLocalizationResource: LocRes '../../../Engine/Content/Localization/Editor/de/Editor.locres' could not be opened for reading!
[2022.08.05-13.13.46:044][  0]LogTextLocalizationResource: LocRes '../../../Engine/Content/Localization/EditorTutorials/de/EditorTutorials.locres' could not be opened for reading!
[2022.08.05-13.13.46:044][  0]LogTextLocalizationResource: LocRes '../../../Engine/Content/Localization/Keywords/de/Keywords.locres' could not be opened for reading!
[2022.08.05-13.13.46:045][  0]LogTextLocalizationResource: LocRes '../../../Engine/Content/Localization/Category/de/Category.locres' could not be opened for reading!
[2022.08.05-13.13.46:045][  0]LogTextLocalizationResource: LocRes '../../../Engine/Content/Localization/ToolTips/de/ToolTips.locres' could not be opened for reading!
[2022.08.05-13.13.46:045][  0]LogTextLocalizationResource: LocRes '../../../Engine/Content/Localization/PropertyNames/de/PropertyNames.locres' could not be opened for reading!
[2022.08.05-13.13.46:045][  0]LogTextLocalizationResource: LocRes '../../../Engine/Content/Localization/Engine/de/Engine.locres' could not be opened for reading!
[2022.08.05-13.13.46:058][  0]LogWindowsTextInputMethodSystem: Display: IME system deactivated.
[2022.08.05-13.13.46:097][  0]LogSlate: New Slate User Created.  User Index 0, Is Virtual User: 0
[2022.08.05-13.13.46:097][  0]LogSlate: Slate User Registered.  User Index 0, Is Virtual User: 0
[2022.08.05-13.13.46:121][  0]LogD3D11RHI: Loaded GFSDK_Aftermath_Lib.x64.dll
[2022.08.05-13.13.46:164][  0]LogHMD: Failed to initialize OpenVR with code 110
[2022.08.05-13.13.46:164][  0]LogD3D11RHI: D3D11 min allowed feature level: 11_0
[2022.08.05-13.13.46:164][  0]LogD3D11RHI: D3D11 max allowed feature level: 11_0
[2022.08.05-13.13.46:164][  0]LogD3D11RHI: D3D11 adapters:
[2022.08.05-13.13.46:272][  0]LogD3D11RHI:    0. 'NVIDIA GeForce RTX 3060 Laptop GPU' (Feature Level 11_0)
[2022.08.05-13.13.46:272][  0]LogD3D11RHI:       6023/0/8089 MB DedicatedVideo/DedicatedSystem/SharedSystem, Outputs:1, VendorId:0x10de
[2022.08.05-13.13.46:334][  0]LogD3D11RHI:    1. 'Intel(R) Iris(R) Xe Graphics' (Feature Level 11_0)
[2022.08.05-13.13.46:334][  0]LogD3D11RHI:       128/0/8089 MB DedicatedVideo/DedicatedSystem/SharedSystem, Outputs:0, VendorId:0x8086
[2022.08.05-13.13.46:336][  0]LogD3D11RHI:    2. 'Microsoft Basic Render Driver' (Feature Level 11_0)
[2022.08.05-13.13.46:336][  0]LogD3D11RHI:       0/0/8089 MB DedicatedVideo/DedicatedSystem/SharedSystem, Outputs:0, VendorId:0x1414
[2022.08.05-13.13.46:336][  0]LogD3D11RHI: Chosen D3D11 Adapter:
[2022.08.05-13.13.46:336][  0]LogD3D11RHI:     Description : NVIDIA GeForce RTX 3060 Laptop GPU
[2022.08.05-13.13.46:336][  0]LogD3D11RHI:     VendorId    : 10de
[2022.08.05-13.13.46:336][  0]LogD3D11RHI:     DeviceId    : 2520
[2022.08.05-13.13.46:336][  0]LogD3D11RHI:     SubSysId    : 15261025
[2022.08.05-13.13.46:336][  0]LogD3D11RHI:     Revision    : 00a1
[2022.08.05-13.13.46:336][  0]LogD3D11RHI:     DedicatedVideoMemory : 6315573248 bytes
[2022.08.05-13.13.46:336][  0]LogD3D11RHI:     DedicatedSystemMemory : 0 bytes
[2022.08.05-13.13.46:336][  0]LogD3D11RHI:     SharedSystemMemory : 8482615296 bytes
[2022.08.05-13.13.46:336][  0]LogD3D11RHI:     AdapterLuid : 0 66444
[2022.08.05-13.13.46:343][  0]LogD3D11RHI: Creating new Direct3DDevice
[2022.08.05-13.13.46:343][  0]LogD3D11RHI:     GPU DeviceId: 0x2520 (for the marketing name, search the web for "GPU Device Id")
[2022.08.05-13.13.46:343][  0]LogWindows: EnumDisplayDevices:
[2022.08.05-13.13.46:343][  0]LogWindows:    0. 'Intel(R) Iris(R) Xe Graphics' (P:1 D:1)
[2022.08.05-13.13.46:343][  0]LogWindows:    1. 'Intel(R) Iris(R) Xe Graphics' (P:0 D:0)
[2022.08.05-13.13.46:343][  0]LogWindows:    2. 'Intel(R) Iris(R) Xe Graphics' (P:0 D:0)
[2022.08.05-13.13.46:343][  0]LogWindows:    3. 'Intel(R) Iris(R) Xe Graphics' (P:0 D:0)
[2022.08.05-13.13.46:344][  0]LogWindows:    4. 'NVIDIA GeForce RTX 3060 Laptop GPU' (P:0 D:0)
[2022.08.05-13.13.46:344][  0]LogWindows: DebugString: PrimaryIsNotTheChoosenAdapter PrimaryIsNotTheChoosenAdapter PrimaryIsNotTheChoosenAdapter PrimaryIsNotTheChoosenAdapter 
[2022.08.05-13.13.46:344][  0]LogD3D11RHI:     Adapter Name: NVIDIA GeForce RTX 3060 Laptop GPU
[2022.08.05-13.13.46:344][  0]LogD3D11RHI:   Driver Version: 461.72 (internal:27.21.14.6172, unified:461.72)
[2022.08.05-13.13.46:344][  0]LogD3D11RHI:      Driver Date: 2-23-2021
[2022.08.05-13.13.46:344][  0]LogRHI: Texture pool is 4216 MB (70% of 6023 MB)
[2022.08.05-13.13.46:344][  0]LogD3D11RHI: Creating D3DDevice using adapter:
[2022.08.05-13.13.46:344][  0]LogD3D11RHI:     Description : NVIDIA GeForce RTX 3060 Laptop GPU
[2022.08.05-13.13.46:344][  0]LogD3D11RHI:     VendorId    : 10de
[2022.08.05-13.13.46:344][  0]LogD3D11RHI:     DeviceId    : 2520
[2022.08.05-13.13.46:344][  0]LogD3D11RHI:     SubSysId    : 15261025
[2022.08.05-13.13.46:344][  0]LogD3D11RHI:     Revision    : 00a1
[2022.08.05-13.13.46:344][  0]LogD3D11RHI:     DedicatedVideoMemory : 6315573248 bytes
[2022.08.05-13.13.46:344][  0]LogD3D11RHI:     DedicatedSystemMemory : 0 bytes
[2022.08.05-13.13.46:344][  0]LogD3D11RHI:     SharedSystemMemory : 8482615296 bytes
[2022.08.05-13.13.46:344][  0]LogD3D11RHI:     AdapterLuid : 0 66444
[2022.08.05-13.13.46:409][  0]LogD3D11RHI: RHI has support for 64 bit atomics
[2022.08.05-13.13.46:409][  0]LogD3D11RHI: Async texture creation enabled
[2022.08.05-13.13.46:409][  0]LogD3D11RHI: Array index from any shader is supported
[2022.08.05-13.13.46:424][  0]LogD3D11RHI: GPU Timing Frequency: 1000.000000 (Debug: 2 1)
[2022.08.05-13.13.46:448][  0]LogRHI: GeForceNow SDK initialized: 1
[2022.08.05-13.13.46:815][  0]LogTargetPlatformManager: Display: Loaded TargetPlatform 'WindowsNoEditor'
[2022.08.05-13.13.46:822][  0]LogTargetPlatformManager: Display: Loaded TargetPlatform 'Windows'
[2022.08.05-13.13.46:828][  0]LogTargetPlatformManager: Display: Loaded TargetPlatform 'WindowsClient'
[2022.08.05-13.13.46:834][  0]LogTargetPlatformManager: Display: Loaded TargetPlatform 'WindowsServer'
[2022.08.05-13.13.46:834][  0]LogTargetPlatformManager: Display: Building Assets For Windows
[2022.08.05-13.13.46:841][  0]LogAudioDebug: Display: Lib vorbis DLL was dynamically loaded.
[2022.08.05-13.13.46:884][  0]LogTextureFormatOodle: Display: Oodle Texture 2.9.0 init RDO Off
[2022.08.05-13.13.46:925][  0]LogRendererCore: Ray tracing is disabled. Reason: r.RayTracing=0.
[2022.08.05-13.13.46:925][  0]LogShaderCompilers: Guid format shader working directory is -12 characters bigger than the processId version (../../../../../../Users/Jul/JahisCave-New/JahisCave_New/Intermediate/Shaders/WorkingDirectory/21340/).
[2022.08.05-13.13.46:925][  0]LogShaderCompilers: Cleaned the shader compiler working directory 'C:/Users/Jul/AppData/Local/Temp/UnrealShaderWorkingDir/DB988A454A0CB969832A69B0B167EB59/'.
[2022.08.05-13.13.46:925][  0]LogXGEController: Cannot use XGE Controller as Incredibuild is not installed on this machine.
[2022.08.05-13.13.46:925][  0]LogShaderCompilers: Cannot use XGE Shader Compiler as Incredibuild is not installed on this machine.
[2022.08.05-13.13.46:925][  0]LogShaderCompilers: Display: Using Local Shader Compiler.
[2022.08.05-13.13.47:741][  0]LogDerivedDataCache: Display: Max Cache Size: 512 MB
[2022.08.05-13.13.47:826][  0]LogDerivedDataCache: Loaded boot cache 0.08s 94MB C:/Users/Jul/AppData/Local/UnrealEngine/4.27/DerivedDataCache/Boot.ddc.
[2022.08.05-13.13.47:826][  0]LogDerivedDataCache: Display: Loaded Boot cache: C:/Users/Jul/AppData/Local/UnrealEngine/4.27/DerivedDataCache/Boot.ddc
[2022.08.05-13.13.47:826][  0]LogDerivedDataCache: FDerivedDataBackendGraph:  Pak pak cache file ../../../../../../Users/Jul/JahisCave-New/JahisCave_New/DerivedDataCache/DDC.ddp not found, will not use a pak cache.
[2022.08.05-13.13.47:826][  0]LogDerivedDataCache: Unable to find inner node Pak for hierarchical cache Hierarchy.
[2022.08.05-13.13.47:827][  0]LogDerivedDataCache: FDerivedDataBackendGraph:  CompressedPak pak cache file ../../../../../../Users/Jul/JahisCave-New/JahisCave_New/DerivedDataCache/Compressed.ddp not found, will not use a pak cache.
[2022.08.05-13.13.47:827][  0]LogDerivedDataCache: Unable to find inner node CompressedPak for hierarchical cache Hierarchy.
[2022.08.05-13.13.47:847][  0]LogDerivedDataCache: Display: Pak cache opened for reading ../../../Engine/DerivedDataCache/Compressed.ddp.
[2022.08.05-13.13.47:847][  0]LogDerivedDataCache: FDerivedDataBackendGraph:  EnterprisePak pak cache file ../../../Enterprise/DerivedDataCache/Compressed.ddp not found, will not use a pak cache.
[2022.08.05-13.13.47:847][  0]LogDerivedDataCache: Unable to find inner node EnterprisePak for hierarchical cache Hierarchy.
[2022.08.05-13.13.47:862][  0]LogDerivedDataCache: Speed tests for C:/Users/Jul/AppData/Local/UnrealEngine/Common/DerivedDataCache took 0.02 seconds
[2022.08.05-13.13.47:862][  0]LogDerivedDataCache: Display: Performance to C:/Users/Jul/AppData/Local/UnrealEngine/Common/DerivedDataCache: Latency=0.02ms. RandomReadSpeed=225.23MBs, RandomWriteSpeed=87.79MBs. Assigned SpeedClass 'Local'
[2022.08.05-13.13.47:863][  0]LogDerivedDataCache: Using Local data cache path C:/Users/Jul/AppData/Local/UnrealEngine/Common/DerivedDataCache: Writable
[2022.08.05-13.13.47:863][  0]LogDerivedDataCache: Shared data cache path not found in *engine.ini, will not use an Shared cache.
[2022.08.05-13.13.47:863][  0]LogDerivedDataCache: Unable to find inner node Shared for hierarchical cache Hierarchy.
[2022.08.05-13.13.47:902][  0]LogSlate: Using FreeType 2.10.0
[2022.08.05-13.13.47:903][  0]LogSlate: SlateFontServices - WITH_FREETYPE: 1, WITH_HARFBUZZ: 1
[2022.08.05-13.13.48:059][  0]LogInit: Using OS detected language (de-DE).
[2022.08.05-13.13.48:060][  0]LogInit: Using OS detected locale (de-DE).
[2022.08.05-13.13.48:060][  0]LogTextLocalizationManager: No localization for 'de-DE' exists, so 'en' will be used for the language.
[2022.08.05-13.13.48:060][  0]LogTextLocalizationManager: No localization for 'de-DE' exists, so 'en' will be used for the locale.
[2022.08.05-13.13.48:060][  0]LogSlate: FontCache flush requested. Reason: Culture for localization was changed
[2022.08.05-13.13.48:060][  0]LogSlate: FontCache flush requested. Reason: Culture for localization was changed
[2022.08.05-13.13.48:066][  0]LogAssetRegistry: FAssetRegistry took 0.0047 seconds to start up
[2022.08.05-13.13.48:277][  0]LogTextLocalizationManager: Compacting localization data took   0.00ms
[2022.08.05-13.13.48:277][  0]LogPackageLocalizationCache: Processed 28 localized package path(s) for 1 prioritized culture(s) in 0.001177 seconds
[2022.08.05-13.13.48:340][  0]LogInit: Selected Device Profile: [Windows]
[2022.08.05-13.13.48:341][  0]LogInit: Active device profile: [000001EBA68BF400][000001EB961054C0 49] Windows
[2022.08.05-13.13.48:341][  0]LogInit: Profiles: [000001EBA68BF400][000001EB961054C0 49] Windows, [000001EBA686CE00][000001EB961B1600 49] WindowsNoEditor, [000001EBA68BCE00][000001EB961B5740 49] WindowsServer, [000001EBA686E900][000001EB961B9880 49] WindowsClient, [000001EBA68BE900][000001EB961C1A00 49] IOS, [000001EBA686F300][000001EB961C5B80 49] iPadAir, [000001EBA68BF200][000001EB961C8180 49] iPadAir2, [000001EBA7817500][000001EB961D0440 49] IPadPro, [000001EBA7817600][000001EB961CC480 49] iPadAir3, [000001EBA68BC300][000001EB961D4600 49] iPadAir4, [000001EBA7815300][000001EB961D8780 49] iPadMini2, [000001EBA68BDA00][000001EB961DC900 49] iPadMini3, [000001EBA7814B00][000001EB961E0A80 49] iPadMini4, [000001EBA68BC700][000001EB961E4C00 49] iPadMini5, [000001EBA782E700][000001EB9664AEC0 49] iPhone6, [000001EBA782E800][000001EB96646F00 49] iPodTouch6, [000001EBA7816100][000001EB966531C0 49] iPhone7, [000001EBA7816200][000001EB9664F200 49] iPodTouch7, [000001EBA782D200][000001EB96657380 49] iPhone5S, [000001EBA7815D00][000001EB9665B500 49] iPhone6Plus, [000001EBA782E500][000001EB9665F680 49] iPhone6S, [000001EBA7817800][000001EB961BD7C0 49] iPhone6SPlus, [000001EBA782F800][000001EB96663900 49] iPhone7Plus, [000001EBA7815200][000001EB96667A40 49] iPhoneSE, [000001EBA782C300][000001EB9666FBC0 49] iPhone8, [000001EBA7817A00][000001EB966721C0 49] iPhone8Plus, [000001EBA782C100][000001EB96676340 49] iPhoneX, [000001EBA7816300][000001EB9667A4C0 49] iPhoneXS, [000001EBA782CA00][000001EB9667E640 49] iPhoneXSMax, [000001EBA7814F00][000001EB966827C0 49] iPhoneXR, [000001EBA782F700][000001EB96686940 49] iPhone11, [000001EBA7816D00][000001EB9668AAC0 49] iPhone11Pro, [000001EBA782E900][000001EB9668EC40 49] iPhone11ProMax, [000001EBA7817700][000001EBA5388DC0 49] iPhoneSE2, [000001EBA782ED00][000001EBA538CF40 49] iPhone12Mini, [000001EBA7817D00][000001EBA53910C0 49] iPhone12, [000001EBA782D900][000001EBA5395240 49] iPhone12Pro, [000001EBA7815000][000001EBA53993C0 49] iPhone12ProMax, [000001EBA782FF00][000001EBA539D540 49] iPadPro105, [000001EBA7816400][000001EBA53A16C0 49] iPadPro129, [000001EBA782DD00][000001EBA53A5840 49] iPadPro97, [000001EBA7815A00][000001EB9666B980 49] iPadPro2_129, [000001EBA782DC00][000001EBA53A9AC0 49] iPad5, [000001EBA7814800][000001EBA53ADC00 49] iPad6, [000001EBA782F900][000001EBA53B01C0 49] iPad7, [000001EBA7814E00][000001EBA53B8340 49] iPad8, [000001EBA782F100][000001EBA53BC4C0 49] iPadPro11, [000001EBA7817900][000001EBA53C0640 49] iPadPro2_11, [000001EBA782C700][000001EBA53C47C0 49] iPadPro3_129, [000001EBA7817C00][000001EBA53C8940 49] iPadPro4_129, [000001EBA782D400][000001EBA53CCAC0 49] AppleTV, [000001EBA7817000][000001EBA53D0C40 49] AppleTV4K, [000001EBA686C100][000001EBA53D4DC0 49] TVOS, [000001EBA68EC800][000001EBA53D8F40 49] Mac, [000001EBA686D600][000001EBA53DD0C0 49] MacClient, [000001EBA68ECC00][000001EBA53E1240 49] MacNoEditor, [000001EBA686CC00][000001EBA53E53C0 49] MacServer, [000001EBA68EDC00][000001EBA53E9540 49] Linux, [000001EBA686C500][000001EBA53ED6C0 49] LinuxAArch64, [000001EBA68ED400][000001EBA53F1840 49] LinuxNoEditor, [000001EBA686C700][000001EBA53F59C0 49] LinuxAArch64NoEditor, [000001EBA68EC200][000001EBA53B5B00 49] LinuxClient, [000001EBA686F000][000001EBA53F80C0 49] LinuxAArch64Client, [000001EBA68ED700][000001EBA53FC200 49] LinuxServer, [000001EBA686E500][000001EBA5400340 49] LinuxAArch64Server, [000001EBA68EDB00][000001EBA54084C0 49] Android, [000001EBA686D500][000001EBA540C640 49] Android_Low, [000001EBA68EDE00][000001EBA54107C0 49] Android_Mid, [000001EBA686C900][000001EBA5414940 49] Android_High, [000001EBA68ECA00][000001EBA5418AC0 49] Android_Default, [000001EBA686EF00][000001EBA541CC40 49] Android_Adreno4xx, [000001EBA68EC400][000001EBA5420DC0 49] Android_Adreno5xx_Low, [000001EBA686CA00][000001EBA5424F40 49] Android_Adreno5xx, [000001EBA68ED100][000001EBA54290C0 49] Android_Adreno6xx, [000001EBA7815900][000001EBA542D240 49] Android_Adreno6xx_Vulkan, [000001EBA782C800][000001EBA84413C0 49] Android_Mali_T6xx, [000001EBA7817F00][000001EBA8445540 49] Android_Mali_T7xx, [000001EBA782F500][000001EBA84496C0 49] Android_Mali_T8xx, [000001EBA7814D00][000001EBA844D840 49] Android_Mali_G71, [000001EBA68EDD00][000001EBA84519C0 49] Android_Mali_G72, [000001EBA7814300][000001EBA8455B40 49] Android_Mali_G72_Vulkan, [000001EBA68EE400][000001EBA8458140 49] Android_Mali_G76, [000001EBA7815600][000001EBA5404280 49] Android_Mali_G76_Vulkan, [000001EBA68EE600][000001EBA845C3C0 49] Android_Mali_G77, [000001EBA7817200][000001EBA8460500 49] Android_Mali_G77_Vulkan, [000001EBA68EE500][000001EBA8468680 49] Android_Mali_G78, [000001EBA7815800][000001EBA846C800 49] Android_Mali_G78_Vulkan, [000001EBA68ED900][000001EBA8470980 49] Android_Mali_G710, [000001EBA7817300][000001EBA8474B00 49] Android_Mali_G710_Vulkan, [000001EBA68EC600][000001EBA8478C80 49] Android_Vulkan_SM5, [000001EBA7815C00][000001EBA847CE00 49] Android_PowerVR_G6xxx, [000001EBA68EE300][000001EBA8480FC0 49] Android_PowerVR_GT7xxx, [000001EBA7815F00][000001EBA8485140 49] Android_PowerVR_GE8xxx, [000001EBA68ECE00][000001EBA84892C0 49] Android_PowerVR_GM9xxx, [000001EBA7816C00][000001EBA848D440 49] Android_PowerVR_GM9xxx_Vulkan, [000001EBA68ED200][000001EBA84915C0 49] Android_TegraK1, [000001EBA7814C00][000001EBA8495740 49] Android_Unknown_Vulkan, [000001EBA68EE100][000001EBA84998C0 49] Lumin, [000001EBA7815700][000001EBA849DA40 49] Lumin_Desktop, [000001EBA782D100][000001EBA84A1BC0 49] HoloLens, 
[2022.08.05-13.13.48:480][  0]LogMeshReduction: Using QuadricMeshReduction for automatic static mesh reduction
[2022.08.05-13.13.48:480][  0]LogMeshReduction: Using SimplygonMeshReduction for automatic skeletal mesh reduction
[2022.08.05-13.13.48:480][  0]LogMeshReduction: Using ProxyLODMeshReduction for automatic mesh merging
[2022.08.05-13.13.48:480][  0]LogMeshReduction: No distributed automatic mesh merging module available
[2022.08.05-13.13.48:480][  0]LogMeshMerging: No distributed automatic mesh merging module available
[2022.08.05-13.13.48:497][  0]LogNetVersion: JahisCave_New 1.0.0, NetCL: 17155196, EngineNetVer: 17, GameNetVer: 0 (Checksum: 1539265337)
[2022.08.05-13.13.48:739][  0]LogTexture: Default maximum texture size for cubemaps generated from long-lat sources has been changed from 512 to unlimited. In order to preserve old behaiour for '/Engine/MapTemplates/Sky/DaylightAmbientCubemap.DaylightAmbientCubemap', its maximum texture size has been explicitly set to 512.
[2022.08.05-13.13.48:810][  0]LogHMD: PokeAHoleMaterial loaded successfully
[2022.08.05-13.13.48:942][  0]LogMoviePlayer: Initializing movie player
[2022.08.05-13.13.49:047][  0]LogNiagaraDebuggerClient: Niagara Debugger Client Initialized | Session: EE5FD89A4C2E3D1AB48A92A5230AA5B5 | Instance: D722DB704D8F38CBF314E3B7ED4BBC38 (LAPTOP-O2FJ456T-21340).
[2022.08.05-13.13.49:077][  0]LogCollectionManager: Loaded 0 collections in 0.001568 seconds
[2022.08.05-13.13.49:079][  0]LogFileCache: Scanning file cache for directory 'C:/Users/Jul/JahisCave-New/JahisCave_New/Saved/Collections/' took 0.00s
[2022.08.05-13.13.49:079][  0]LogFileCache: Scanning file cache for directory 'C:/Users/Jul/JahisCave-New/JahisCave_New/Content/Developers/Jul/Collections/' took 0.00s
[2022.08.05-13.13.49:079][  0]LogFileCache: Scanning file cache for directory 'C:/Users/Jul/JahisCave-New/JahisCave_New/Content/Collections/' took 0.00s
[2022.08.05-13.13.49:079][  0]LogCollectionManager: Fixed up redirectors for 0 collections in 0.000002 seconds (updated 0 objects)
[2022.08.05-13.13.49:216][  0]LogImageWrapper: Warning: PNG Warning: Duplicate iCCP chunk
[2022.08.05-13.13.49:216][  0]LogImageWrapper: Warning: PNG Warning: Duplicate iCCP chunk
[2022.08.05-13.13.49:216][  0]LogPython: Using Python 3.7.7
[2022.08.05-13.13.49:678][  0]LogTcpMessaging: Initializing TcpMessaging bridge
[2022.08.05-13.13.49:687][  0]LogUdpMessaging: Initializing bridge on interface 0.0.0.0:0 to multicast group 230.0.0.1:6666.
[2022.08.05-13.13.49:828][  0]SourceControl: Source control is disabled
[2022.08.05-13.13.49:828][  0]SourceControl: Source control is disabled
[2022.08.05-13.13.49:837][  0]LogUProjectInfo: Found projects:
[2022.08.05-13.13.49:889][  0]SourceControl: Source control is disabled
[2022.08.05-13.13.49:952][  0]LogOpenImageDenoise: OIDN starting up
[2022.08.05-13.13.49:984][  0]LogAndroidPermission: UAndroidPermissionCallbackProxy::GetInstance
[2022.08.05-13.13.50:014][  0]LogAudioCaptureCore: Display: No Audio Capture implementations found. Audio input will be silent.
[2022.08.05-13.13.50:014][  0]LogAudioCaptureCore: Display: No Audio Capture implementations found. Audio input will be silent.
[2022.08.05-13.13.50:132][  0]LogOcInput: OculusInput pre-init called
[2022.08.05-13.13.50:146][  0]LogUObjectArray: 22121 objects as part of root set at end of initial load.
[2022.08.05-13.13.50:146][  0]LogUObjectAllocator: 5975440 out of 0 bytes used by permanent object pool.
[2022.08.05-13.13.50:146][  0]LogUObjectArray: CloseDisregardForGC: 0/0 objects in disregard for GC pool
[2022.08.05-13.13.50:196][  0]LogEngine: Initializing Engine...
[2022.08.05-13.13.50:200][  0]LogHMD: Failed to enumerate extensions. Please check that you have a valid OpenXR runtime installed.
[2022.08.05-13.13.50:200][  0]LogHMD: Failed to initialize OpenVR with code 110
[2022.08.05-13.13.50:200][  0]LogMagicLeap: Warning: VR disabled because ZI is not enabled.  To enable, in the editor, Edit -> Project Settings -> Plugins -> Magic Leap Plugin -> Enable Zero Iteration
[2022.08.05-13.13.50:203][  0]LogStats: UGameplayTagsManager::InitializeManager -  0.000 s
[2022.08.05-13.13.50:324][  0]LogInit: Initializing FReadOnlyCVARCache
[2022.08.05-13.13.50:324][  0]LogAudio: Display: Initializing Audio Device Manager...
[2022.08.05-13.13.50:331][  0]LogAudio: Display: Loading Default Audio Settings Objects...
[2022.08.05-13.13.50:332][  0]LogAudio: Display: No default SoundConcurrencyObject specified (or failed to load).
[2022.08.05-13.13.50:333][  0]LogAudio: Display: Audio Device Manager Initialized
[2022.08.05-13.13.50:333][  0]LogAudio: Display: Creating Audio Device:                 Id: 1, Scope: Shared, Realtime: True
[2022.08.05-13.13.50:333][  0]LogAudioMixer: Display: Audio Mixer Platform Settings:
[2022.08.05-13.13.50:333][  0]LogAudioMixer: Display: 	Sample Rate:						  48000
[2022.08.05-13.13.50:333][  0]LogAudioMixer: Display: 	Callback Buffer Frame Size Requested: 1024
[2022.08.05-13.13.50:333][  0]LogAudioMixer: Display: 	Callback Buffer Frame Size To Use:	  1024
[2022.08.05-13.13.50:334][  0]LogAudioMixer: Display: 	Number of buffers to queue:			  2
[2022.08.05-13.13.50:334][  0]LogAudioMixer: Display: 	Max Channels (voices):				  32
[2022.08.05-13.13.50:334][  0]LogAudioMixer: Display: 	Number of Async Source Workers:		  0
[2022.08.05-13.13.50:334][  0]LogAudio: Display: AudioDevice MaxSources: 32
[2022.08.05-13.13.50:334][  0]LogAudio: Display: Audio Spatialization Plugin: None (built-in).
[2022.08.05-13.13.50:334][  0]LogAudio: Display: Audio Reverb Plugin: None (built-in).
[2022.08.05-13.13.50:334][  0]LogAudio: Display: Audio Occlusion Plugin: None (built-in).
[2022.08.05-13.13.50:334][  0]LogAudioMixer: Display: Initializing audio mixer.
[2022.08.05-13.13.50:347][  0]LogAudioMixer: Display: 0: FrontLeft
[2022.08.05-13.13.50:348][  0]LogAudioMixer: Display: 1: FrontRight
[2022.08.05-13.13.50:444][  0]LogAudioMixer: Display: Using Audio Device Kopfhörer (Realtek(R) Audio)
[2022.08.05-13.13.50:454][  0]LogAudioMixer: Display: Initializing Sound Submixes...
[2022.08.05-13.13.50:455][  0]LogAudioMixer: Display: Creating Master Submix 'MasterSubmixDefault'
[2022.08.05-13.13.50:455][  0]LogAudioMixer: Display: Creating Master Submix 'MasterReverbSubmixDefault'
[2022.08.05-13.13.50:456][  0]LogAudioMixer: Display: Creating Master Submix 'MasterEQSubmixDefault'
[2022.08.05-13.13.50:456][  0]LogAudioMixer: FMixerPlatformXAudio2::StartAudioStream() called
[2022.08.05-13.13.50:456][  0]LogAudioMixer: Display: Output buffers initialized: Frames=1024, Channels=2, Samples=2048
[2022.08.05-13.13.50:458][  0]LogAudioMixer: Display: Starting AudioMixerPlatformInterface::RunInternal()
[2022.08.05-13.13.50:458][  0]LogAudioMixer: Display: FMixerPlatformXAudio2::SubmitBuffer() called for the first time
[2022.08.05-13.13.50:458][  0]LogInit: FAudioDevice initialized.
[2022.08.05-13.13.50:461][  0]LogNetVersion: Set ProjectVersion to 1.0.0.0. Version Checksum will be recalculated on next use.
[2022.08.05-13.13.50:462][  0]LogInit: Texture streaming: Enabled
[2022.08.05-13.13.50:539][  0]LogAudio: Display: Audio Device (ID: 1) registered with world 'Untitled'.
[2022.08.05-13.13.50:540][  0]LogSlate: Updating window title bar state: overlay mode, drag disabled, window buttons hidden, title bar hidden
[2022.08.05-13.13.50:541][  0]LogInit: Display: Game Engine Initialized.
[2022.08.05-13.13.50:541][  0]LogNiagaraEditor: GEditor isn't valid! Particle reset commands will not work for Niagara components!
[2022.08.05-13.13.50:682][  0]LogImageWrapper: Warning: PNG Warning: Duplicate iCCP chunk
[2022.08.05-13.13.50:682][  0]LogImageWrapper: Warning: PNG Warning: Duplicate iCCP chunk
[2022.08.05-13.13.50:682][  0]LogInit: Display: Starting Game.
[2022.08.05-13.13.50:683][  0]LogNet: Browse: /Game/Scenes/Gate_2_Levels/MainMenuLevel?Name=Player
[2022.08.05-13.13.50:683][  0]LogLoad: LoadMap: /Game/Scenes/Gate_2_Levels/MainMenuLevel?Name=Player
[2022.08.05-13.13.50:683][  0]LogWorld: BeginTearingDown for /Temp/Untitled_0
[2022.08.05-13.13.50:685][  0]LogWorld: UWorld::CleanupWorld for Untitled, bSessionEnded=true, bCleanupResources=true
[2022.08.05-13.13.50:685][  0]LogSlate: InvalidateAllWidgets triggered.  All widgets were invalidated
[2022.08.05-13.13.50:690][  0]LogAudio: Display: Audio Device unregistered from world 'None'.
[2022.08.05-13.13.50:694][  0]LogUObjectHash: Compacting FUObjectHashTables data took   1.10ms
[2022.08.05-13.13.50:724][  0]LogAudio: Display: Audio Device (ID: 1) registered with world 'MainMenuLevel'.
[2022.08.05-13.13.50:739][  0]LogAIModule: Creating AISystem for world MainMenuLevel
[2022.08.05-13.13.50:932][  0]LogLoad: Game class is 'FirstPersonGameMode_C'
[2022.08.05-13.13.50:933][  0]LogWorld: Bringing World /Game/Scenes/Gate_2_Levels/MainMenuLevel.MainMenuLevel up for play (max tick rate 0) at 2022.08.05-15.13.50
[2022.08.05-13.13.50:934][  0]LogWorld: Bringing up level for play took: 0.001365
[2022.08.05-13.13.50:936][  0]LogGameMode: FindPlayerStart: PATHS NOT DEFINED or NO PLAYERSTART with positive rating
[2022.08.05-13.13.50:951][  0]LogPlayerController: Error: InputMode:UIOnly - Attempting to focus Non-Focusable widget SObjectWidget [Widget.cpp(799)]!
[2022.08.05-13.13.50:951][  0]LogViewport: Display: Viewport MouseLockMode Changed, LockOnCapture -> DoNotLock
[2022.08.05-13.13.50:951][  0]LogViewport: Display: Viewport MouseCaptureMode Changed, CapturePermanently_IncludingInitialMouseDown -> NoCapture
[2022.08.05-13.13.50:952][  0]LogLoad: Took 0.269095 seconds to LoadMap(/Game/Scenes/Gate_2_Levels/MainMenuLevel)
[2022.08.05-13.13.50:990][  0]LogSlate: Took 0.000344 seconds to synchronously load lazily loaded font '../../../Engine/Content/Slate/Fonts/Roboto-Regular.ttf' (155K)
[2022.08.05-13.13.51:019][  0]LogRenderer: Reallocating scene render targets to support 1280x720 Format 10 NumSamples 1 (Frame:1).
[2022.08.05-13.13.51:020][  0]LogInit: Display: Engine is initialized. Leaving FEngineLoop::Init()
[2022.08.05-13.13.51:020][  0]LogLoad: (Engine Initialization) Total time: 7.22 seconds
[2022.08.05-13.13.51:020][  0]LogLoad: (Engine Initialization) Total Blueprint compile time: 0.00 seconds
[2022.08.05-13.13.51:027][  0]LogContentStreaming: Texture pool size now 1000 MB
[2022.08.05-13.13.51:032][  0]LogSlate: InvalidateAllWidgets triggered.  All widgets were invalidated
[2022.08.05-13.13.51:127][  1]LogSlate: Took 0.000498 seconds to synchronously load lazily loaded font '../../../Engine/Content/Slate/Fonts/Roboto-Regular.ttf' (155K)
[2022.08.05-13.14.18:151][602]Closing by request
[2022.08.05-13.14.18:151][602]LogWindows: FPlatformMisc::RequestExit(0)
[2022.08.05-13.14.18:151][602]LogWindows: FPlatformMisc::RequestExitWithStatus(0, 0)
[2022.08.05-13.14.18:151][602]LogCore: Engine exit requested (reason: Win RequestExit)
[2022.08.05-13.14.18:156][603]LogCore: Engine exit requested (reason: EngineExit() was called; note: exit was already requested)
[2022.08.05-13.14.18:156][603]LogInit: Display: PreExit Game.
[2022.08.05-13.14.18:210][603]LogWorld: BeginTearingDown for /Game/Scenes/Gate_2_Levels/MainMenuLevel
[2022.08.05-13.14.18:211][603]LogWorld: UWorld::CleanupWorld for MainMenuLevel, bSessionEnded=true, bCleanupResources=true
[2022.08.05-13.14.18:211][603]LogSlate: InvalidateAllWidgets triggered.  All widgets were invalidated
[2022.08.05-13.14.18:220][603]LogAudio: Display: Beginning Audio Device Manager Shutdown (Module: AudioMixerXAudio2)...
[2022.08.05-13.14.18:220][603]LogAudio: Display: Destroying 1 Remaining Audio Device(s)...
[2022.08.05-13.14.18:220][603]LogAudio: Display: Audio Device unregistered from world 'MainMenuLevel'.
[2022.08.05-13.14.18:222][603]LogAudioMixer: FMixerPlatformXAudio2::StopAudioStream() called
[2022.08.05-13.14.18:223][603]LogAudioMixer: FMixerPlatformXAudio2::StopAudioStream() called
[2022.08.05-13.14.18:230][603]LogAudio: Display: Audio Device Manager Shutdown
[2022.08.05-13.14.18:234][603]LogSlate: Window 'JahisCave_New (64-bit Development PCD3D_SM5) ' being destroyed
[2022.08.05-13.14.18:235][603]LogWindowsTextInputMethodSystem: Display: IME system deactivated.
[2022.08.05-13.14.18:238][603]LogWindowsTextInputMethodSystem: Display: IME system deactivated.
[2022.08.05-13.14.18:250][603]LogExit: Preparing to exit.
[2022.08.05-13.14.18:730][603]LogUObjectHash: Compacting FUObjectHashTables data took   1.05ms
[2022.08.05-13.14.18:752][603]LogMoviePlayer: Shutting down movie player
[2022.08.05-13.14.18:847][603]LogSlate: Updating window title bar state: overlay mode, drag disabled, window buttons hidden, title bar hidden
[2022.08.05-13.14.18:868][603]LogDemo: Cleaned up 0 splitscreen connections with owner deletion
[2022.08.05-13.14.18:874][603]LogExit: Game engine shut down
[2022.08.05-13.14.18:930][603]LogExit: Object subsystem successfully closed.
[2022.08.05-13.14.18:941][603]LogShaderCompilers: Display: === FShaderJobCache stats ===
[2022.08.05-13.14.18:941][603]LogShaderCompilers: Display: Total job queries 0, among them cache hits 0 (0.00%)
[2022.08.05-13.14.18:941][603]LogShaderCompilers: Display: Tracking 0 distinct input hashes that result in 0 distinct outputs (0.00%)
[2022.08.05-13.14.18:941][603]LogShaderCompilers: Display: RAM used: 0.00 MB (0.00 GB) of 819.20 MB (0.80 GB) budget. Usage: 0.00%
[2022.08.05-13.14.18:941][603]LogShaderCompilers: Display: ================================================
[2022.08.05-13.14.18:955][603]LogShaderCompilers: Display: Shaders left to compile 0
[2022.08.05-13.14.18:976][603]LogModuleManager: Shutting down and abandoning module SequenceRecorderSections (564)
[2022.08.05-13.14.18:976][603]LogModuleManager: Shutting down and abandoning module SequenceRecorder (562)
[2022.08.05-13.14.18:976][603]LogModuleManager: Shutting down and abandoning module AutomationController (560)
[2022.08.05-13.14.18:976][603]LogModuleManager: Shutting down and abandoning module AutomationWorker (558)
[2022.08.05-13.14.18:976][603]LogModuleManager: Shutting down and abandoning module Voice (556)
[2022.08.05-13.14.18:976][603]LogModuleManager: Shutting down and abandoning module AIModule (554)
[2022.08.05-13.14.18:976][603]LogModuleManager: Shutting down and abandoning module GameplayDebugger (553)
[2022.08.05-13.14.18:976][603]LogModuleManager: Shutting down and abandoning module AITestSuite (551)
[2022.08.05-13.14.18:976][603]LogModuleManager: Shutting down and abandoning module NavigationSystem (549)
[2022.08.05-13.14.18:976][603]LogModuleManager: Shutting down and abandoning module SteamVREditor (546)
[2022.08.05-13.14.18:976][603]LogModuleManager: Shutting down and abandoning module ToolMenus (545)
[2022.08.05-13.14.18:976][603]LogModuleManager: Shutting down and abandoning module OculusMR (542)
[2022.08.05-13.14.18:976][603]LogModuleManager: Shutting down and abandoning module TakeRecorderSources (540)
[2022.08.05-13.14.18:976][603]LogModuleManager: Shutting down and abandoning module TakeRecorder (539)
[2022.08.05-13.14.18:976][603]LogModuleManager: Shutting down and abandoning module TakeTrackRecorders (536)
[2022.08.05-13.14.18:976][603]LogModuleManager: Shutting down and abandoning module TakesCore (534)
[2022.08.05-13.14.18:976][603]LogModuleManager: Shutting down and abandoning module OpenXRInput (532)
[2022.08.05-13.14.18:976][603]LogModuleManager: Shutting down and abandoning module WmfMediaFactory (530)
[2022.08.05-13.14.18:976][603]LogModuleManager: Shutting down and abandoning module WebMMediaFactory (528)
[2022.08.05-13.14.18:976][603]LogModuleManager: Shutting down and abandoning module WebMMedia (526)
[2022.08.05-13.14.18:976][603]LogModuleManager: Shutting down and abandoning module OpenExrWrapper (524)
[2022.08.05-13.14.18:976][603]LogModuleManager: Shutting down and abandoning module ImgMediaFactory (522)
[2022.08.05-13.14.18:976][603]LogModuleManager: Shutting down and abandoning module AvfMediaFactory (520)
[2022.08.05-13.14.18:976][603]LogModuleManager: Shutting down and abandoning module PlanarCut (518)
[2022.08.05-13.14.18:976][603]LogModuleManager: Shutting down and abandoning module MagicLeapMediaCodecFactory (516)
[2022.08.05-13.14.18:977][603]LogModuleManager: Shutting down and abandoning module MagicLeapMediaFactory (514)
[2022.08.05-13.14.18:977][603]LogModuleManager: Shutting down and abandoning module CharacterAI (512)
[2022.08.05-13.14.18:977][603]LogModuleManager: Shutting down and abandoning module SessionServices (510)
[2022.08.05-13.14.18:977][603]LogModuleManager: Shutting down and abandoning module MovieSceneCapture (508)
[2022.08.05-13.14.18:977][603]LogModuleManager: Shutting down and abandoning module LiveCoding (506)
[2022.08.05-13.14.18:977][603]LogModuleManager: Shutting down and abandoning module LevelSequence (504)
[2022.08.05-13.14.18:977][603]LogModuleManager: Shutting down and abandoning module MovieSceneTracks (502)
[2022.08.05-13.14.18:977][603]LogModuleManager: Shutting down and abandoning module MovieScene (500)
[2022.08.05-13.14.18:977][603]LogModuleManager: Shutting down and abandoning module StreamingPauseRendering (498)
[2022.08.05-13.14.18:977][603]LogModuleManager: Shutting down and abandoning module PortalServices (496)
[2022.08.05-13.14.18:977][603]LogModuleManager: Shutting down and abandoning module PortalRpc (494)
[2022.08.05-13.14.18:977][603]LogModuleManager: Shutting down and abandoning module MessagingRpc (492)
[2022.08.05-13.14.18:977][603]LogModuleManager: Shutting down and abandoning module AudioMixerXAudio2 (490)
[2022.08.05-13.14.18:977][603]LogModuleManager: Shutting down and abandoning module AudioMixerCore (489)
[2022.08.05-13.14.18:977][603]LogModuleManager: Shutting down and abandoning module ImageWriteQueue (486)
[2022.08.05-13.14.18:977][603]LogModuleManager: Shutting down and abandoning module ProfilerService (484)
[2022.08.05-13.14.18:983][603]LogModuleManager: Shutting down and abandoning module TaskGraph (482)
[2022.08.05-13.14.18:983][603]LogModuleManager: Shutting down and abandoning module OculusInput (480)
[2022.08.05-13.14.18:983][603]LogModuleManager: Shutting down and abandoning module SQLiteSupport (478)
[2022.08.05-13.14.18:983][603]LogModuleManager: Shutting down and abandoning module DatabaseSupport (476)
[2022.08.05-13.14.18:983][603]LogModuleManager: Shutting down and abandoning module TakeMovieScene (474)
[2022.08.05-13.14.18:983][603]LogModuleManager: Shutting down and abandoning module Synthesis (472)
[2022.08.05-13.14.18:983][603]LogModuleManager: Shutting down and abandoning module ProceduralMeshComponent (470)
[2022.08.05-13.14.18:983][603]LogModuleManager: Shutting down and abandoning module MobilePatchingUtils (468)
[2022.08.05-13.14.18:983][603]LogModuleManager: Shutting down and abandoning module GeometryCollectionTracks (466)
[2022.08.05-13.14.18:983][603]LogModuleManager: Shutting down and abandoning module GeometryCollectionSequencer (465)
[2022.08.05-13.14.18:983][603]LogModuleManager: Shutting down and abandoning module GooglePAD (462)
[2022.08.05-13.14.18:983][603]LogModuleManager: Shutting down and abandoning module EditableMesh (460)
[2022.08.05-13.14.18:983][603]LogModuleManager: Shutting down and abandoning module CustomMeshComponent (458)
[2022.08.05-13.14.18:983][603]LogModuleManager: Shutting down and abandoning module CableComponent (456)
[2022.08.05-13.14.18:983][603]LogModuleManager: Shutting down and abandoning module AudioCapture (454)
[2022.08.05-13.14.18:983][603]LogModuleManager: Shutting down and abandoning module AudioCaptureRtAudio (453)
[2022.08.05-13.14.18:983][603]LogModuleManager: Shutting down and abandoning module AssetTags (450)
[2022.08.05-13.14.18:983][603]LogModuleManager: Shutting down and abandoning module ArchVisCharacter (448)
[2022.08.05-13.14.18:983][603]LogModuleManager: Shutting down and abandoning module AppleImageUtilsBlueprintSupport (446)
[2022.08.05-13.14.18:983][603]LogModuleManager: Shutting down and abandoning module AppleImageUtils (444)
[2022.08.05-13.14.18:983][603]LogModuleManager: Shutting down and abandoning module AndroidPermission (442)
[2022.08.05-13.14.18:983][603]LogModuleManager: Shutting down and abandoning module ActorLayerUtilities (440)
[2022.08.05-13.14.18:983][603]LogModuleManager: Shutting down and abandoning module TemplateSequence (438)
[2022.08.05-13.14.18:983][603]LogModuleManager: Shutting down and abandoning module MediaCompositing (436)
[2022.08.05-13.14.18:983][603]LogModuleManager: Shutting down and abandoning module ImgMedia (434)
[2022.08.05-13.14.18:983][603]LogModuleManager: Shutting down and abandoning module OpenImageDenoise (432)
[2022.08.05-13.14.18:983][603]LogOpenImageDenoise: OIDN shutting down
[2022.08.05-13.14.18:983][603]LogModuleManager: Shutting down and abandoning module MotoSynth (430)
[2022.08.05-13.14.18:983][603]LogModuleManager: Shutting down and abandoning module MeshConversion (428)
[2022.08.05-13.14.18:983][603]LogModuleManager: Shutting down and abandoning module DynamicMesh (426)
[2022.08.05-13.14.18:983][603]LogModuleManager: Shutting down and abandoning module GeometryAlgorithms (424)
[2022.08.05-13.14.18:983][603]LogModuleManager: Shutting down and abandoning module GeometricObjects (422)
[2022.08.05-13.14.18:983][603]LogModuleManager: Shutting down and abandoning module MagicLeapSharedWorld (420)
[2022.08.05-13.14.18:983][603]LogModuleManager: Shutting down and abandoning module MagicLeapLightEstimation (418)
[2022.08.05-13.14.18:983][603]LogModuleManager: Shutting down and abandoning module MagicLeapHelperVulkan (416)
[2022.08.05-13.14.18:983][603]LogModuleManager: Shutting down and abandoning module MagicLeapHelperOpenGL (414)
[2022.08.05-13.14.18:983][603]LogModuleManager: Shutting down and abandoning module MagicLeapAudio (412)
[2022.08.05-13.14.18:983][603]LogModuleManager: Shutting down and abandoning module GeometryCacheTracks (410)
[2022.08.05-13.14.18:983][603]LogModuleManager: Shutting down and abandoning module GeometryCacheSequencer (409)
[2022.08.05-13.14.18:983][603]LogModuleManager: Shutting down and abandoning module GeometryCache (406)
[2022.08.05-13.14.18:983][603]LogModuleManager: Shutting down and abandoning module GeometryCacheEd (405)
[2022.08.05-13.14.18:983][603]LogModuleManager: Shutting down and abandoning module SubversionSourceControl (402)
[2022.08.05-13.14.18:983][603]LogModuleManager: Shutting down and abandoning module ChaosNiagara (400)
[2022.08.05-13.14.18:983][603]LogModuleManager: Shutting down and abandoning module FieldSystemEngine (399)
[2022.08.05-13.14.18:983][603]LogModuleManager: Shutting down and abandoning module BackChannel (396)
[2022.08.05-13.14.18:983][603]LogModuleManager: Shutting down and abandoning module AutomationUtils (394)
[2022.08.05-13.14.18:983][603]LogModuleManager: Shutting down and abandoning module VisualStudioSourceCodeAccess (392)
[2022.08.05-13.14.18:984][603]LogModuleManager: Shutting down and abandoning module HotReload (391)
[2022.08.05-13.14.18:984][603]LogModuleManager: Shutting down and abandoning module VisualStudioCodeSourceCodeAccess (388)
[2022.08.05-13.14.18:984][603]LogModuleManager: Shutting down and abandoning module UObjectPlugin (386)
[2022.08.05-13.14.18:984][603]LogModuleManager: Shutting down and abandoning module PerforceSourceControl (384)
[2022.08.05-13.14.18:984][603]LogModuleManager: Shutting down and abandoning module SourceControl (383)
[2022.08.05-13.14.18:984][603]LogModuleManager: Shutting down and abandoning module CLionSourceCodeAccess (380)
[2022.08.05-13.14.18:984][603]LogModuleManager: Shutting down and abandoning module OodleNetworkHandlerComponent (378)
[2022.08.05-13.14.18:984][603]LogModuleManager: Shutting down and abandoning module LiveLinkSequencer (376)
[2022.08.05-13.14.18:984][603]LogModuleManager: Shutting down and abandoning module LiveLinkMovieScene (374)
[2022.08.05-13.14.18:984][603]LogModuleManager: Shutting down and abandoning module LiveLinkGraphNode (372)
[2022.08.05-13.14.18:984][603]LogModuleManager: Shutting down and abandoning module LiveLinkComponents (370)
[2022.08.05-13.14.18:984][603]LogModuleManager: Shutting down and abandoning module LiveLink (368)
[2022.08.05-13.14.19:771][603]LogModuleManager: Shutting down and abandoning module SQLiteCore (366)
[2022.08.05-13.14.19:771][603]LogModuleManager: Shutting down and abandoning module PhysXVehiclesEditor (364)
[2022.08.05-13.14.19:771][603]LogModuleManager: Shutting down and abandoning module SoundFields (360)
[2022.08.05-13.14.19:771][603]LogModuleManager: Shutting down and abandoning module SignificanceManager (358)
[2022.08.05-13.14.19:771][603]LogModuleManager: Shutting down and abandoning module RuntimePhysXCooking (356)
[2022.08.05-13.14.19:771][603]LogModuleManager: Shutting down and abandoning module PropertyAccessEditor (354)
[2022.08.05-13.14.19:771][603]LogModuleManager: Shutting down and abandoning module LocationServicesBPLibrary (352)
[2022.08.05-13.14.19:771][603]LogModuleManager: Shutting down and abandoning module AudioSynesthesia (350)
[2022.08.05-13.14.19:771][603]LogModuleManager: Shutting down and abandoning module AudioSynesthesiaCore (348)
[2022.08.05-13.14.19:771][603]LogModuleManager: Shutting down and abandoning module UdpMessaging (346)
[2022.08.05-13.14.19:872][603]LogModuleManager: Shutting down and abandoning module ActorSequence (344)
[2022.08.05-13.14.19:872][603]LogModuleManager: Shutting down and abandoning module TcpMessaging (342)
[2022.08.05-13.14.19:973][603]LogModuleManager: Shutting down and abandoning module ImgMediaEngine (340)
[2022.08.05-13.14.19:973][603]LogModuleManager: Shutting down and abandoning module PythonScriptPlugin (338)
[2022.08.05-13.14.19:973][603]LogModuleManager: Shutting down and abandoning module MagicLeapARPin (336)
[2022.08.05-13.14.19:973][603]LogModuleManager: Shutting down and abandoning module MagicLeapHandMeshing (334)
[2022.08.05-13.14.19:973][603]LogModuleManager: Shutting down and abandoning module MagicLeapSecureStorage (332)
[2022.08.05-13.14.19:973][603]LogModuleManager: Shutting down and abandoning module MagicLeapPrivileges (330)
[2022.08.05-13.14.19:973][603]LogModuleManager: Shutting down and abandoning module MagicLeapPlanes (328)
[2022.08.05-13.14.19:973][603]LogMagicLeapPlanes: Planes tracker already destroyed.
[2022.08.05-13.14.19:973][603]LogModuleManager: Shutting down and abandoning module MagicLeapImageTracker (326)
[2022.08.05-13.14.19:973][603]LogModuleManager: Shutting down and abandoning module MagicLeapIdentity (324)
[2022.08.05-13.14.19:973][603]LogModuleManager: Shutting down and abandoning module MagicLeapHandTracking (322)
[2022.08.05-13.14.19:973][603]LogModuleManager: Shutting down and abandoning module MagicLeapEyeTracker (320)
[2022.08.05-13.14.19:973][603]LogModuleManager: Shutting down and abandoning module MagicLeapController (318)
[2022.08.05-13.14.19:973][603]LogModuleManager: Shutting down and abandoning module MagicLeapARPinImpl (316)
[2022.08.05-13.14.19:973][603]LogModuleManager: Shutting down and abandoning module MagicLeapAR (314)
[2022.08.05-13.14.19:973][603]LogModuleManager: Shutting down and abandoning module PropertyAccessNode (312)
[2022.08.05-13.14.19:973][603]LogModuleManager: Shutting down and abandoning module AnimationSharing (310)
[2022.08.05-13.14.19:973][603]LogModuleManager: Shutting down and abandoning module FacialAnimation (308)
[2022.08.05-13.14.19:973][603]LogModuleManager: Shutting down and abandoning module GameplayTagsEditor (306)
[2022.08.05-13.14.19:973][603]LogModuleManager: Shutting down and abandoning module NiagaraAnimNotifies (304)
[2022.08.05-13.14.19:973][603]LogModuleManager: Shutting down and abandoning module Niagara (302)
[2022.08.05-13.14.19:973][603]LogModuleManager: Shutting down and abandoning module SignalProcessing (301)
[2022.08.05-13.14.19:973][603]LogModuleManager: Shutting down and abandoning module NiagaraEditor (299)
[2022.08.05-13.14.19:973][603]LogModuleManager: Shutting down and abandoning module ContentBrowser (298)
[2022.08.05-13.14.19:973][603]LogModuleManager: Shutting down and abandoning module CollectionManager (297)
[2022.08.05-13.14.19:974][603]LogModuleManager: Shutting down and abandoning module DirectoryWatcher (296)
[2022.08.05-13.14.19:974][603]LogModuleManager: Shutting down and abandoning module ContentBrowserData (293)
[2022.08.05-13.14.19:974][603]LogModuleManager: Shutting down and abandoning module NiagaraCore (288)
[2022.08.05-13.14.19:974][603]LogModuleManager: Shutting down and abandoning module AssetManagerEditor (286)
[2022.08.05-13.14.19:974][603]LogModuleManager: Shutting down and abandoning module TreeMap (285)
[2022.08.05-13.14.19:974][603]LogModuleManager: Shutting down and abandoning module GameplayCameras (282)
[2022.08.05-13.14.19:974][603]LogModuleManager: Shutting down and abandoning module LightPropagationVolumeRuntime (280)
[2022.08.05-13.14.19:974][603]LogModuleManager: Shutting down and abandoning module EnvironmentQueryEditor (278)
[2022.08.05-13.14.19:974][603]LogModuleManager: Shutting down and abandoning module Paper2D (276)
[2022.08.05-13.14.19:974][603]LogModuleManager: Shutting down and abandoning module WindowsMoviePlayer (274)
[2022.08.05-13.14.19:974][603]LogModuleManager: Shutting down and abandoning module WebMMoviePlayer (272)
[2022.08.05-13.14.19:974][603]LogModuleManager: Shutting down and abandoning module NetworkReplayStreaming (270)
[2022.08.05-13.14.19:974][603]LogModuleManager: Shutting down and abandoning module PacketHandler (268)
[2022.08.05-13.14.19:974][603]LogModuleManager: Shutting down and abandoning module ClothingSystemEditor (266)
[2022.08.05-13.14.19:974][603]LogModuleManager: Shutting down and abandoning module ClothingSystemRuntimeNv (264)
[2022.08.05-13.14.19:974][603]LogModuleManager: Shutting down and abandoning module MediaAssets (262)
[2022.08.05-13.14.19:974][603]LogModuleManager: Shutting down and abandoning module Overlay (260)
[2022.08.05-13.14.19:974][603]LogModuleManager: Shutting down and abandoning module OverlayEditor (259)
[2022.08.05-13.14.19:974][603]LogModuleManager: Shutting down and abandoning module VREditor (256)
[2022.08.05-13.14.19:974][603]LogModuleManager: Shutting down and abandoning module StringTableEditor (254)
[2022.08.05-13.14.19:974][603]LogModuleManager: Shutting down and abandoning module GameplayTasksEditor (252)
[2022.08.05-13.14.19:974][603]LogModuleManager: Shutting down and abandoning module BehaviorTreeEditor (250)
[2022.08.05-13.14.19:974][603]LogModuleManager: Shutting down and abandoning module FunctionalTesting (248)
[2022.08.05-13.14.19:974][603]LogModuleManager: Shutting down and abandoning module CollisionAnalyzer (246)
[2022.08.05-13.14.19:974][603]LogModuleManager: Shutting down and abandoning module WorkspaceMenuStructure (245)
[2022.08.05-13.14.19:974][603]LogModuleManager: Shutting down and abandoning module UMG (242)
[2022.08.05-13.14.19:974][603]LogModuleManager: Shutting down and abandoning module UMGEditor (241)
[2022.08.05-13.14.19:974][603]LogModuleManager: Shutting down and abandoning module Sequencer (240)
[2022.08.05-13.14.19:974][603]LogModuleManager: Shutting down and abandoning module MessageLog (237)
[2022.08.05-13.14.19:974][603]LogModuleManager: Shutting down and abandoning module SlateReflector (232)
[2022.08.05-13.14.19:974][603]LogModuleManager: Shutting down and abandoning module Slate (230)
[2022.08.05-13.14.19:974][603]LogModuleManager: Shutting down and abandoning module SlateCore (228)
[2022.08.05-13.14.19:975][603]LogModuleManager: Shutting down and abandoning module LandscapeEditorUtilities (226)
[2022.08.05-13.14.19:975][603]LogModuleManager: Shutting down and abandoning module UnrealEd (224)
[2022.08.05-13.14.19:975][603]LogModuleManager: Shutting down and abandoning module MRMesh (222)
[2022.08.05-13.14.19:975][603]LogModuleManager: Shutting down and abandoning module Messaging (220)
[2022.08.05-13.14.19:975][603]LogModuleManager: Shutting down and abandoning module SourceCodeAccess (218)
[2022.08.05-13.14.19:975][603]LogModuleManager: Shutting down and abandoning module HeadMountedDisplay (216)
[2022.08.05-13.14.19:975][603]LogModuleManager: Shutting down and abandoning module XAudio2 (214)
[2022.08.05-13.14.19:975][603]LogModuleManager: Shutting down and abandoning module Networking (212)
[2022.08.05-13.14.19:975][603]LogModuleManager: Shutting down and abandoning module Core (210)
[2022.08.05-13.14.19:975][603]LogModuleManager: Shutting down and abandoning module MaterialEditor (208)
[2022.08.05-13.14.19:975][603]LogModuleManager: Shutting down and abandoning module MovieSceneTools (206)
[2022.08.05-13.14.19:976][603]LogModuleManager: Shutting down and abandoning module EditorStyle (205)
[2022.08.05-13.14.19:977][603]LogModuleManager: Shutting down and abandoning module KismetCompiler (202)
[2022.08.05-13.14.19:977][603]LogModuleManager: Shutting down and abandoning module MeshBuilder (200)
[2022.08.05-13.14.19:977][603]LogModuleManager: Shutting down and abandoning module MeshUtilities (198)
[2022.08.05-13.14.19:977][603]LogModuleManager: Shutting down and abandoning module MeshMergeUtilities (197)
[2022.08.05-13.14.19:977][603]LogModuleManager: Shutting down and abandoning module MeshReductionInterface (196)
[2022.08.05-13.14.19:977][603]LogModuleManager: Shutting down and abandoning module MeshBoneReduction (195)
[2022.08.05-13.14.19:977][603]LogModuleManager: Shutting down and abandoning module SkeletalMeshReduction (193)
[2022.08.05-13.14.19:977][603]LogModuleManager: Shutting down and abandoning module ProxyLODMeshReduction (191)
[2022.08.05-13.14.19:977][603]LogModuleManager: Shutting down and abandoning module QuadricMeshReduction (189)
[2022.08.05-13.14.19:977][603]LogModuleManager: Shutting down and abandoning module MaterialBaking (185)
[2022.08.05-13.14.19:977][603]LogModuleManager: Shutting down and abandoning module NullInstallBundleManager (180)
[2022.08.05-13.14.19:977][603]LogModuleManager: Shutting down and abandoning module PIEPreviewDeviceProfileSelector (178)
[2022.08.05-13.14.19:977][603]LogModuleManager: Shutting down and abandoning module DerivedDataCache (176)
[2022.08.05-13.14.19:977][603]LogModuleManager: Shutting down and abandoning module TargetPlatform (174)
[2022.08.05-13.14.19:977][603]LogModuleManager: Shutting down and abandoning module VulkanShaderFormat (173)
[2022.08.05-13.14.19:977][603]LogModuleManager: Shutting down and abandoning module ShaderFormatVectorVM (171)
[2022.08.05-13.14.19:977][603]LogModuleManager: Shutting down and abandoning module ShaderFormatOpenGL (169)
[2022.08.05-13.14.19:977][603]LogModuleManager: Shutting down and abandoning module ShaderFormatD3D (167)
[2022.08.05-13.14.19:977][603]LogModuleManager: Shutting down and abandoning module MetalShaderFormat (165)
[2022.08.05-13.14.19:977][603]LogModuleManager: Shutting down and abandoning module TextureFormatOodle (163)
[2022.08.05-13.14.19:977][603]LogModuleManager: Shutting down and abandoning module TextureFormatUncompressed (161)
[2022.08.05-13.14.19:977][603]LogModuleManager: Shutting down and abandoning module TextureFormatPVR (159)
[2022.08.05-13.14.19:977][603]LogModuleManager: Shutting down and abandoning module TextureFormatETC2 (157)
[2022.08.05-13.14.19:977][603]LogModuleManager: Shutting down and abandoning module TextureFormatDXT (155)
[2022.08.05-13.14.19:977][603]LogModuleManager: Shutting down and abandoning module TextureFormatIntelISPCTexComp (153)
[2022.08.05-13.14.19:977][603]LogModuleManager: Shutting down and abandoning module TextureFormatASTC (151)
[2022.08.05-13.14.19:977][603]LogModuleManager: Shutting down and abandoning module ImageWrapper (150)
[2022.08.05-13.14.19:977][603]LogModuleManager: Shutting down and abandoning module AudioFormatOpus (147)
[2022.08.05-13.14.19:977][603]LogModuleManager: Shutting down and abandoning module AudioFormatOgg (145)
[2022.08.05-13.14.19:977][603]LogModuleManager: Shutting down and abandoning module AudioFormatADPCM (143)
[2022.08.05-13.14.19:977][603]LogModuleManager: Shutting down and abandoning module WindowsServerTargetPlatform (141)
[2022.08.05-13.14.19:978][603]LogModuleManager: Shutting down and abandoning module WindowsClientTargetPlatform (139)
[2022.08.05-13.14.19:978][603]LogModuleManager: Shutting down and abandoning module WindowsTargetPlatform (137)
[2022.08.05-13.14.19:978][603]LogModuleManager: Shutting down and abandoning module WindowsNoEditorTargetPlatform (135)
[2022.08.05-13.14.19:978][603]LogModuleManager: Shutting down and abandoning module D3D11RHI (132)
[2022.08.05-13.14.19:978][603]LogModuleManager: Shutting down and abandoning module InputCore (130)
[2022.08.05-13.14.19:978][603]LogModuleManager: Shutting down and abandoning module Settings (128)
[2022.08.05-13.14.19:978][603]LogModuleManager: Shutting down and abandoning module PhysXCooking (126)
[2022.08.05-13.14.19:978][603]LogModuleManager: Shutting down and abandoning module Chaos (124)
[2022.08.05-13.14.19:978][603]LogModuleManager: Shutting down and abandoning module WindowsPlatformFeatures (122)
[2022.08.05-13.14.19:978][603]LogModuleManager: Shutting down and abandoning module GameplayMediaEncoder (121)
[2022.08.05-13.14.19:978][603]LogModuleManager: Shutting down and abandoning module AVEncoder (120)
[2022.08.05-13.14.19:978][603]LogModuleManager: Shutting down and abandoning module SteamVRInputDevice (116)
[2022.08.05-13.14.19:978][603]LogModuleManager: Shutting down and abandoning module SteamVRInput (114)
[2022.08.05-13.14.19:978][603]LogModuleManager: Shutting down and abandoning module SteamVR (112)
[2022.08.05-13.14.19:978][603]LogHMD: Freeing OpenVRDLLHandle.
[2022.08.05-13.14.19:978][603]LogModuleManager: Shutting down and abandoning module OculusHMD (110)
[2022.08.05-13.14.19:978][603]LogModuleManager: Shutting down and abandoning module OpenXRAR (108)
[2022.08.05-13.14.19:978][603]LogModuleManager: Shutting down and abandoning module AugmentedReality (107)
[2022.08.05-13.14.19:978][603]LogModuleManager: Shutting down and abandoning module OpenXRHandTracking (104)
[2022.08.05-13.14.19:978][603]LogSlate: Slate User Destroyed.  User Index 0, Is Virtual User: 0
[2022.08.05-13.14.19:978][603]LogModuleManager: Shutting down and abandoning module OpenXRHMD (103)
[2022.08.05-13.14.19:978][603]LogModuleManager: Shutting down and abandoning module OpenXREyeTracker (100)
[2022.08.05-13.14.19:978][603]LogModuleManager: Shutting down and abandoning module ExampleDeviceProfileSelector (98)
[2022.08.05-13.14.19:978][603]LogModuleManager: Shutting down and abandoning module ChunkDownloader (96)
[2022.08.05-13.14.19:978][603]LogModuleManager: Shutting down and abandoning module LauncherChunkInstaller (94)
[2022.08.05-13.14.19:978][603]LogModuleManager: Shutting down and abandoning module OnlineBlueprintSupport (92)
[2022.08.05-13.14.19:978][603]LogModuleManager: Shutting down and abandoning module OnlineSubsystem (88)
[2022.08.05-13.14.19:979][603]LogModuleManager: Shutting down and abandoning module XMPP (83)
[2022.08.05-13.14.19:979][603]LogModuleManager: Shutting down and abandoning module WebSockets (82)
