Log file open, 07/07/22 10:41:53
LogWindows: Failed to load 'aqProf.dll' (GetLastError=126)
LogWindows: File 'aqProf.dll' does not exist
LogWindows: Failed to load 'VtuneApi.dll' (GetLastError=126)
LogWindows: File 'VtuneApi.dll' does not exist
LogWindows: Failed to load 'VtuneApi32e.dll' (GetLastError=126)
LogWindows: File 'VtuneApi32e.dll' does not exist
LogConsoleResponse: Display: Failed to find resolution value strings in scalability ini. Falling back to default.
LogConsoleResponse: Display: Failed to find resolution value strings in scalability ini. Falling back to default.
LogInit: Display: Running engine for game: JahisCave_New
LogPlatformFile: Not using cached read wrapper
LogTaskGraph: Started task graph with 5 named threads and 23 total threads with 3 sets of task threads.
LogStats: Stats thread started at 0.309284
LogICUInternationalization: ICU TimeZone Detection - Raw Offset: +1:00, Platform Override: ''
LogInit: Display: Loading text-based GConfig....
LogPluginManager: Mounting plugin MegascansPlugin
LogPluginManager: Mounting plugin MeshPainting
LogPluginManager: Mounting plugin XGEController
LogPluginManager: Mounting plugin Paper2D
LogPluginManager: Mounting plugin LiveLink
LogPluginManager: Mounting plugin AISupport
LogPluginManager: Mounting plugin EnvironmentQueryEditor
LogPluginManager: Mounting plugin LightPropagationVolume
LogPluginManager: Mounting plugin CameraShakePreviewer
LogPluginManager: Mounting plugin GameplayCameras
LogPluginManager: Mounting plugin OodleData
LogPluginManager: Mounting plugin OodleNetwork
LogPluginManager: Mounting plugin DatasmithContent
LogPluginManager: Mounting plugin VariantManagerContent
LogPluginManager: Mounting plugin AlembicImporter
LogPluginManager: Mounting plugin BackChannel
LogPluginManager: Mounting plugin AutomationUtils
LogPluginManager: Mounting plugin ChaosCloth
LogPluginManager: Mounting plugin ChaosEditor
LogPluginManager: Mounting plugin ChaosClothEditor
LogPluginManager: Mounting plugin ChaosNiagara
LogPluginManager: Mounting plugin ChaosSolverPlugin
LogPluginManager: Mounting plugin CharacterAI
LogPluginManager: Mounting plugin AssetManagerEditor
LogPluginManager: Mounting plugin AnimationSharing
LogPluginManager: Mounting plugin CryptoKeys
LogPluginManager: Mounting plugin CurveEditorTools
LogPluginManager: Mounting plugin DataValidation
LogPluginManager: Mounting plugin FacialAnimation
LogPluginManager: Mounting plugin EditorScriptingUtilities
LogPluginManager: Mounting plugin GeometryMode
LogPluginManager: Mounting plugin GameplayTagsEditor
LogPluginManager: Mounting plugin MacGraphicsSwitching
LogPluginManager: Mounting plugin MaterialAnalyzer
LogPluginManager: Mounting plugin PluginBrowser
LogPluginManager: Mounting plugin MobileLauncherProfileWizard
LogPluginManager: Mounting plugin SpeedTreeImporter
LogPluginManager: Mounting plugin GeometryCache
LogPluginManager: Mounting plugin GeometryCollectionPlugin
LogPluginManager: Mounting plugin GeometryProcessing
LogPluginManager: Mounting plugin OpenImageDenoise
LogPluginManager: Mounting plugin MotoSynth
LogPluginManager: Mounting plugin ProxyLODPlugin
LogPluginManager: Mounting plugin PythonScriptPlugin
LogPluginManager: Mounting plugin PlatformCrypto
LogPluginManager: Mounting plugin PlanarCut
LogPluginManager: Mounting plugin Niagara
LogPluginManager: Mounting plugin SkeletalReduction
LogPluginManager: Mounting plugin UdpMessaging
LogPluginManager: Mounting plugin TcpMessaging
LogPluginManager: Mounting plugin LuminPlatformFeatures
LogPluginManager: Mounting plugin MagicLeap
LogPluginManager: Mounting plugin MagicLeapLightEstimation
LogPluginManager: Mounting plugin MagicLeapMedia
LogPluginManager: Mounting plugin MagicLeapPassableWorld
LogPluginManager: Mounting plugin MLSDK
LogPluginManager: Mounting plugin AndroidMedia
LogPluginManager: Mounting plugin ImgMedia
LogPluginManager: Mounting plugin AvfMedia
LogPluginManager: Mounting plugin MediaCompositing
LogPluginManager: Mounting plugin MediaPlayerEditor
LogPluginManager: Mounting plugin WmfMedia
LogPluginManager: Mounting plugin WebMMedia
LogPluginManager: Mounting plugin ActorSequence
LogPluginManager: Mounting plugin LevelSequenceEditor
LogPluginManager: Mounting plugin MatineeToLevelSequence
LogPluginManager: Mounting plugin TemplateSequence
LogPluginManager: Mounting plugin OnlineSubsystem
LogPluginManager: Mounting plugin OnlineSubsystemNull
LogPluginManager: Mounting plugin OnlineSubsystemUtils
LogPluginManager: Mounting plugin LauncherChunkInstaller
LogPluginManager: Mounting plugin ActorLayerUtilities
LogPluginManager: Mounting plugin AndroidDeviceProfileSelector
LogPluginManager: Mounting plugin AndroidMoviePlayer
LogPluginManager: Mounting plugin AndroidPermission
LogPluginManager: Mounting plugin AppleImageUtils
LogPluginManager: Mounting plugin AppleMoviePlayer
LogPluginManager: Mounting plugin AssetTags
LogPluginManager: Mounting plugin AudioCapture
LogPluginManager: Mounting plugin ArchVisCharacter
LogPluginManager: Mounting plugin AudioSynesthesia
LogPluginManager: Mounting plugin CableComponent
LogPluginManager: Mounting plugin ChunkDownloader
LogPluginManager: Mounting plugin CustomMeshComponent
LogPluginManager: Mounting plugin EditableMesh
LogPluginManager: Mounting plugin ExampleDeviceProfileSelector
LogPluginManager: Mounting plugin GoogleCloudMessaging
LogPluginManager: Mounting plugin GooglePAD
LogPluginManager: Mounting plugin IOSDeviceProfileSelector
LogPluginManager: Mounting plugin LinuxDeviceProfileSelector
LogPluginManager: Mounting plugin LocationServicesBPLibrary
LogPluginManager: Mounting plugin MobilePatchingUtils
LogPluginManager: Mounting plugin OpenXR
LogPluginManager: Mounting plugin OpenXREyeTracker
LogPluginManager: Mounting plugin OpenXRHandTracking
LogPluginManager: Mounting plugin ScreenshotTools
LogPluginManager: Mounting plugin PhysXVehicles
LogPluginManager: Mounting plugin PostSplashScreen
LogPluginManager: Mounting plugin ProceduralMeshComponent
LogPluginManager: Mounting plugin PropertyAccessEditor
LogPluginManager: Mounting plugin RuntimePhysXCooking
LogPluginManager: Mounting plugin SignificanceManager
LogPluginManager: Mounting plugin SoundFields
LogPluginManager: Mounting plugin Synthesis
LogPluginManager: Mounting plugin WebMMoviePlayer
LogPluginManager: Mounting plugin WindowsMoviePlayer
LogPluginManager: Mounting plugin Takes
LogPluginManager: Mounting plugin CLionSourceCodeAccess
LogPluginManager: Mounting plugin CodeLiteSourceCodeAccess
LogPluginManager: Mounting plugin KDevelopSourceCodeAccess
LogPluginManager: Mounting plugin PerforceSourceControl
LogPluginManager: Mounting plugin PlasticSourceControl
LogPluginManager: Mounting plugin GitSourceControl
LogPluginManager: Mounting plugin NullSourceCodeAccess
LogPluginManager: Mounting plugin PluginUtils
LogPluginManager: Mounting plugin PropertyAccessNode
LogPluginManager: Mounting plugin RiderSourceCodeAccess
LogPluginManager: Mounting plugin SubversionSourceControl
LogPluginManager: Mounting plugin TextureFormatOodle
LogPluginManager: Mounting plugin UObjectPlugin
LogPluginManager: Mounting plugin VisualStudioCodeSourceCodeAccess
LogPluginManager: Mounting plugin VisualStudioSourceCodeAccess
LogPluginManager: Mounting plugin PixWinPlugin
LogPluginManager: Mounting plugin XCodeSourceCodeAccess
LogPluginManager: Mounting plugin ContentBrowserAssetDataSource
LogPluginManager: Mounting plugin ContentBrowserClassDataSource
LogPluginManager: Mounting plugin ContentBrowserFileDataSource
LogPluginManager: Mounting plugin OnlineSubsystemGooglePlay
LogPluginManager: Mounting plugin OnlineSubsystemIOS
LogPluginManager: Mounting plugin DatabaseSupport
LogPluginManager: Mounting plugin SQLiteCore
LogPluginManager: Mounting plugin SQLiteSupport
LogPluginManager: Mounting plugin OculusVR
LogPluginManager: Mounting plugin SteamVR
LogInit: Using libcurl 7.55.1-DEV
LogInit:  - built for x86_64-pc-win32
LogInit:  - supports SSL with OpenSSL/1.1.1
LogInit:  - supports HTTP deflate (compression) using libz 1.2.8
LogInit:  - other features:
LogInit:      CURL_VERSION_SSL
LogInit:      CURL_VERSION_LIBZ
LogInit:      CURL_VERSION_IPV6
LogInit:      CURL_VERSION_ASYNCHDNS
LogInit:      CURL_VERSION_LARGEFILE
LogInit:      CURL_VERSION_IDN
LogInit:  CurlRequestOptions (configurable via config and command line):
LogInit:  - bVerifyPeer = true  - Libcurl will verify peer certificate
LogInit:  - bUseHttpProxy = false  - Libcurl will NOT use HTTP proxy
LogInit:  - bDontReuseConnections = false  - Libcurl will reuse connections
LogInit:  - MaxHostConnections = 16  - Libcurl will limit the number of connections to a host
LogInit:  - LocalHostAddr = Default
LogInit:  - BufferSize = 65536
LogOnline: OSS: Creating online subsystem instance for: NULL
LogInit: WinSock: version 1.1 (2.2), MaxSocks=32767, MaxUdp=65467
LogOnline: OSS: TryLoadSubsystemAndSetDefault: Loaded subsystem for module [NULL]
PixWinPlugin: PIX capture plugin failed to initialize! Check that the process is launched from PIX.
LogOculusPluginWrapper: OculusPlugin initialized successfully
LogHMD: Failed initializing OVRPlugin 1.59.0
LogInit: Build: ++UE4+Release-4.27-CL-17735300
LogInit: Engine Version: 4.27.1-17735300+++UE4+Release-4.27
LogInit: Compatible Engine Version: 4.27.0-17155196+++UE4+Release-4.27
LogInit: Net CL: 17155196
LogInit: OS: Windows 10 (Release 2009) (), CPU: 11th Gen Intel(R) Core(TM) i7-11370H @ 3.30GHz, GPU: Intel(R) Iris(R) Xe Graphics
LogInit: Compiled (64-bit): Oct  6 2021 14:42:51
LogInit: Compiled with Visual C++: 19.24.28315.00
LogInit: Build Configuration: Development
LogInit: Branch Name: ++UE4+Release-4.27
LogInit: Command Line: 
LogInit: Base Directory: C:/Program Files/Epic Games/UE_4.27/Engine/Binaries/Win64/
LogInit: Allocator: TBB
LogInit: Installed Engine Build: 1
LogDevObjectVersion: Number of dev versions registered: 29
LogDevObjectVersion:   Dev-Blueprints (B0D832E4-1F89-4F0D-ACCF-7EB736FD4AA2): 10
LogDevObjectVersion:   Dev-Build (E1C64328-A22C-4D53-A36C-8E866417BD8C): 0
LogDevObjectVersion:   Dev-Core (375EC13C-06E4-48FB-B500-84F0262A717E): 4
LogDevObjectVersion:   Dev-Editor (E4B068ED-F494-42E9-A231-DA0B2E46BB41): 40
LogDevObjectVersion:   Dev-Framework (CFFC743F-43B0-4480-9391-14DF171D2073): 37
LogDevObjectVersion:   Dev-Mobile (B02B49B5-BB20-44E9-A304-32B752E40360): 3
LogDevObjectVersion:   Dev-Networking (A4E4105C-59A1-49B5-A7C5-40C4547EDFEE): 0
LogDevObjectVersion:   Dev-Online (39C831C9-5AE6-47DC-9A44-9C173E1C8E7C): 0
LogDevObjectVersion:   Dev-Physics (78F01B33-EBEA-4F98-B9B4-84EACCB95AA2): 14
LogDevObjectVersion:   Dev-Platform (6631380F-2D4D-43E0-8009-CF276956A95A): 0
LogDevObjectVersion:   Dev-Rendering (12F88B9F-8875-4AFC-A67C-D90C383ABD29): 45
LogDevObjectVersion:   Dev-Sequencer (7B5AE74C-D270-4C10-A958-57980B212A5A): 13
LogDevObjectVersion:   Dev-VR (D7296918-1DD6-4BDD-9DE2-64A83CC13884): 3
LogDevObjectVersion:   Dev-LoadTimes (C2A15278-BFE7-4AFE-6C17-90FF531DF755): 1
LogDevObjectVersion:   Private-Geometry (6EACA3D4-40EC-4CC1-B786-8BED09428FC5): 3
LogDevObjectVersion:   Dev-AnimPhys (29E575DD-E0A3-4627-9D10-D276232CDCEA): 17
LogDevObjectVersion:   Dev-Anim (AF43A65D-7FD3-4947-9873-3E8ED9C1BB05): 15
LogDevObjectVersion:   Dev-ReflectionCapture (6B266CEC-1EC7-4B8F-A30B-E4D90942FC07): 1
LogDevObjectVersion:   Dev-Automation (0DF73D61-A23F-47EA-B727-89E90C41499A): 1
LogDevObjectVersion:   FortniteMain (601D1886-AC64-4F84-AA16-D3DE0DEAC7D6): 47
LogDevObjectVersion:   FortniteRelease (E7086368-6B23-4C58-8439-1B7016265E91): 1
LogDevObjectVersion:   Dev-Enterprise (9DFFBCD6-494F-0158-E221-12823C92A888): 10
LogDevObjectVersion:   Dev-Niagara (F2AED0AC-9AFE-416F-8664-AA7FFA26D6FC): 1
LogDevObjectVersion:   Dev-Destruction (174F1F0B-B4C6-45A5-B13F-2EE8D0FB917D): 10
LogDevObjectVersion:   Dev-Physics-Ext (35F94A83-E258-406C-A318-09F59610247C): 41
LogDevObjectVersion:   Dev-PhysicsMaterial-Chaos (B68FC16E-8B1B-42E2-B453-215C058844FE): 1
LogDevObjectVersion:   Dev-CineCamera (B2E18506-4273-CFC2-A54E-F4BB758BBA07): 1
LogDevObjectVersion:   Dev-VirtualProduction (64F58936-FD1B-42BA-BA96-7289D5D0FA4E): 1
LogDevObjectVersion:   Dev-MediaFramework (6F0ED827-A609-4895-9C91-998D90180EA4): 2
LogInit: Presizing for max 25165824 objects, including 0 objects not considered by GC, pre-allocating 0 bytes for permanent pool.
LogConfig: Applying CVar settings from Section [/Script/Engine.StreamingSettings] File [C:/Users/Jul/JahisCave-New/JahisCave_New/Saved/Config/Windows/Engine.ini]
LogConfig: Setting CVar [[s.MinBulkDataSizeForAsyncLoading:131072]]
LogConfig: Setting CVar [[s.AsyncLoadingThreadEnabled:0]]
LogConfig: Setting CVar [[s.EventDrivenLoaderEnabled:1]]
LogConfig: Setting CVar [[s.WarnIfTimeLimitExceeded:0]]
LogConfig: Setting CVar [[s.TimeLimitExceededMultiplier:1.5]]
LogConfig: Setting CVar [[s.TimeLimitExceededMinTime:0.005]]
LogConfig: Setting CVar [[s.UseBackgroundLevelStreaming:1]]
LogConfig: Setting CVar [[s.PriorityAsyncLoadingExtraTime:15.0]]
LogConfig: Setting CVar [[s.LevelStreamingActorsUpdateTimeLimit:5.0]]
LogConfig: Setting CVar [[s.PriorityLevelStreamingActorsUpdateExtraTime:5.0]]
LogConfig: Setting CVar [[s.LevelStreamingComponentsRegistrationGranularity:10]]
LogConfig: Setting CVar [[s.UnregisterComponentsTimeLimit:1.0]]
LogConfig: Setting CVar [[s.LevelStreamingComponentsUnregistrationGranularity:5]]
LogConfig: Setting CVar [[s.FlushStreamingOnExit:1]]
LogInit: Object subsystem initialized
LogConfig: Setting CVar [[con.DebugEarlyDefault:1]]
LogConfig: Setting CVar [[r.setres:1280x720]]
[2022.07.07-08.41.54:547][  0]LogConfig: Setting CVar [[r.VSync:0]]
[2022.07.07-08.41.54:547][  0]LogConfig: Setting CVar [[r.RHICmdBypass:0]]
[2022.07.07-08.41.54:547][  0]LogConfig: Applying CVar settings from Section [/Script/Engine.RendererSettings] File [C:/Users/Jul/JahisCave-New/JahisCave_New/Saved/Config/Windows/Engine.ini]
[2022.07.07-08.41.54:547][  0]LogConfig: Setting CVar [[r.GPUCrashDebugging:0]]
[2022.07.07-08.41.54:547][  0]LogConfig: Applying CVar settings from Section [/Script/Engine.RendererOverrideSettings] File [C:/Users/Jul/JahisCave-New/JahisCave_New/Saved/Config/Windows/Engine.ini]
[2022.07.07-08.41.54:547][  0]LogConfig: Applying CVar settings from Section [/Script/Engine.StreamingSettings] File [C:/Users/Jul/JahisCave-New/JahisCave_New/Saved/Config/Windows/Engine.ini]
[2022.07.07-08.41.54:547][  0]LogConfig: Setting CVar [[s.MinBulkDataSizeForAsyncLoading:131072]]
[2022.07.07-08.41.54:547][  0]LogConfig: Setting CVar [[s.AsyncLoadingThreadEnabled:0]]
[2022.07.07-08.41.54:547][  0]LogConfig: Setting CVar [[s.EventDrivenLoaderEnabled:1]]
[2022.07.07-08.41.54:547][  0]LogConfig: Setting CVar [[s.WarnIfTimeLimitExceeded:0]]
[2022.07.07-08.41.54:547][  0]LogConfig: Setting CVar [[s.TimeLimitExceededMultiplier:1.5]]
[2022.07.07-08.41.54:547][  0]LogConfig: Setting CVar [[s.TimeLimitExceededMinTime:0.005]]
[2022.07.07-08.41.54:547][  0]LogConfig: Setting CVar [[s.UseBackgroundLevelStreaming:1]]
[2022.07.07-08.41.54:547][  0]LogConfig: Setting CVar [[s.PriorityAsyncLoadingExtraTime:15.0]]
[2022.07.07-08.41.54:547][  0]LogConfig: Setting CVar [[s.LevelStreamingActorsUpdateTimeLimit:5.0]]
[2022.07.07-08.41.54:547][  0]LogConfig: Setting CVar [[s.PriorityLevelStreamingActorsUpdateExtraTime:5.0]]
[2022.07.07-08.41.54:547][  0]LogConfig: Setting CVar [[s.LevelStreamingComponentsRegistrationGranularity:10]]
[2022.07.07-08.41.54:547][  0]LogConfig: Setting CVar [[s.UnregisterComponentsTimeLimit:1.0]]
[2022.07.07-08.41.54:547][  0]LogConfig: Setting CVar [[s.LevelStreamingComponentsUnregistrationGranularity:5]]
[2022.07.07-08.41.54:547][  0]LogConfig: Setting CVar [[s.FlushStreamingOnExit:1]]
[2022.07.07-08.41.54:547][  0]LogConfig: Applying CVar settings from Section [/Script/Engine.GarbageCollectionSettings] File [C:/Users/Jul/JahisCave-New/JahisCave_New/Saved/Config/Windows/Engine.ini]
[2022.07.07-08.41.54:547][  0]LogConfig: Setting CVar [[gc.MaxObjectsNotConsideredByGC:1]]
[2022.07.07-08.41.54:548][  0]LogConfig: Setting CVar [[gc.SizeOfPermanentObjectPool:0]]
[2022.07.07-08.41.54:548][  0]LogConfig: Setting CVar [[gc.FlushStreamingOnGC:0]]
[2022.07.07-08.41.54:548][  0]LogConfig: Setting CVar [[gc.NumRetriesBeforeForcingGC:10]]
[2022.07.07-08.41.54:548][  0]LogConfig: Setting CVar [[gc.AllowParallelGC:1]]
[2022.07.07-08.41.54:548][  0]LogConfig: Setting CVar [[gc.TimeBetweenPurgingPendingKillObjects:61.1]]
[2022.07.07-08.41.54:548][  0]LogConfig: Setting CVar [[gc.MaxObjectsInEditor:25165824]]
[2022.07.07-08.41.54:548][  0]LogConfig: Setting CVar [[gc.IncrementalBeginDestroyEnabled:1]]
[2022.07.07-08.41.54:548][  0]LogConfig: Setting CVar [[gc.CreateGCClusters:1]]
[2022.07.07-08.41.54:548][  0]LogConfig: Setting CVar [[gc.MinGCClusterSize:5]]
[2022.07.07-08.41.54:548][  0]LogConfig: Setting CVar [[gc.ActorClusteringEnabled:0]]
[2022.07.07-08.41.54:548][  0]LogConfig: Setting CVar [[gc.BlueprintClusteringEnabled:0]]
[2022.07.07-08.41.54:548][  0]LogConfig: Setting CVar [[gc.UseDisregardForGCOnDedicatedServers:0]]
[2022.07.07-08.41.54:548][  0]LogConfig: Setting CVar [[gc.MultithreadedDestructionEnabled:1]]
[2022.07.07-08.41.54:548][  0]LogConfig: Applying CVar settings from Section [/Script/Engine.NetworkSettings] File [C:/Users/Jul/JahisCave-New/JahisCave_New/Saved/Config/Windows/Engine.ini]
[2022.07.07-08.41.54:548][  0]LogConfig: Applying CVar settings from Section [/Script/UnrealEd.CookerSettings] File [C:/Users/Jul/JahisCave-New/JahisCave_New/Saved/Config/Windows/Engine.ini]
[2022.07.07-08.41.54:556][  0]LogConfig: Applying CVar settings from Section [ViewDistanceQuality@3] File [C:/Users/Jul/JahisCave-New/JahisCave_New/Saved/Config/Windows/Scalability.ini]
[2022.07.07-08.41.54:556][  0]LogConfig: Setting CVar [[r.SkeletalMeshLODBias:0]]
[2022.07.07-08.41.54:556][  0]LogConfig: Setting CVar [[r.ViewDistanceScale:1.0]]
[2022.07.07-08.41.54:556][  0]LogConfig: Applying CVar settings from Section [AntiAliasingQuality@3] File [C:/Users/Jul/JahisCave-New/JahisCave_New/Saved/Config/Windows/Scalability.ini]
[2022.07.07-08.41.54:556][  0]LogConfig: Setting CVar [[r.PostProcessAAQuality:4]]
[2022.07.07-08.41.54:556][  0]LogConfig: Applying CVar settings from Section [ShadowQuality@3] File [C:/Users/Jul/JahisCave-New/JahisCave_New/Saved/Config/Windows/Scalability.ini]
[2022.07.07-08.41.54:556][  0]LogConfig: Setting CVar [[r.LightFunctionQuality:1]]
[2022.07.07-08.41.54:556][  0]LogConfig: Setting CVar [[r.ShadowQuality:5]]
[2022.07.07-08.41.54:556][  0]LogConfig: Setting CVar [[r.Shadow.CSM.MaxCascades:10]]
[2022.07.07-08.41.54:556][  0]LogConfig: Setting CVar [[r.Shadow.MaxResolution:2048]]
[2022.07.07-08.41.54:556][  0]LogConfig: Setting CVar [[r.Shadow.MaxCSMResolution:2048]]
[2022.07.07-08.41.54:556][  0]LogConfig: Setting CVar [[r.Shadow.RadiusThreshold:0.01]]
[2022.07.07-08.41.54:556][  0]LogConfig: Setting CVar [[r.Shadow.DistanceScale:1.0]]
[2022.07.07-08.41.54:556][  0]LogConfig: Setting CVar [[r.Shadow.CSM.TransitionScale:1.0]]
[2022.07.07-08.41.54:556][  0]LogConfig: Setting CVar [[r.Shadow.PreShadowResolutionFactor:1.0]]
[2022.07.07-08.41.54:556][  0]LogConfig: Setting CVar [[r.DistanceFieldShadowing:1]]
[2022.07.07-08.41.54:556][  0]LogConfig: Setting CVar [[r.DistanceFieldAO:1]]
[2022.07.07-08.41.54:556][  0]LogConfig: Setting CVar [[r.AOQuality:2]]
[2022.07.07-08.41.54:556][  0]LogConfig: Setting CVar [[r.VolumetricFog:1]]
[2022.07.07-08.41.54:556][  0]LogConfig: Setting CVar [[r.VolumetricFog.GridPixelSize:8]]
[2022.07.07-08.41.54:556][  0]LogConfig: Setting CVar [[r.VolumetricFog.GridSizeZ:128]]
[2022.07.07-08.41.54:556][  0]LogConfig: Setting CVar [[r.VolumetricFog.HistoryMissSupersampleCount:4]]
[2022.07.07-08.41.54:556][  0]LogConfig: Setting CVar [[r.LightMaxDrawDistanceScale:1]]
[2022.07.07-08.41.54:556][  0]LogConfig: Setting CVar [[r.CapsuleShadows:1]]
[2022.07.07-08.41.54:556][  0]LogConfig: Applying CVar settings from Section [PostProcessQuality@3] File [C:/Users/Jul/JahisCave-New/JahisCave_New/Saved/Config/Windows/Scalability.ini]
[2022.07.07-08.41.54:556][  0]LogConfig: Setting CVar [[r.MotionBlurQuality:4]]
[2022.07.07-08.41.54:556][  0]LogConfig: Setting CVar [[r.AmbientOcclusionMipLevelFactor:0.4]]
[2022.07.07-08.41.54:556][  0]LogConfig: Setting CVar [[r.AmbientOcclusionMaxQuality:100]]
[2022.07.07-08.41.54:556][  0]LogConfig: Setting CVar [[r.AmbientOcclusionLevels:-1]]
[2022.07.07-08.41.54:556][  0]LogConfig: Setting CVar [[r.AmbientOcclusionRadiusScale:1.0]]
[2022.07.07-08.41.54:556][  0]LogConfig: Setting CVar [[r.DepthOfFieldQuality:2]]
[2022.07.07-08.41.54:556][  0]LogConfig: Setting CVar [[r.RenderTargetPoolMin:400]]
[2022.07.07-08.41.54:556][  0]LogConfig: Setting CVar [[r.LensFlareQuality:2]]
[2022.07.07-08.41.54:556][  0]LogConfig: Setting CVar [[r.SceneColorFringeQuality:1]]
[2022.07.07-08.41.54:556][  0]LogConfig: Setting CVar [[r.EyeAdaptationQuality:2]]
[2022.07.07-08.41.54:556][  0]LogConfig: Setting CVar [[r.BloomQuality:5]]
[2022.07.07-08.41.54:556][  0]LogConfig: Setting CVar [[r.FastBlurThreshold:100]]
[2022.07.07-08.41.54:556][  0]LogConfig: Setting CVar [[r.Upscale.Quality:3]]
[2022.07.07-08.41.54:556][  0]LogConfig: Setting CVar [[r.Tonemapper.GrainQuantization:1]]
[2022.07.07-08.41.54:556][  0]LogConfig: Setting CVar [[r.LightShaftQuality:1]]
[2022.07.07-08.41.54:556][  0]LogConfig: Setting CVar [[r.Filter.SizeScale:1]]
[2022.07.07-08.41.54:556][  0]LogConfig: Setting CVar [[r.Tonemapper.Quality:5]]
[2022.07.07-08.41.54:556][  0]LogConfig: Setting CVar [[r.DOF.Gather.AccumulatorQuality:1        ; higher gathering accumulator quality]]
[2022.07.07-08.41.54:556][  0]LogConfig: Setting CVar [[r.DOF.Gather.PostfilterMethod:1          ; Median3x3 postfilering method]]
[2022.07.07-08.41.54:556][  0]LogConfig: Setting CVar [[r.DOF.Gather.EnableBokehSettings:0       ; no bokeh simulation when gathering]]
[2022.07.07-08.41.54:556][  0]LogConfig: Setting CVar [[r.DOF.Gather.RingCount:4                 ; medium number of samples when gathering]]
[2022.07.07-08.41.54:556][  0]LogConfig: Setting CVar [[r.DOF.Scatter.ForegroundCompositing:1    ; additive foreground scattering]]
[2022.07.07-08.41.54:556][  0]LogConfig: Setting CVar [[r.DOF.Scatter.BackgroundCompositing:2    ; additive background scattering]]
[2022.07.07-08.41.54:556][  0]LogConfig: Setting CVar [[r.DOF.Scatter.EnableBokehSettings:1      ; bokeh simulation when scattering]]
[2022.07.07-08.41.54:556][  0]LogConfig: Setting CVar [[r.DOF.Scatter.MaxSpriteRatio:0.1         ; only a maximum of 10% of scattered bokeh]]
[2022.07.07-08.41.54:556][  0]LogConfig: Setting CVar [[r.DOF.Recombine.Quality:1                ; cheap slight out of focus]]
[2022.07.07-08.41.54:556][  0]LogConfig: Setting CVar [[r.DOF.Recombine.EnableBokehSettings:0    ; no bokeh simulation on slight out of focus]]
[2022.07.07-08.41.54:556][  0]LogConfig: Setting CVar [[r.DOF.TemporalAAQuality:1                ; more stable temporal accumulation]]
[2022.07.07-08.41.54:556][  0]LogConfig: Setting CVar [[r.DOF.Kernel.MaxForegroundRadius:0.025]]
[2022.07.07-08.41.54:556][  0]LogConfig: Setting CVar [[r.DOF.Kernel.MaxBackgroundRadius:0.025]]
[2022.07.07-08.41.54:556][  0]LogConfig: Applying CVar settings from Section [TextureQuality@3] File [C:/Users/Jul/JahisCave-New/JahisCave_New/Saved/Config/Windows/Scalability.ini]
[2022.07.07-08.41.54:556][  0]LogConfig: Setting CVar [[r.Streaming.MipBias:0]]
[2022.07.07-08.41.54:556][  0]LogConfig: Setting CVar [[r.Streaming.AmortizeCPUToGPUCopy:0]]
[2022.07.07-08.41.54:556][  0]LogConfig: Setting CVar [[r.Streaming.MaxNumTexturesToStreamPerFrame:0]]
[2022.07.07-08.41.54:556][  0]LogConfig: Setting CVar [[r.Streaming.Boost:1]]
[2022.07.07-08.41.54:556][  0]LogConfig: Setting CVar [[r.MaxAnisotropy:8]]
[2022.07.07-08.41.54:556][  0]LogConfig: Setting CVar [[r.VT.MaxAnisotropy:8]]
[2022.07.07-08.41.54:556][  0]LogConfig: Setting CVar [[r.Streaming.LimitPoolSizeToVRAM:0]]
[2022.07.07-08.41.54:556][  0]LogConfig: Setting CVar [[r.Streaming.PoolSize:1000]]
[2022.07.07-08.41.54:556][  0]LogConfig: Setting CVar [[r.Streaming.MaxEffectiveScreenSize:0]]
[2022.07.07-08.41.54:556][  0]LogConfig: Applying CVar settings from Section [EffectsQuality@3] File [C:/Users/Jul/JahisCave-New/JahisCave_New/Saved/Config/Windows/Scalability.ini]
[2022.07.07-08.41.54:556][  0]LogConfig: Setting CVar [[r.TranslucencyLightingVolumeDim:64]]
[2022.07.07-08.41.54:556][  0]LogConfig: Setting CVar [[r.RefractionQuality:2]]
[2022.07.07-08.41.54:556][  0]LogConfig: Setting CVar [[r.SSR.Quality:3]]
[2022.07.07-08.41.54:556][  0]LogConfig: Setting CVar [[r.SSR.HalfResSceneColor:0]]
[2022.07.07-08.41.54:556][  0]LogConfig: Setting CVar [[r.SceneColorFormat:4]]
[2022.07.07-08.41.54:556][  0]LogConfig: Setting CVar [[r.DetailMode:2]]
[2022.07.07-08.41.54:556][  0]LogConfig: Setting CVar [[r.TranslucencyVolumeBlur:1]]
[2022.07.07-08.41.54:556][  0]LogConfig: Setting CVar [[r.MaterialQualityLevel:1 ; High quality]]
[2022.07.07-08.41.54:556][  0]LogConfig: Setting CVar [[r.AnisotropicMaterials:1]]
[2022.07.07-08.41.54:556][  0]LogConfig: Setting CVar [[r.SSS.Scale:1]]
[2022.07.07-08.41.54:556][  0]LogConfig: Setting CVar [[r.SSS.SampleSet:2]]
[2022.07.07-08.41.54:556][  0]LogConfig: Setting CVar [[r.SSS.Quality:1]]
[2022.07.07-08.41.54:556][  0]LogConfig: Setting CVar [[r.SSS.HalfRes:0]]
[2022.07.07-08.41.54:556][  0]LogConfig: Setting CVar [[r.SSGI.Quality:3]]
[2022.07.07-08.41.54:556][  0]LogConfig: Setting CVar [[r.EmitterSpawnRateScale:1.0]]
[2022.07.07-08.41.54:556][  0]LogConfig: Setting CVar [[r.ParticleLightQuality:2]]
[2022.07.07-08.41.54:556][  0]LogConfig: Setting CVar [[r.SkyAtmosphere.AerialPerspectiveLUT.FastApplyOnOpaque:1 ; Always have FastSkyLUT 1 in this case to avoid wrong sky]]
[2022.07.07-08.41.54:556][  0]LogConfig: Setting CVar [[r.SkyAtmosphere.AerialPerspectiveLUT.SampleCountMaxPerSlice:4]]
[2022.07.07-08.41.54:556][  0]LogConfig: Setting CVar [[r.SkyAtmosphere.AerialPerspectiveLUT.DepthResolution:16.0]]
[2022.07.07-08.41.54:556][  0]LogConfig: Setting CVar [[r.SkyAtmosphere.FastSkyLUT:1]]
[2022.07.07-08.41.54:556][  0]LogConfig: Setting CVar [[r.SkyAtmosphere.FastSkyLUT.SampleCountMin:4.0]]
[2022.07.07-08.41.54:556][  0]LogConfig: Setting CVar [[r.SkyAtmosphere.FastSkyLUT.SampleCountMax:128.0]]
[2022.07.07-08.41.54:556][  0]LogConfig: Setting CVar [[r.SkyAtmosphere.SampleCountMin:4.0]]
[2022.07.07-08.41.54:556][  0]LogConfig: Setting CVar [[r.SkyAtmosphere.SampleCountMax:128.0]]
[2022.07.07-08.41.54:556][  0]LogConfig: Setting CVar [[r.SkyAtmosphere.TransmittanceLUT.UseSmallFormat:0]]
[2022.07.07-08.41.54:556][  0]LogConfig: Setting CVar [[r.SkyAtmosphere.TransmittanceLUT.SampleCount:10.0]]
[2022.07.07-08.41.54:556][  0]LogConfig: Setting CVar [[r.SkyAtmosphere.MultiScatteringLUT.SampleCount:15.0]]
[2022.07.07-08.41.54:556][  0]LogConfig: Setting CVar [[r.SkyLight.RealTimeReflectionCapture:1]]
[2022.07.07-08.41.54:556][  0]LogConfig: Applying CVar settings from Section [FoliageQuality@3] File [C:/Users/Jul/JahisCave-New/JahisCave_New/Saved/Config/Windows/Scalability.ini]
[2022.07.07-08.41.54:556][  0]LogConfig: Setting CVar [[foliage.DensityScale:1.0]]
[2022.07.07-08.41.54:556][  0]LogConfig: Setting CVar [[grass.DensityScale:1.0]]
[2022.07.07-08.41.54:557][  0]LogConfig: Applying CVar settings from Section [ShadingQuality@3] File [C:/Users/Jul/JahisCave-New/JahisCave_New/Saved/Config/Windows/Scalability.ini]
[2022.07.07-08.41.54:557][  0]LogConfig: Setting CVar [[r.HairStrands.SkyLighting.IntegrationType:2]]
[2022.07.07-08.41.54:557][  0]LogConfig: Setting CVar [[r.HairStrands.SkyAO.SampleCount:4]]
[2022.07.07-08.41.54:557][  0]LogConfig: Setting CVar [[r.HairStrands.Visibility.MSAA.SamplePerPixel:4]]
[2022.07.07-08.41.54:557][  0]LogInit: Selected Device Profile: [Windows]
[2022.07.07-08.41.54:557][  0]LogInit: Applying CVar settings loaded from the selected device profile: [Windows]
[2022.07.07-08.41.54:557][  0]LogHAL: Display: Platform has ~ 16 GB [16965230592 / 17179869184 / 16], which maps to Larger [LargestMinGB=32, LargerMinGB=12, DefaultMinGB=8, SmallerMinGB=6, SmallestMinGB=0)
[2022.07.07-08.41.54:557][  0]LogInit: Going up to parent DeviceProfile []
[2022.07.07-08.41.54:557][  0]LogConfig: Applying CVar settings from Section [ViewDistanceQuality@3] File [C:/Users/Jul/JahisCave-New/JahisCave_New/Saved/Config/Windows/Scalability.ini]
[2022.07.07-08.41.54:557][  0]LogConfig: Setting CVar [[r.SkeletalMeshLODBias:0]]
[2022.07.07-08.41.54:557][  0]LogConfig: Setting CVar [[r.ViewDistanceScale:1.0]]
[2022.07.07-08.41.54:557][  0]LogConfig: Applying CVar settings from Section [AntiAliasingQuality@3] File [C:/Users/Jul/JahisCave-New/JahisCave_New/Saved/Config/Windows/Scalability.ini]
[2022.07.07-08.41.54:557][  0]LogConfig: Setting CVar [[r.PostProcessAAQuality:4]]
[2022.07.07-08.41.54:557][  0]LogConfig: Applying CVar settings from Section [ShadowQuality@3] File [C:/Users/Jul/JahisCave-New/JahisCave_New/Saved/Config/Windows/Scalability.ini]
[2022.07.07-08.41.54:557][  0]LogConfig: Setting CVar [[r.LightFunctionQuality:1]]
[2022.07.07-08.41.54:557][  0]LogConfig: Setting CVar [[r.ShadowQuality:5]]
[2022.07.07-08.41.54:557][  0]LogConfig: Setting CVar [[r.Shadow.CSM.MaxCascades:10]]
[2022.07.07-08.41.54:557][  0]LogConfig: Setting CVar [[r.Shadow.MaxResolution:2048]]
[2022.07.07-08.41.54:557][  0]LogConfig: Setting CVar [[r.Shadow.MaxCSMResolution:2048]]
[2022.07.07-08.41.54:557][  0]LogConfig: Setting CVar [[r.Shadow.RadiusThreshold:0.01]]
[2022.07.07-08.41.54:557][  0]LogConfig: Setting CVar [[r.Shadow.DistanceScale:1.0]]
[2022.07.07-08.41.54:557][  0]LogConfig: Setting CVar [[r.Shadow.CSM.TransitionScale:1.0]]
[2022.07.07-08.41.54:557][  0]LogConfig: Setting CVar [[r.Shadow.PreShadowResolutionFactor:1.0]]
[2022.07.07-08.41.54:557][  0]LogConfig: Setting CVar [[r.DistanceFieldShadowing:1]]
[2022.07.07-08.41.54:557][  0]LogConfig: Setting CVar [[r.DistanceFieldAO:1]]
[2022.07.07-08.41.54:557][  0]LogConfig: Setting CVar [[r.AOQuality:2]]
[2022.07.07-08.41.54:557][  0]LogConfig: Setting CVar [[r.VolumetricFog:1]]
[2022.07.07-08.41.54:557][  0]LogConfig: Setting CVar [[r.VolumetricFog.GridPixelSize:8]]
[2022.07.07-08.41.54:557][  0]LogConfig: Setting CVar [[r.VolumetricFog.GridSizeZ:128]]
[2022.07.07-08.41.54:557][  0]LogConfig: Setting CVar [[r.VolumetricFog.HistoryMissSupersampleCount:4]]
[2022.07.07-08.41.54:557][  0]LogConfig: Setting CVar [[r.LightMaxDrawDistanceScale:1]]
[2022.07.07-08.41.54:557][  0]LogConfig: Setting CVar [[r.CapsuleShadows:1]]
[2022.07.07-08.41.54:557][  0]LogConfig: Applying CVar settings from Section [PostProcessQuality@3] File [C:/Users/Jul/JahisCave-New/JahisCave_New/Saved/Config/Windows/Scalability.ini]
[2022.07.07-08.41.54:557][  0]LogConfig: Setting CVar [[r.MotionBlurQuality:4]]
[2022.07.07-08.41.54:557][  0]LogConfig: Setting CVar [[r.AmbientOcclusionMipLevelFactor:0.4]]
[2022.07.07-08.41.54:557][  0]LogConfig: Setting CVar [[r.AmbientOcclusionMaxQuality:100]]
[2022.07.07-08.41.54:557][  0]LogConfig: Setting CVar [[r.AmbientOcclusionLevels:-1]]
[2022.07.07-08.41.54:557][  0]LogConfig: Setting CVar [[r.AmbientOcclusionRadiusScale:1.0]]
[2022.07.07-08.41.54:557][  0]LogConfig: Setting CVar [[r.DepthOfFieldQuality:2]]
[2022.07.07-08.41.54:557][  0]LogConfig: Setting CVar [[r.RenderTargetPoolMin:400]]
[2022.07.07-08.41.54:557][  0]LogConfig: Setting CVar [[r.LensFlareQuality:2]]
[2022.07.07-08.41.54:557][  0]LogConfig: Setting CVar [[r.SceneColorFringeQuality:1]]
[2022.07.07-08.41.54:557][  0]LogConfig: Setting CVar [[r.EyeAdaptationQuality:2]]
[2022.07.07-08.41.54:557][  0]LogConfig: Setting CVar [[r.BloomQuality:5]]
[2022.07.07-08.41.54:557][  0]LogConfig: Setting CVar [[r.FastBlurThreshold:100]]
[2022.07.07-08.41.54:557][  0]LogConfig: Setting CVar [[r.Upscale.Quality:3]]
[2022.07.07-08.41.54:557][  0]LogConfig: Setting CVar [[r.Tonemapper.GrainQuantization:1]]
[2022.07.07-08.41.54:557][  0]LogConfig: Setting CVar [[r.LightShaftQuality:1]]
[2022.07.07-08.41.54:557][  0]LogConfig: Setting CVar [[r.Filter.SizeScale:1]]
[2022.07.07-08.41.54:557][  0]LogConfig: Setting CVar [[r.Tonemapper.Quality:5]]
[2022.07.07-08.41.54:557][  0]LogConfig: Setting CVar [[r.DOF.Gather.AccumulatorQuality:1        ; higher gathering accumulator quality]]
[2022.07.07-08.41.54:557][  0]LogConfig: Setting CVar [[r.DOF.Gather.PostfilterMethod:1          ; Median3x3 postfilering method]]
[2022.07.07-08.41.54:557][  0]LogConfig: Setting CVar [[r.DOF.Gather.EnableBokehSettings:0       ; no bokeh simulation when gathering]]
[2022.07.07-08.41.54:557][  0]LogConfig: Setting CVar [[r.DOF.Gather.RingCount:4                 ; medium number of samples when gathering]]
[2022.07.07-08.41.54:557][  0]LogConfig: Setting CVar [[r.DOF.Scatter.ForegroundCompositing:1    ; additive foreground scattering]]
[2022.07.07-08.41.54:557][  0]LogConfig: Setting CVar [[r.DOF.Scatter.BackgroundCompositing:2    ; additive background scattering]]
[2022.07.07-08.41.54:557][  0]LogConfig: Setting CVar [[r.DOF.Scatter.EnableBokehSettings:1      ; bokeh simulation when scattering]]
[2022.07.07-08.41.54:557][  0]LogConfig: Setting CVar [[r.DOF.Scatter.MaxSpriteRatio:0.1         ; only a maximum of 10% of scattered bokeh]]
[2022.07.07-08.41.54:557][  0]LogConfig: Setting CVar [[r.DOF.Recombine.Quality:1                ; cheap slight out of focus]]
[2022.07.07-08.41.54:557][  0]LogConfig: Setting CVar [[r.DOF.Recombine.EnableBokehSettings:0    ; no bokeh simulation on slight out of focus]]
[2022.07.07-08.41.54:557][  0]LogConfig: Setting CVar [[r.DOF.TemporalAAQuality:1                ; more stable temporal accumulation]]
[2022.07.07-08.41.54:557][  0]LogConfig: Setting CVar [[r.DOF.Kernel.MaxForegroundRadius:0.025]]
[2022.07.07-08.41.54:557][  0]LogConfig: Setting CVar [[r.DOF.Kernel.MaxBackgroundRadius:0.025]]
[2022.07.07-08.41.54:557][  0]LogConfig: Applying CVar settings from Section [TextureQuality@3] File [C:/Users/Jul/JahisCave-New/JahisCave_New/Saved/Config/Windows/Scalability.ini]
[2022.07.07-08.41.54:557][  0]LogConfig: Setting CVar [[r.Streaming.MipBias:0]]
[2022.07.07-08.41.54:557][  0]LogConfig: Setting CVar [[r.Streaming.AmortizeCPUToGPUCopy:0]]
[2022.07.07-08.41.54:557][  0]LogConfig: Setting CVar [[r.Streaming.MaxNumTexturesToStreamPerFrame:0]]
[2022.07.07-08.41.54:557][  0]LogConfig: Setting CVar [[r.Streaming.Boost:1]]
[2022.07.07-08.41.54:557][  0]LogConfig: Setting CVar [[r.MaxAnisotropy:8]]
[2022.07.07-08.41.54:557][  0]LogConfig: Setting CVar [[r.VT.MaxAnisotropy:8]]
[2022.07.07-08.41.54:557][  0]LogConfig: Setting CVar [[r.Streaming.LimitPoolSizeToVRAM:0]]
[2022.07.07-08.41.54:557][  0]LogConfig: Setting CVar [[r.Streaming.PoolSize:1000]]
[2022.07.07-08.41.54:557][  0]LogConfig: Setting CVar [[r.Streaming.MaxEffectiveScreenSize:0]]
[2022.07.07-08.41.54:557][  0]LogConfig: Applying CVar settings from Section [EffectsQuality@3] File [C:/Users/Jul/JahisCave-New/JahisCave_New/Saved/Config/Windows/Scalability.ini]
[2022.07.07-08.41.54:557][  0]LogConfig: Setting CVar [[r.TranslucencyLightingVolumeDim:64]]
[2022.07.07-08.41.54:558][  0]LogConfig: Setting CVar [[r.RefractionQuality:2]]
[2022.07.07-08.41.54:558][  0]LogConfig: Setting CVar [[r.SSR.Quality:3]]
[2022.07.07-08.41.54:558][  0]LogConfig: Setting CVar [[r.SSR.HalfResSceneColor:0]]
[2022.07.07-08.41.54:558][  0]LogConfig: Setting CVar [[r.SceneColorFormat:4]]
[2022.07.07-08.41.54:558][  0]LogConfig: Setting CVar [[r.DetailMode:2]]
[2022.07.07-08.41.54:558][  0]LogConfig: Setting CVar [[r.TranslucencyVolumeBlur:1]]
[2022.07.07-08.41.54:558][  0]LogConfig: Setting CVar [[r.MaterialQualityLevel:1 ; High quality]]
[2022.07.07-08.41.54:558][  0]LogConfig: Setting CVar [[r.AnisotropicMaterials:1]]
[2022.07.07-08.41.54:558][  0]LogConfig: Setting CVar [[r.SSS.Scale:1]]
[2022.07.07-08.41.54:558][  0]LogConfig: Setting CVar [[r.SSS.SampleSet:2]]
[2022.07.07-08.41.54:558][  0]LogConfig: Setting CVar [[r.SSS.Quality:1]]
[2022.07.07-08.41.54:558][  0]LogConfig: Setting CVar [[r.SSS.HalfRes:0]]
[2022.07.07-08.41.54:558][  0]LogConfig: Setting CVar [[r.SSGI.Quality:3]]
[2022.07.07-08.41.54:558][  0]LogConfig: Setting CVar [[r.EmitterSpawnRateScale:1.0]]
[2022.07.07-08.41.54:558][  0]LogConfig: Setting CVar [[r.ParticleLightQuality:2]]
[2022.07.07-08.41.54:558][  0]LogConfig: Setting CVar [[r.SkyAtmosphere.AerialPerspectiveLUT.FastApplyOnOpaque:1 ; Always have FastSkyLUT 1 in this case to avoid wrong sky]]
[2022.07.07-08.41.54:558][  0]LogConfig: Setting CVar [[r.SkyAtmosphere.AerialPerspectiveLUT.SampleCountMaxPerSlice:4]]
[2022.07.07-08.41.54:558][  0]LogConfig: Setting CVar [[r.SkyAtmosphere.AerialPerspectiveLUT.DepthResolution:16.0]]
[2022.07.07-08.41.54:558][  0]LogConfig: Setting CVar [[r.SkyAtmosphere.FastSkyLUT:1]]
[2022.07.07-08.41.54:558][  0]LogConfig: Setting CVar [[r.SkyAtmosphere.FastSkyLUT.SampleCountMin:4.0]]
[2022.07.07-08.41.54:558][  0]LogConfig: Setting CVar [[r.SkyAtmosphere.FastSkyLUT.SampleCountMax:128.0]]
[2022.07.07-08.41.54:558][  0]LogConfig: Setting CVar [[r.SkyAtmosphere.SampleCountMin:4.0]]
[2022.07.07-08.41.54:558][  0]LogConfig: Setting CVar [[r.SkyAtmosphere.SampleCountMax:128.0]]
[2022.07.07-08.41.54:558][  0]LogConfig: Setting CVar [[r.SkyAtmosphere.TransmittanceLUT.UseSmallFormat:0]]
[2022.07.07-08.41.54:558][  0]LogConfig: Setting CVar [[r.SkyAtmosphere.TransmittanceLUT.SampleCount:10.0]]
[2022.07.07-08.41.54:558][  0]LogConfig: Setting CVar [[r.SkyAtmosphere.MultiScatteringLUT.SampleCount:15.0]]
[2022.07.07-08.41.54:558][  0]LogConfig: Setting CVar [[r.SkyLight.RealTimeReflectionCapture:1]]
[2022.07.07-08.41.54:558][  0]LogConfig: Applying CVar settings from Section [FoliageQuality@3] File [C:/Users/Jul/JahisCave-New/JahisCave_New/Saved/Config/Windows/Scalability.ini]
[2022.07.07-08.41.54:558][  0]LogConfig: Setting CVar [[foliage.DensityScale:1.0]]
[2022.07.07-08.41.54:558][  0]LogConfig: Setting CVar [[grass.DensityScale:1.0]]
[2022.07.07-08.41.54:558][  0]LogConfig: Applying CVar settings from Section [ShadingQuality@3] File [C:/Users/Jul/JahisCave-New/JahisCave_New/Saved/Config/Windows/Scalability.ini]
[2022.07.07-08.41.54:558][  0]LogConfig: Setting CVar [[r.HairStrands.SkyLighting.IntegrationType:2]]
[2022.07.07-08.41.54:558][  0]LogConfig: Setting CVar [[r.HairStrands.SkyAO.SampleCount:4]]
[2022.07.07-08.41.54:558][  0]LogConfig: Setting CVar [[r.HairStrands.Visibility.MSAA.SamplePerPixel:4]]
[2022.07.07-08.41.54:558][  0]LogConfig: Applying CVar settings from Section [Startup] File [../../../Engine/Config/ConsoleVariables.ini]
[2022.07.07-08.41.54:559][  0]LogConfig: Setting CVar [[net.UseAdaptiveNetUpdateFrequency:0]]
[2022.07.07-08.41.54:559][  0]LogConfig: Setting CVar [[p.chaos.AllowCreatePhysxBodies:1]]
[2022.07.07-08.41.54:559][  0]LogConfig: Setting CVar [[fx.SkipVectorVMBackendOptimizations:1]]
[2022.07.07-08.41.54:559][  0]LogConfig: Applying CVar settings from Section [ConsoleVariables] File [C:/Users/Jul/JahisCave-New/JahisCave_New/Saved/Config/Windows/Engine.ini]
[2022.07.07-08.41.54:559][  0]LogConfig: Applying CVar settings from Section [ConsoleVariables] File [C:/Users/Jul/JahisCave-New/JahisCave_New/Saved/Config/Windows/Editor.ini]
[2022.07.07-08.41.54:559][  0]LogInit: Computer: LAPTOP-O2FJ456T
[2022.07.07-08.41.54:559][  0]LogInit: User: Jul
[2022.07.07-08.41.54:559][  0]LogInit: CPU Page size=4096, Cores=4
[2022.07.07-08.41.54:559][  0]LogInit: High frequency timer resolution =10.000000 MHz
[2022.07.07-08.41.54:559][  0]LogMemory: Memory total: Physical=15.8GB (16GB approx)
[2022.07.07-08.41.54:559][  0]LogMemory: Platform Memory Stats for Windows
[2022.07.07-08.41.54:559][  0]LogMemory: Process Physical Memory: 144.75 MB used, 144.75 MB peak
[2022.07.07-08.41.54:559][  0]LogMemory: Process Virtual Memory: 128.48 MB used, 128.48 MB peak
[2022.07.07-08.41.54:559][  0]LogMemory: Physical Memory: 9483.95 MB used,  6695.35 MB free, 16179.30 MB total
[2022.07.07-08.41.54:559][  0]LogMemory: Virtual Memory: 134202224.00 MB used,  15506.80 MB free, 134217728.00 MB total
[2022.07.07-08.41.54:567][  0]LogWindows: WindowsPlatformFeatures enabled
[2022.07.07-08.41.54:621][  0]LogInit: Physics initialised using underlying interface: PhysX
[2022.07.07-08.41.54:621][  0]LogInit: Using OS detected language (de-DE).
[2022.07.07-08.41.54:621][  0]LogInit: Using OS detected locale (de-DE).
[2022.07.07-08.41.54:624][  0]LogTextLocalizationManager: No specific localization for 'de-DE' exists, so the 'de' localization will be used.
[2022.07.07-08.41.54:624][  0]LogTextLocalizationResource: LocRes '../../../Engine/Content/Localization/Editor/de/Editor.locres' could not be opened for reading!
[2022.07.07-08.41.54:624][  0]LogTextLocalizationResource: LocRes '../../../Engine/Content/Localization/EditorTutorials/de/EditorTutorials.locres' could not be opened for reading!
[2022.07.07-08.41.54:624][  0]LogTextLocalizationResource: LocRes '../../../Engine/Content/Localization/Keywords/de/Keywords.locres' could not be opened for reading!
[2022.07.07-08.41.54:624][  0]LogTextLocalizationResource: LocRes '../../../Engine/Content/Localization/Category/de/Category.locres' could not be opened for reading!
[2022.07.07-08.41.54:624][  0]LogTextLocalizationResource: LocRes '../../../Engine/Content/Localization/ToolTips/de/ToolTips.locres' could not be opened for reading!
[2022.07.07-08.41.54:624][  0]LogTextLocalizationResource: LocRes '../../../Engine/Content/Localization/PropertyNames/de/PropertyNames.locres' could not be opened for reading!
[2022.07.07-08.41.54:624][  0]LogTextLocalizationResource: LocRes '../../../Engine/Content/Localization/Engine/de/Engine.locres' could not be opened for reading!
[2022.07.07-08.41.54:625][  0]LogInit: Setting process to per monitor DPI aware
[2022.07.07-08.41.54:641][  0]LogWindowsTextInputMethodSystem: Display: IME system deactivated.
[2022.07.07-08.41.54:666][  0]LogSlate: New Slate User Created.  User Index 0, Is Virtual User: 0
[2022.07.07-08.41.54:666][  0]LogSlate: Slate User Registered.  User Index 0, Is Virtual User: 0
[2022.07.07-08.41.54:866][  0]LogD3D11RHI: Loaded GFSDK_Aftermath_Lib.x64.dll
[2022.07.07-08.41.54:918][  0]LogHMD: Failed to initialize OpenVR with code 110
[2022.07.07-08.41.54:918][  0]LogD3D11RHI: D3D11 min allowed feature level: 11_0
[2022.07.07-08.41.54:918][  0]LogD3D11RHI: D3D11 max allowed feature level: 11_0
[2022.07.07-08.41.54:918][  0]LogD3D11RHI: D3D11 adapters:
[2022.07.07-08.41.55:045][  0]LogD3D11RHI:    0. 'NVIDIA GeForce RTX 3060 Laptop GPU' (Feature Level 11_0)
[2022.07.07-08.41.55:045][  0]LogD3D11RHI:       6023/0/8089 MB DedicatedVideo/DedicatedSystem/SharedSystem, Outputs:1, VendorId:0x10de
[2022.07.07-08.41.55:118][  0]LogD3D11RHI:    1. 'Intel(R) Iris(R) Xe Graphics' (Feature Level 11_0)
[2022.07.07-08.41.55:118][  0]LogD3D11RHI:       128/0/8089 MB DedicatedVideo/DedicatedSystem/SharedSystem, Outputs:0, VendorId:0x8086
[2022.07.07-08.41.55:121][  0]LogD3D11RHI:    2. 'Microsoft Basic Render Driver' (Feature Level 11_0)
[2022.07.07-08.41.55:121][  0]LogD3D11RHI:       0/0/8089 MB DedicatedVideo/DedicatedSystem/SharedSystem, Outputs:0, VendorId:0x1414
[2022.07.07-08.41.55:121][  0]LogD3D11RHI: Chosen D3D11 Adapter:
[2022.07.07-08.41.55:121][  0]LogD3D11RHI:     Description : NVIDIA GeForce RTX 3060 Laptop GPU
[2022.07.07-08.41.55:121][  0]LogD3D11RHI:     VendorId    : 10de
[2022.07.07-08.41.55:121][  0]LogD3D11RHI:     DeviceId    : 2520
[2022.07.07-08.41.55:121][  0]LogD3D11RHI:     SubSysId    : 15261025
[2022.07.07-08.41.55:121][  0]LogD3D11RHI:     Revision    : 00a1
[2022.07.07-08.41.55:121][  0]LogD3D11RHI:     DedicatedVideoMemory : 6315573248 bytes
[2022.07.07-08.41.55:121][  0]LogD3D11RHI:     DedicatedSystemMemory : 0 bytes
[2022.07.07-08.41.55:121][  0]LogD3D11RHI:     SharedSystemMemory : 8482615296 bytes
[2022.07.07-08.41.55:121][  0]LogD3D11RHI:     AdapterLuid : 0 73303
[2022.07.07-08.41.55:128][  0]LogD3D11RHI: Creating new Direct3DDevice
[2022.07.07-08.41.55:128][  0]LogD3D11RHI:     GPU DeviceId: 0x2520 (for the marketing name, search the web for "GPU Device Id")
[2022.07.07-08.41.55:128][  0]LogWindows: EnumDisplayDevices:
[2022.07.07-08.41.55:128][  0]LogWindows:    0. 'Intel(R) Iris(R) Xe Graphics' (P:1 D:1)
[2022.07.07-08.41.55:129][  0]LogWindows:    1. 'Intel(R) Iris(R) Xe Graphics' (P:0 D:0)
[2022.07.07-08.41.55:129][  0]LogWindows:    2. 'Intel(R) Iris(R) Xe Graphics' (P:0 D:0)
[2022.07.07-08.41.55:129][  0]LogWindows:    3. 'Intel(R) Iris(R) Xe Graphics' (P:0 D:0)
[2022.07.07-08.41.55:129][  0]LogWindows:    4. 'NVIDIA GeForce RTX 3060 Laptop GPU' (P:0 D:0)
[2022.07.07-08.41.55:129][  0]LogWindows: DebugString: PrimaryIsNotTheChoosenAdapter PrimaryIsNotTheChoosenAdapter PrimaryIsNotTheChoosenAdapter PrimaryIsNotTheChoosenAdapter 
[2022.07.07-08.41.55:129][  0]LogD3D11RHI:     Adapter Name: NVIDIA GeForce RTX 3060 Laptop GPU
[2022.07.07-08.41.55:129][  0]LogD3D11RHI:   Driver Version: 461.72 (internal:27.21.14.6172, unified:461.72)
[2022.07.07-08.41.55:129][  0]LogD3D11RHI:      Driver Date: 2-23-2021
[2022.07.07-08.41.55:129][  0]LogRHI: Texture pool is 4216 MB (70% of 6023 MB)
[2022.07.07-08.41.55:129][  0]LogD3D11RHI: Creating D3DDevice using adapter:
[2022.07.07-08.41.55:129][  0]LogD3D11RHI:     Description : NVIDIA GeForce RTX 3060 Laptop GPU
[2022.07.07-08.41.55:129][  0]LogD3D11RHI:     VendorId    : 10de
[2022.07.07-08.41.55:129][  0]LogD3D11RHI:     DeviceId    : 2520
[2022.07.07-08.41.55:130][  0]LogD3D11RHI:     SubSysId    : 15261025
[2022.07.07-08.41.55:130][  0]LogD3D11RHI:     Revision    : 00a1
[2022.07.07-08.41.55:130][  0]LogD3D11RHI:     DedicatedVideoMemory : 6315573248 bytes
[2022.07.07-08.41.55:130][  0]LogD3D11RHI:     DedicatedSystemMemory : 0 bytes
[2022.07.07-08.41.55:130][  0]LogD3D11RHI:     SharedSystemMemory : 8482615296 bytes
[2022.07.07-08.41.55:130][  0]LogD3D11RHI:     AdapterLuid : 0 73303
[2022.07.07-08.41.55:234][  0]LogD3D11RHI: RHI has support for 64 bit atomics
[2022.07.07-08.41.55:235][  0]LogD3D11RHI: Async texture creation enabled
[2022.07.07-08.41.55:235][  0]LogD3D11RHI: Array index from any shader is supported
[2022.07.07-08.41.55:258][  0]LogD3D11RHI: GPU Timing Frequency: 1000.000000 (Debug: 2 2)
[2022.07.07-08.41.55:297][  0]LogRHI: GeForceNow SDK initialized: 1
[2022.07.07-08.41.55:705][  0]LogTargetPlatformManager: Display: Loaded TargetPlatform 'AllDesktop'
[2022.07.07-08.41.55:755][  0]LogTargetPlatformManager: Display: Loaded TargetPlatform 'Android'
[2022.07.07-08.41.55:755][  0]LogTargetPlatformManager: Display: Loaded TargetPlatform 'Android_ASTC'
[2022.07.07-08.41.55:755][  0]LogTargetPlatformManager: Display: Loaded TargetPlatform 'Android_DXT'
[2022.07.07-08.41.55:755][  0]LogTargetPlatformManager: Display: Loaded TargetPlatform 'Android_ETC2'
[2022.07.07-08.41.55:755][  0]LogTargetPlatformManager: Display: Loaded TargetPlatform 'AndroidClient'
[2022.07.07-08.41.55:755][  0]LogTargetPlatformManager: Display: Loaded TargetPlatform 'Android_ASTCClient'
[2022.07.07-08.41.55:755][  0]LogTargetPlatformManager: Display: Loaded TargetPlatform 'Android_DXTClient'
[2022.07.07-08.41.55:755][  0]LogTargetPlatformManager: Display: Loaded TargetPlatform 'Android_ETC2Client'
[2022.07.07-08.41.55:756][  0]LogTargetPlatformManager: Display: Loaded TargetPlatform 'Android_Multi'
[2022.07.07-08.41.55:756][  0]LogTargetPlatformManager: Display: Loaded TargetPlatform 'Android_MultiClient'
[2022.07.07-08.41.55:804][  0]LogTargetPlatformManager: Display: Loaded TargetPlatform 'IOSClient'
[2022.07.07-08.41.55:804][  0]LogTargetPlatformManager: Display: Loaded TargetPlatform 'IOS'
[2022.07.07-08.41.55:830][  0]LogTargetPlatformManager: Display: Loaded TargetPlatform 'Linux'
[2022.07.07-08.41.55:842][  0]LogTargetPlatformManager: Display: Loaded TargetPlatform 'LinuxNoEditor'
[2022.07.07-08.41.55:853][  0]LogTargetPlatformManager: Display: Loaded TargetPlatform 'LinuxClient'
[2022.07.07-08.41.55:864][  0]LogTargetPlatformManager: Display: Loaded TargetPlatform 'LinuxServer'
[2022.07.07-08.41.55:885][  0]LogTargetPlatformManager: Display: Loaded TargetPlatform 'LinuxAArch64NoEditor'
[2022.07.07-08.41.55:896][  0]LogTargetPlatformManager: Display: Loaded TargetPlatform 'LinuxAArch64Client'
[2022.07.07-08.41.55:903][  0]LogTargetPlatformManager: Display: Loaded TargetPlatform 'LinuxAArch64Server'
[2022.07.07-08.41.55:970][  0]LogTargetPlatformManager: Display: Loaded TargetPlatform 'Lumin'
[2022.07.07-08.41.55:970][  0]LogTargetPlatformManager: Display: Loaded TargetPlatform 'LuminClient'
[2022.07.07-08.41.55:992][  0]LogTargetPlatformManager: Display: Loaded TargetPlatform 'MacNoEditor'
[2022.07.07-08.41.56:000][  0]LogTargetPlatformManager: Display: Loaded TargetPlatform 'Mac'
[2022.07.07-08.41.56:006][  0]LogTargetPlatformManager: Display: Loaded TargetPlatform 'MacClient'
[2022.07.07-08.41.56:012][  0]LogTargetPlatformManager: Display: Loaded TargetPlatform 'MacServer'
[2022.07.07-08.41.56:024][  0]LogTargetPlatformManager: Display: Loaded TargetPlatform 'TVOSClient'
[2022.07.07-08.41.56:024][  0]LogTargetPlatformManager: Display: Loaded TargetPlatform 'TVOS'
[2022.07.07-08.41.56:036][  0]LogTargetPlatformManager: Display: Loaded TargetPlatform 'WindowsNoEditor'
[2022.07.07-08.41.56:043][  0]LogTargetPlatformManager: Display: Loaded TargetPlatform 'Windows'
[2022.07.07-08.41.56:049][  0]LogTargetPlatformManager: Display: Loaded TargetPlatform 'WindowsClient'
[2022.07.07-08.41.56:055][  0]LogTargetPlatformManager: Display: Loaded TargetPlatform 'WindowsServer'
[2022.07.07-08.41.56:055][  0]LogTargetPlatformManager: Display: Building Assets For Windows
[2022.07.07-08.41.56:065][  0]LogAudioDebug: Display: Lib vorbis DLL was dynamically loaded.
[2022.07.07-08.41.56:109][  0]LogTextureFormatOodle: Display: Oodle Texture 2.9.0 init RDO Off
[2022.07.07-08.41.56:152][  0]LogRendererCore: Ray tracing is disabled. Reason: r.RayTracing=0.
[2022.07.07-08.41.56:152][  0]LogShaderCompilers: Guid format shader working directory is -12 characters bigger than the processId version (../../../../../../Users/Jul/JahisCave-New/JahisCave_New/Intermediate/Shaders/WorkingDirectory/22984/).
[2022.07.07-08.41.56:152][  0]LogShaderCompilers: Cleaned the shader compiler working directory 'C:/Users/Jul/AppData/Local/Temp/UnrealShaderWorkingDir/DC102BB141575538C1767CABE4E272CA/'.
[2022.07.07-08.41.56:152][  0]LogXGEController: Cannot use XGE Controller as Incredibuild is not installed on this machine.
[2022.07.07-08.41.56:152][  0]LogShaderCompilers: Cannot use XGE Shader Compiler as Incredibuild is not installed on this machine.
[2022.07.07-08.41.56:152][  0]LogShaderCompilers: Display: Using Local Shader Compiler.
[2022.07.07-08.41.57:553][  0]LogDerivedDataCache: Display: Max Cache Size: 512 MB
[2022.07.07-08.41.57:629][  0]LogDerivedDataCache: Loaded boot cache 0.08s 94MB C:/Users/Jul/AppData/Local/UnrealEngine/4.27/DerivedDataCache/Boot.ddc.
[2022.07.07-08.41.57:629][  0]LogDerivedDataCache: Display: Loaded Boot cache: C:/Users/Jul/AppData/Local/UnrealEngine/4.27/DerivedDataCache/Boot.ddc
[2022.07.07-08.41.57:629][  0]LogDerivedDataCache: FDerivedDataBackendGraph:  Pak pak cache file ../../../../../../Users/Jul/JahisCave-New/JahisCave_New/DerivedDataCache/DDC.ddp not found, will not use a pak cache.
[2022.07.07-08.41.57:629][  0]LogDerivedDataCache: Unable to find inner node Pak for hierarchical cache Hierarchy.
[2022.07.07-08.41.57:629][  0]LogDerivedDataCache: FDerivedDataBackendGraph:  CompressedPak pak cache file ../../../../../../Users/Jul/JahisCave-New/JahisCave_New/DerivedDataCache/Compressed.ddp not found, will not use a pak cache.
[2022.07.07-08.41.57:629][  0]LogDerivedDataCache: Unable to find inner node CompressedPak for hierarchical cache Hierarchy.
[2022.07.07-08.41.57:659][  0]LogDerivedDataCache: Display: Pak cache opened for reading ../../../Engine/DerivedDataCache/Compressed.ddp.
[2022.07.07-08.41.57:659][  0]LogDerivedDataCache: FDerivedDataBackendGraph:  EnterprisePak pak cache file ../../../Enterprise/DerivedDataCache/Compressed.ddp not found, will not use a pak cache.
[2022.07.07-08.41.57:659][  0]LogDerivedDataCache: Unable to find inner node EnterprisePak for hierarchical cache Hierarchy.
[2022.07.07-08.41.57:675][  0]LogDerivedDataCache: Speed tests for C:/Users/Jul/AppData/Local/UnrealEngine/Common/DerivedDataCache took 0.02 seconds
[2022.07.07-08.41.57:675][  0]LogDerivedDataCache: Display: Performance to C:/Users/Jul/AppData/Local/UnrealEngine/Common/DerivedDataCache: Latency=0.03ms. RandomReadSpeed=148.95MBs, RandomWriteSpeed=97.61MBs. Assigned SpeedClass 'Local'
[2022.07.07-08.41.57:676][  0]LogDerivedDataCache: Using Local data cache path C:/Users/Jul/AppData/Local/UnrealEngine/Common/DerivedDataCache: Writable
[2022.07.07-08.41.57:676][  0]LogDerivedDataCache: Shared data cache path not found in *engine.ini, will not use an Shared cache.
[2022.07.07-08.41.57:676][  0]LogDerivedDataCache: Unable to find inner node Shared for hierarchical cache Hierarchy.
[2022.07.07-08.41.57:794][  0]LogSlate: Using FreeType 2.10.0
[2022.07.07-08.41.57:795][  0]LogSlate: SlateFontServices - WITH_FREETYPE: 1, WITH_HARFBUZZ: 1
[2022.07.07-08.41.57:850][  0]LogAssetRegistry: FAssetRegistry took 0.0061 seconds to start up
[2022.07.07-08.41.58:222][  0]LogInit: Selected Device Profile: [Windows]
[2022.07.07-08.41.58:222][  0]LogInit: Active device profile: [00000192DF998900][00000192D0DF3440 49] Windows
[2022.07.07-08.41.58:222][  0]LogInit: Profiles: [00000192DF998900][00000192D0DF3440 49] Windows, [00000192DF963300][00000192D541B5C0 49] WindowsNoEditor, [00000192DF99B500][00000192D541F740 49] WindowsServer, [00000192DF963D00][00000192D5C798C0 49] WindowsClient, [00000192DF99B800][00000192D5C7DA40 49] IOS, [00000192DF962300][00000192D5C81BC0 49] iPadAir, [00000192DF99A000][00000192D5C841C0 49] iPadAir2, [00000192DF8F0A00][00000192D5C8C480 49] IPadPro, [00000192DF8F0B00][00000192D5C884C0 49] iPadAir3, [00000192DF961400][00000192D5C90640 49] iPadAir4, [00000192DF8F3400][00000192D4884780 49] iPadMini2, [00000192DF962500][00000192D5C948C0 49] iPadMini3, [00000192DF8F1700][00000192D5C98A00 49] iPadMini4, [00000192DF999100][00000192D5C9CB40 49] iPadMini5, [00000192DF918300][00000192D5CA8E00 49] iPhone6, [00000192DF918400][00000192D5CA4E40 49] iPodTouch6, [00000192DF8E3F00][00000192DEAC1100 49] iPhone7, [00000192DF8E3E00][00000192DEABD140 49] iPodTouch7, [00000192DF961B00][00000192DEAC52C0 49] iPhone5S, [00000192DF8E1A00][00000192DEAC9440 49] iPhone6Plus, [00000192DF918200][00000192DEACD5C0 49] iPhone6S, [00000192DF8E0600][00000192DEAD1740 49] iPhone6SPlus, [00000192DF91A900][00000192DEAD58C0 49] iPhone7Plus, [00000192DF8E3100][00000192DEAD9A40 49] iPhoneSE, [00000192DF91A200][00000192DEADDBC0 49] iPhone8, [00000192DF8E3B00][00000192DEAE01C0 49] iPhone8Plus, [00000192DF918A00][00000192DEAE4340 49] iPhoneX, [00000192DF8E1400][00000192DEAE84C0 49] iPhoneXS, [00000192DF91B900][00000192DEAEC640 49] iPhoneXSMax, [00000192DF8E0900][00000192DEAF07C0 49] iPhoneXR, [00000192DF91AF00][00000192DEAF4940 49] iPhone11, [00000192DF8E1300][00000192D5CA0A80 49] iPhone11Pro, [00000192DF919000][00000192DEAF8BC0 49] iPhone11ProMax, [00000192DF8E2A00][00000192DEAFCD00 49] iPhoneSE2, [00000192DF919400][00000192DEB04E80 49] iPhone12Mini, [00000192DF8E2400][00000192DEB09000 49] iPhone12, [00000192DF918D00][00000192DEB0D180 49] iPhone12Pro, [00000192DF8E2B00][00000192DEB11300 49] iPhone12ProMax, [00000192DF91B000][00000192DEB15480 49] iPadPro105, [00000192DF8E0700][00000192DEB19600 49] iPadPro129, [00000192DF91A800][00000192DEB1D780 49] iPadPro97, [00000192DF8E2600][00000192DEB21900 49] iPadPro2_129, [00000192DF91BC00][00000192DEB25A80 49] iPad5, [00000192DF8E2200][00000192DEB29C00 49] iPad6, [00000192DF918F00][00000192DEB2C200 49] iPad7, [00000192DF8E2D00][00000192DEB30380 49] iPad8, [00000192DF919100][00000192DEB34500 49] iPadPro11, [00000192DF8E1600][00000192DEB38680 49] iPadPro2_11, [00000192DF91B400][00000192DEB3C800 49] iPadPro3_129, [00000192DF8E2800][00000192DEB40980 49] iPadPro4_129, [00000192DF91BA00][00000192DEB44B00 49] AppleTV, [00000192DF8E2100][00000192DEB00C40 49] AppleTV4K, [00000192DF919F00][00000192DEB48D80 49] TVOS, [00000192DF8E3400][00000192DEB4CEC0 49] Mac, [00000192DF91B800][00000192DEB55040 49] MacClient, [00000192DF8E1E00][00000192DEB591C0 49] MacNoEditor, [00000192DF91BF00][00000192DEB5D340 49] MacServer, [00000192DF8E3500][00000192DEB614C0 49] Linux, [00000192DF918C00][00000192DEB65640 49] LinuxAArch64, [00000192DF8E2F00][00000192DEB697C0 49] LinuxNoEditor, [00000192DF918B00][00000192DEB6D940 49] LinuxAArch64NoEditor, [00000192DF8E3700][00000192DEB71AC0 49] LinuxClient, [00000192DF919A00][00000192DEB740C0 49] LinuxAArch64Client, [00000192DF8E1000][00000192DEB78240 49] LinuxServer, [00000192DF91A500][00000192DEB7C3C0 49] LinuxAArch64Server, [00000192DF8E1900][00000192DEB80540 49] Android, [00000192DF919300][00000192DEB846C0 49] Android_Low, [00000192DF8E2700][00000192DEB88840 49] Android_Mid, [00000192DF91AB00][00000192DEB8C9C0 49] Android_High, [00000192DF8E3800][00000192DEB90B40 49] Android_Default, [00000192DF919600][00000192DEB94CC0 49] Android_Adreno4xx, [00000192DF8E1500][00000192DEB50E00 49] Android_Adreno5xx_Low, [00000192DF8F3600][00000192DEB98F40 49] Android_Adreno5xx, [00000192DF961300][00000192DEB9D080 49] Android_Adreno6xx, [00000192DF8F1200][00000192DEBA11C0 49] Android_Adreno6xx_Vulkan, [00000192DF963700][00000192DEBA9340 49] Android_Mali_T6xx, [00000192DF8F1100][00000192DEBAD4C0 49] Android_Mali_T7xx, [00000192DF961100][00000192DEBB1640 49] Android_Mali_T8xx, [00000192DF8F1E00][00000192DEBB57C0 49] Android_Mali_G71, [00000192DF960500][00000192DEBB9940 49] Android_Mali_G72, [00000192DF8F0800][00000192DEBBDAC0 49] Android_Mali_G72_Vulkan, [00000192DF960E00][00000192DEBC00C0 49] Android_Mali_G76, [00000192DF8F0100][00000192DEBC4240 49] Android_Mali_G76_Vulkan, [00000192DF961A00][00000192DEBC83C0 49] Android_Mali_G77, [00000192DF8F1000][00000192DEBCC540 49] Android_Mali_G77_Vulkan, [00000192DF960A00][00000192DEBD06C0 49] Android_Mali_G78, [00000192DF8F2C00][00000192DEBD4840 49] Android_Mali_G78_Vulkan, [00000192DF963100][00000192DEBD89C0 49] Android_Mali_G710, [00000192DF8F2A00][00000192DEBDCB40 49] Android_Mali_G710_Vulkan, [00000192DF963A00][00000192DEBE0CC0 49] Android_Vulkan_SM5, [00000192DF8F3B00][00000192DEBE4E40 49] Android_PowerVR_G6xxx, [00000192DF963600][00000192DEBA4F80 49] Android_PowerVR_GT7xxx, [00000192DF8F3900][00000192DEBE90C0 49] Android_PowerVR_GE8xxx, [00000192DF963F00][00000192DEBED200 49] Android_PowerVR_GM9xxx, [00000192DF8F2700][00000192DEBF1340 49] Android_PowerVR_GM9xxx_Vulkan, [00000192DF962200][00000192DEBF94C0 49] Android_TegraK1, [00000192DF8F0900][00000192DEBFD640 49] Android_Unknown_Vulkan, [00000192DF961800][00000192DEC017C0 49] Lumin, [00000192DF8F0500][00000192DEC05940 49] Lumin_Desktop, [00000192DF962E00][00000192DEC09AC0 49] HoloLens, 
[2022.07.07-08.41.58:402][  0]LogMeshReduction: Using QuadricMeshReduction for automatic static mesh reduction
[2022.07.07-08.41.58:402][  0]LogMeshReduction: Using SimplygonMeshReduction for automatic skeletal mesh reduction
[2022.07.07-08.41.58:402][  0]LogMeshReduction: Using ProxyLODMeshReduction for automatic mesh merging
[2022.07.07-08.41.58:402][  0]LogMeshReduction: No distributed automatic mesh merging module available
[2022.07.07-08.41.58:402][  0]LogMeshMerging: No distributed automatic mesh merging module available
[2022.07.07-08.41.58:437][  0]LogNetVersion: JahisCave_New 1.0.0, NetCL: 17155196, EngineNetVer: 17, GameNetVer: 0 (Checksum: 1539265337)
[2022.07.07-08.41.59:029][  0]LogTexture: Default maximum texture size for cubemaps generated from long-lat sources has been changed from 512 to unlimited. In order to preserve old behaiour for '/Engine/MapTemplates/Sky/DaylightAmbientCubemap.DaylightAmbientCubemap', its maximum texture size has been explicitly set to 512.
[2022.07.07-08.41.59:161][  0]LogHMD: PokeAHoleMaterial loaded successfully
[2022.07.07-08.41.59:171][  0]LogUObjectArray: 17178 objects as part of root set at end of initial load.
[2022.07.07-08.41.59:171][  0]LogUObjectAllocator: 4301856 out of 0 bytes used by permanent object pool.
[2022.07.07-08.41.59:171][  0]LogUObjectArray: CloseDisregardForGC: 0/0 objects in disregard for GC pool
[2022.07.07-08.41.59:777][  0]LogPython: Using Python 3.7.7
[2022.07.07-08.42.00:454][  0]LogNiagaraDebuggerClient: Niagara Debugger Client Initialized | Session: E6B545604B736062006FFFB47A660954 | Instance: 1DC0E56A40C1E53CACC1F39F0F03CB57 (LAPTOP-O2FJ456T-22984).
[2022.07.07-08.42.00:512][  0]LogImageWrapper: Warning: PNG Warning: Duplicate iCCP chunk
[2022.07.07-08.42.00:512][  0]LogImageWrapper: Warning: PNG Warning: Duplicate iCCP chunk
[2022.07.07-08.42.00:512][  0]LogUdpMessaging: Initializing bridge on interface 0.0.0.0:0 to multicast group 230.0.0.1:6666.
[2022.07.07-08.42.00:521][  0]LogTcpMessaging: Initializing TcpMessaging bridge
[2022.07.07-08.42.00:743][  0]LogLinker: Warning: Failed to load '/Game/ThirdPersonBP/ThirdPersonOverview': Can't find file.
[2022.07.07-08.42.00:743][  0]LogLinker: Warning: Failed to load '/Game/ThirdPersonBP/ThirdPersonOverview': Can't find file.
[2022.07.07-08.42.00:743][  0]LogUObjectGlobals: Warning: Failed to find object 'Class /Game/ThirdPersonBP/ThirdPersonOverview.ThirdPersonOverview_C'
[2022.07.07-08.42.01:148][  0]LogOpenImageDenoise: OIDN starting up
[2022.07.07-08.42.01:223][  0]LogAndroidPermission: UAndroidPermissionCallbackProxy::GetInstance
[2022.07.07-08.42.01:248][  0]LogAudioCaptureCore: Display: No Audio Capture implementations found. Audio input will be silent.
[2022.07.07-08.42.01:248][  0]LogAudioCaptureCore: Display: No Audio Capture implementations found. Audio input will be silent.
[2022.07.07-08.42.01:400][  0]SourceControl: Source control is disabled
[2022.07.07-08.42.01:401][  0]SourceControl: Source control is disabled
[2022.07.07-08.42.01:407][  0]SourceControl: Source control is disabled
[2022.07.07-08.42.01:414][  0]SourceControl: Source control is disabled
[2022.07.07-08.42.01:429][  0]SourceControl: Source control is disabled
[2022.07.07-08.42.01:440][  0]LogUProjectInfo: Found projects:
[2022.07.07-08.42.01:458][  0]LogCollectionManager: Loaded 0 collections in 0.001709 seconds
[2022.07.07-08.42.01:494][  0]LogFileCache: Scanning file cache for directory 'C:/Users/Jul/JahisCave-New/JahisCave_New/Saved/Collections/' took 0.00s
[2022.07.07-08.42.01:494][  0]LogFileCache: Scanning file cache for directory 'C:/Users/Jul/JahisCave-New/JahisCave_New/Content/Developers/Jul/Collections/' took 0.00s
[2022.07.07-08.42.01:494][  0]LogFileCache: Scanning file cache for directory 'C:/Users/Jul/JahisCave-New/JahisCave_New/Content/Collections/' took 0.00s
[2022.07.07-08.42.01:494][  0]LogOcInput: OculusInput pre-init called
[2022.07.07-08.42.01:731][  0]LogImageWrapper: Warning: PNG Warning: Duplicate iCCP chunk
[2022.07.07-08.42.01:731][  0]LogImageWrapper: Warning: PNG Warning: Duplicate iCCP chunk
[2022.07.07-08.42.01:982][  0]LogImageWrapper: Warning: PNG Warning: Duplicate iCCP chunk
[2022.07.07-08.42.01:983][  0]LogImageWrapper: Warning: PNG Warning: Duplicate iCCP chunk
[2022.07.07-08.42.02:413][  0]LogImageWrapper: Warning: PNG Warning: Duplicate iCCP chunk
[2022.07.07-08.42.02:413][  0]LogImageWrapper: Warning: PNG Warning: Duplicate iCCP chunk
[2022.07.07-08.42.02:413][  0]LogClass: Display: Int8Property FMTSJson::version is not initialized properly. Module:MegascansPlugin File:Private/Utilities/MTSReader.h
[2022.07.07-08.42.02:413][  0]LogClass: Display: Int16Property FMTSJson::resolutionValue is not initialized properly. Module:MegascansPlugin File:Private/Utilities/MTSReader.h
[2022.07.07-08.42.02:413][  0]LogClass: Display: BoolProperty FMTSJson::isExternal is not initialized properly. Module:MegascansPlugin File:Private/Utilities/MTSReader.h
[2022.07.07-08.42.02:413][  0]LogClass: Display: Int8Property FMTSJson::meshVersion is not initialized properly. Module:MegascansPlugin File:Private/Utilities/MTSReader.h
[2022.07.07-08.42.02:413][  0]LogClass: Display: BoolProperty FMTSJson::isCustom is not initialized properly. Module:MegascansPlugin File:Private/Utilities/MTSReader.h
[2022.07.07-08.42.02:413][  0]LogClass: Display: BoolProperty FMTSJson::isModularAsset is not initialized properly. Module:MegascansPlugin File:Private/Utilities/MTSReader.h
[2022.07.07-08.42.02:413][  0]LogClass: Display: Int8Property FLodList::variation is not initialized properly. Module:MegascansPlugin File:Private/Utilities/MTSReader.h
[2022.07.07-08.42.02:413][  0]LogClass: Display: Int16Property FMeshList::resolution is not initialized properly. Module:MegascansPlugin File:Private/Utilities/MTSReader.h
[2022.07.07-08.42.02:413][  0]LogClass: Display: Int16Property FComponents::resolution is not initialized properly. Module:MegascansPlugin File:Private/Utilities/MTSReader.h
[2022.07.07-08.42.02:413][  0]LogClass: Display: BoolProperty FTextureSets::isUdim is not initialized properly. Module:MegascansPlugin File:Private/Utilities/MTSReader.h
[2022.07.07-08.42.02:413][  0]LogClass: Display: BoolProperty FMeta::value is not initialized properly. Module:MegascansPlugin File:Private/Utilities/MTSReader.h
[2022.07.07-08.42.02:413][  0]LogClass: Display: 11 Uninitialized script struct members found including 0 object properties
[2022.07.07-08.42.02:413][  0]LogAutomationTest: Warning: PNG Warning: Duplicate iCCP chunk
[2022.07.07-08.42.02:413][  0]LogAutomationTest: Warning: PNG Warning: Duplicate iCCP chunk
[2022.07.07-08.42.02:414][  0]LogEngine: Initializing Engine...
[2022.07.07-08.42.02:503][  0]LogHMD: Failed to enumerate extensions. Please check that you have a valid OpenXR runtime installed.
[2022.07.07-08.42.02:503][  0]LogHMD: Failed to initialize OpenVR with code 110
[2022.07.07-08.42.02:504][  0]LogMagicLeap: Warning: VR disabled because ZI is not enabled.  To enable, in the editor, Edit -> Project Settings -> Plugins -> Magic Leap Plugin -> Enable Zero Iteration
[2022.07.07-08.42.02:505][  0]LogStats: UGameplayTagsManager::InitializeManager -  0.000 s
[2022.07.07-08.42.02:801][  0]LogInit: Initializing FReadOnlyCVARCache
[2022.07.07-08.42.02:816][  0]LogAIModule: Creating AISystem for world Untitled
[2022.07.07-08.42.02:817][  0]LogAudio: Display: Initializing Audio Device Manager...
[2022.07.07-08.42.02:825][  0]LogAudio: Display: Loading Default Audio Settings Objects...
[2022.07.07-08.42.02:826][  0]LogAudio: Display: No default SoundConcurrencyObject specified (or failed to load).
[2022.07.07-08.42.02:827][  0]LogAudio: Display: Audio Device Manager Initialized
[2022.07.07-08.42.02:827][  0]LogAudio: Display: Creating Audio Device:                 Id: 1, Scope: Shared, Realtime: True
[2022.07.07-08.42.02:827][  0]LogAudioMixer: Display: Audio Mixer Platform Settings:
[2022.07.07-08.42.02:827][  0]LogAudioMixer: Display: 	Sample Rate:						  48000
[2022.07.07-08.42.02:827][  0]LogAudioMixer: Display: 	Callback Buffer Frame Size Requested: 1024
[2022.07.07-08.42.02:827][  0]LogAudioMixer: Display: 	Callback Buffer Frame Size To Use:	  1024
[2022.07.07-08.42.02:827][  0]LogAudioMixer: Display: 	Number of buffers to queue:			  2
[2022.07.07-08.42.02:827][  0]LogAudioMixer: Display: 	Max Channels (voices):				  32
[2022.07.07-08.42.02:827][  0]LogAudioMixer: Display: 	Number of Async Source Workers:		  0
[2022.07.07-08.42.02:827][  0]LogAudio: Display: AudioDevice MaxSources: 32
[2022.07.07-08.42.02:827][  0]LogAudio: Display: Audio Spatialization Plugin: None (built-in).
[2022.07.07-08.42.02:827][  0]LogAudio: Display: Audio Reverb Plugin: None (built-in).
[2022.07.07-08.42.02:827][  0]LogAudio: Display: Audio Occlusion Plugin: None (built-in).
[2022.07.07-08.42.02:827][  0]LogAudioMixer: Display: Initializing audio mixer.
[2022.07.07-08.42.02:855][  0]LogAudioMixer: Display: 0: FrontLeft
[2022.07.07-08.42.02:855][  0]LogAudioMixer: Display: 1: FrontRight
[2022.07.07-08.42.03:027][  0]LogAudioMixer: Display: Using Audio Device Kopfhörer (Realtek(R) Audio)
[2022.07.07-08.42.03:029][  0]LogAudioMixer: Display: Initializing Sound Submixes...
[2022.07.07-08.42.03:033][  0]LogAudioMixer: Display: Creating Master Submix 'MasterSubmixDefault'
[2022.07.07-08.42.03:034][  0]LogAudioMixer: Display: Creating Master Submix 'MasterReverbSubmixDefault'
[2022.07.07-08.42.03:035][  0]LogAudioMixer: Display: Creating Master Submix 'MasterEQSubmixDefault'
[2022.07.07-08.42.03:035][  0]LogAudioMixer: FMixerPlatformXAudio2::StartAudioStream() called
[2022.07.07-08.42.03:035][  0]LogAudioMixer: Display: Output buffers initialized: Frames=1024, Channels=2, Samples=2048
[2022.07.07-08.42.03:036][  0]LogAudioMixer: Display: Starting AudioMixerPlatformInterface::RunInternal()
[2022.07.07-08.42.03:036][  0]LogAudioMixer: Display: FMixerPlatformXAudio2::SubmitBuffer() called for the first time
[2022.07.07-08.42.03:036][  0]LogInit: FAudioDevice initialized.
[2022.07.07-08.42.03:037][  0]LogAudio: Display: Audio Device (ID: 1) registered with world 'Untitled'.
[2022.07.07-08.42.03:037][  0]LogNetVersion: Set ProjectVersion to 1.0.0.0. Version Checksum will be recalculated on next use.
[2022.07.07-08.42.03:111][  0]LogDerivedDataCache: Saved boot cache 0.08s 94MB C:/Users/Jul/AppData/Local/UnrealEngine/4.27/DerivedDataCache/Boot.ddc.
[2022.07.07-08.42.03:112][  0]LogInit: Texture streaming: Enabled
[2022.07.07-08.42.03:143][  0]LogAnalytics: Display: [UEEditor.Rocket.Release] APIServer = https://datarouter.ol.epicgames.com/. AppVersion = 4.27.1-17735300+++UE4+Release-4.27
[2022.07.07-08.42.03:153][  0]LogEngineSessionManager: EngineSessionManager initialized
[2022.07.07-08.42.03:153][  0]LogEditorSessionSummary: Verbose: Initializing EditorSessionSummaryWriter for editor session tracking
[2022.07.07-08.42.03:161][  0]LogEditorSessionSummary: EditorSessionSummaryWriter initialized
[2022.07.07-08.42.03:235][  0]LogInit: Transaction tracking system initialized
[2022.07.07-08.42.03:286][  0]BlueprintLog: New page: Editor Load
[2022.07.07-08.42.03:380][  0]LocalizationService: Localization service is disabled
[2022.07.07-08.42.03:412][  0]TimingProfiler: Initialize
[2022.07.07-08.42.03:413][  0]TimingProfiler: OnSessionChanged
[2022.07.07-08.42.03:413][  0]LoadingProfiler: Initialize
[2022.07.07-08.42.03:413][  0]LoadingProfiler: OnSessionChanged
[2022.07.07-08.42.03:413][  0]NetworkingProfiler: Initialize
[2022.07.07-08.42.03:413][  0]NetworkingProfiler: OnSessionChanged
[2022.07.07-08.42.03:413][  0]MemoryProfiler: Initialize
[2022.07.07-08.42.03:413][  0]MemoryProfiler: OnSessionChanged
[2022.07.07-08.42.03:732][  0]LogCook: Display: CookSettings for Memory: MemoryMaxUsedVirtual 0MiB, MemoryMaxUsedPhysical 16384MiB, MemoryMinFreeVirtual 0MiB, MemoryMinFreePhysical 1024MiB
[2022.07.07-08.42.03:732][  0]LogCook: Display: Mobile HDR setting 1
[2022.07.07-08.42.04:179][  0]LogFileCache: Scanning file cache for directory 'C:/Users/Jul/JahisCave-New/JahisCave_New/Content/' took 0.02s
[2022.07.07-08.42.04:440][  0]LogImageWrapper: Warning: PNG Warning: Duplicate iCCP chunk
[2022.07.07-08.42.04:440][  0]LogImageWrapper: Warning: PNG Warning: Duplicate iCCP chunk
[2022.07.07-08.42.04:440][  0]LogInit: Display: Engine is initialized. Leaving FEngineLoop::Init()
[2022.07.07-08.42.04:448][  0]SourceControl: Source control is disabled
[2022.07.07-08.42.04:448][  0]LogUnrealEdMisc: Loading editor; pre map load, took 11.475
[2022.07.07-08.42.04:448][  0]Cmd: MAP LOAD FILE="../../../../../../Users/Jul/JahisCave-New/JahisCave_New/Content/FirstPersonBP/Maps/FirstPersonExampleMap.umap" TEMPLATE=0 SHOWPROGRESS=1 FEATURELEVEL=3
[2022.07.07-08.42.04:448][  0]LightingResults: New page: Lighting Build
[2022.07.07-08.42.04:451][  0]LogWorld: UWorld::CleanupWorld for Untitled, bSessionEnded=true, bCleanupResources=true
[2022.07.07-08.42.04:451][  0]LogSlate: InvalidateAllWidgets triggered.  All widgets were invalidated
[2022.07.07-08.42.04:451][  0]MapCheck: New page: Map Check
[2022.07.07-08.42.04:451][  0]LightingResults: New page: Lighting Build
[2022.07.07-08.42.04:463][  0]LogAudio: Display: Audio Device unregistered from world 'None'.
[2022.07.07-08.42.04:468][  0]LogUObjectHash: Compacting FUObjectHashTables data took   1.76ms
[2022.07.07-08.42.05:416][  0]LogAudio: Display: Audio Device (ID: 1) registered with world 'FirstPersonExampleMap'.
[2022.07.07-08.42.05:417][  0]LogAIModule: Creating AISystem for world FirstPersonExampleMap
[2022.07.07-08.42.05:444][  0]LogEditorServer: Finished looking for orphan Actors (0.000 secs)
[2022.07.07-08.42.05:455][  0]LogUObjectHash: Compacting FUObjectHashTables data took   0.84ms
[2022.07.07-08.42.05:455][  0]Cmd: MAP CHECKDEP NOCLEARLOG
[2022.07.07-08.42.05:455][  0]MapCheck: Map check complete: 0 Error(s), 0 Warning(s), took 0,173ms to complete.
[2022.07.07-08.42.05:455][  0]LogFileHelpers: Loading map 'FirstPersonExampleMap' took 1.007
[2022.07.07-08.42.05:457][  0]LogUnrealEdMisc: Total Editor Startup Time, took 12.484
[2022.07.07-08.42.05:693][  0]LogSlate: Updating window title bar state: overlay mode, drag disabled, window buttons hidden, title bar hidden
[2022.07.07-08.42.05:709][  0]LogSlate: Updating window title bar state: overlay mode, drag disabled, window buttons hidden, title bar hidden
[2022.07.07-08.42.05:723][  0]LogSlate: Updating window title bar state: overlay mode, drag disabled, window buttons hidden, title bar hidden
[2022.07.07-08.42.05:735][  0]LogSlate: Updating window title bar state: overlay mode, drag disabled, window buttons hidden, title bar hidden
[2022.07.07-08.42.05:800][  0]LogNativeClassHierarchy: Verbose: Native class hierarchy populated in 0.0199 seconds. Added 3833 classes and 935 folders.
[2022.07.07-08.42.05:813][  0]LogNativeClassHierarchy: Verbose: Native class hierarchy updated for 'WidgetCarousel' in 0.0005 seconds. Added 0 classes and 0 folders.
[2022.07.07-08.42.05:835][  0]LogPakFile: PakFile PrimaryIndexSize=187
[2022.07.07-08.42.05:835][  0]LogPakFile: PakFile PathHashIndexSize=101
[2022.07.07-08.42.05:835][  0]LogPakFile: PakFile FullDirectoryIndexSize=148
[2022.07.07-08.42.05:837][  0]LogShaderLibrary: Display: ShaderCodeLibraryPakFileMountedCallback: PakFile 'C:/Program Files/Epic Games/UE_4.27/FeaturePacks/FP_FirstPerson.upack' (chunk index -1, root 'root:/') mounted
[2022.07.07-08.42.05:837][  0]LogShaderLibrary: Display: ShaderCodeLibraryPakFileMountedCallback: pending pak file info (ChunkID:-1 Root:root:/ File:C:/Program Files/Epic Games/UE_4.27/FeaturePacks/FP_FirstPerson.upack)
[2022.07.07-08.42.05:837][  0]LogPakFile: OnPakFileMounted2Time == 0.001577
[2022.07.07-08.42.05:855][  0]LogPakFile: PakFile PrimaryIndexSize=189
[2022.07.07-08.42.05:855][  0]LogPakFile: PakFile PathHashIndexSize=101
[2022.07.07-08.42.05:855][  0]LogPakFile: PakFile FullDirectoryIndexSize=152
[2022.07.07-08.42.05:855][  0]LogShaderLibrary: Display: ShaderCodeLibraryPakFileMountedCallback: PakFile 'C:/Program Files/Epic Games/UE_4.27/FeaturePacks/FP_FirstPersonBP.upack' (chunk index -1, root 'root:/') mounted
[2022.07.07-08.42.05:855][  0]LogShaderLibrary: Display: ShaderCodeLibraryPakFileMountedCallback: pending pak file info (ChunkID:-1 Root:root:/ File:C:/Program Files/Epic Games/UE_4.27/FeaturePacks/FP_FirstPersonBP.upack)
[2022.07.07-08.42.05:855][  0]LogPakFile: OnPakFileMounted2Time == 0.000085
[2022.07.07-08.42.05:865][  0]LogPakFile: PakFile PrimaryIndexSize=191
[2022.07.07-08.42.05:865][  0]LogPakFile: PakFile PathHashIndexSize=101
[2022.07.07-08.42.05:865][  0]LogPakFile: PakFile FullDirectoryIndexSize=160
[2022.07.07-08.42.05:865][  0]LogShaderLibrary: Display: ShaderCodeLibraryPakFileMountedCallback: PakFile 'C:/Program Files/Epic Games/UE_4.27/FeaturePacks/MobileStarterContent.upack' (chunk index -1, root 'root:/') mounted
[2022.07.07-08.42.05:865][  0]LogShaderLibrary: Display: ShaderCodeLibraryPakFileMountedCallback: pending pak file info (ChunkID:-1 Root:root:/ File:C:/Program Files/Epic Games/UE_4.27/FeaturePacks/MobileStarterContent.upack)
[2022.07.07-08.42.05:865][  0]LogPakFile: OnPakFileMounted2Time == 0.000072
[2022.07.07-08.42.05:874][  0]LogPakFile: PakFile PrimaryIndexSize=185
[2022.07.07-08.42.05:874][  0]LogPakFile: PakFile PathHashIndexSize=101
[2022.07.07-08.42.05:874][  0]LogPakFile: PakFile FullDirectoryIndexSize=148
[2022.07.07-08.42.05:874][  0]LogShaderLibrary: Display: ShaderCodeLibraryPakFileMountedCallback: PakFile 'C:/Program Files/Epic Games/UE_4.27/FeaturePacks/StarterContent.upack' (chunk index -1, root 'root:/') mounted
[2022.07.07-08.42.05:874][  0]LogShaderLibrary: Display: ShaderCodeLibraryPakFileMountedCallback: pending pak file info (ChunkID:-1 Root:root:/ File:C:/Program Files/Epic Games/UE_4.27/FeaturePacks/StarterContent.upack)
[2022.07.07-08.42.05:874][  0]LogPakFile: OnPakFileMounted2Time == 0.000062
[2022.07.07-08.42.05:882][  0]LogPakFile: PakFile PrimaryIndexSize=190
[2022.07.07-08.42.05:883][  0]LogPakFile: PakFile PathHashIndexSize=101
[2022.07.07-08.42.05:883][  0]LogPakFile: PakFile FullDirectoryIndexSize=154
[2022.07.07-08.42.05:883][  0]LogShaderLibrary: Display: ShaderCodeLibraryPakFileMountedCallback: PakFile 'C:/Program Files/Epic Games/UE_4.27/FeaturePacks/TP_2DSideScroller.upack' (chunk index -1, root 'root:/') mounted
[2022.07.07-08.42.05:883][  0]LogShaderLibrary: Display: ShaderCodeLibraryPakFileMountedCallback: pending pak file info (ChunkID:-1 Root:root:/ File:C:/Program Files/Epic Games/UE_4.27/FeaturePacks/TP_2DSideScroller.upack)
[2022.07.07-08.42.05:883][  0]LogPakFile: OnPakFileMounted2Time == 0.000068
[2022.07.07-08.42.05:890][  0]LogPakFile: PakFile PrimaryIndexSize=192
[2022.07.07-08.42.05:890][  0]LogPakFile: PakFile PathHashIndexSize=101
[2022.07.07-08.42.05:890][  0]LogPakFile: PakFile FullDirectoryIndexSize=158
[2022.07.07-08.42.05:890][  0]LogShaderLibrary: Display: ShaderCodeLibraryPakFileMountedCallback: PakFile 'C:/Program Files/Epic Games/UE_4.27/FeaturePacks/TP_2DSideScrollerBP.upack' (chunk index -1, root 'root:/') mounted
[2022.07.07-08.42.05:890][  0]LogShaderLibrary: Display: ShaderCodeLibraryPakFileMountedCallback: pending pak file info (ChunkID:-1 Root:root:/ File:C:/Program Files/Epic Games/UE_4.27/FeaturePacks/TP_2DSideScrollerBP.upack)
[2022.07.07-08.42.05:890][  0]LogPakFile: OnPakFileMounted2Time == 0.000059
[2022.07.07-08.42.05:899][  0]LogPakFile: PakFile PrimaryIndexSize=182
[2022.07.07-08.42.05:899][  0]LogPakFile: PakFile PathHashIndexSize=101
[2022.07.07-08.42.05:900][  0]LogPakFile: PakFile FullDirectoryIndexSize=138
[2022.07.07-08.42.05:900][  0]LogShaderLibrary: Display: ShaderCodeLibraryPakFileMountedCallback: PakFile 'C:/Program Files/Epic Games/UE_4.27/FeaturePacks/TP_Flying.upack' (chunk index -1, root 'root:/') mounted
[2022.07.07-08.42.05:900][  0]LogShaderLibrary: Display: ShaderCodeLibraryPakFileMountedCallback: pending pak file info (ChunkID:-1 Root:root:/ File:C:/Program Files/Epic Games/UE_4.27/FeaturePacks/TP_Flying.upack)
[2022.07.07-08.42.05:900][  0]LogPakFile: OnPakFileMounted2Time == 0.000064
[2022.07.07-08.42.05:908][  0]LogPakFile: PakFile PrimaryIndexSize=184
[2022.07.07-08.42.05:908][  0]LogPakFile: PakFile PathHashIndexSize=101
[2022.07.07-08.42.05:908][  0]LogPakFile: PakFile FullDirectoryIndexSize=142
[2022.07.07-08.42.05:908][  0]LogShaderLibrary: Display: ShaderCodeLibraryPakFileMountedCallback: PakFile 'C:/Program Files/Epic Games/UE_4.27/FeaturePacks/TP_FlyingBP.upack' (chunk index -1, root 'root:/') mounted
[2022.07.07-08.42.05:908][  0]LogShaderLibrary: Display: ShaderCodeLibraryPakFileMountedCallback: pending pak file info (ChunkID:-1 Root:root:/ File:C:/Program Files/Epic Games/UE_4.27/FeaturePacks/TP_FlyingBP.upack)
[2022.07.07-08.42.05:908][  0]LogPakFile: OnPakFileMounted2Time == 0.000077
[2022.07.07-08.42.05:917][  0]LogPakFile: PakFile PrimaryIndexSize=188
[2022.07.07-08.42.05:917][  0]LogPakFile: PakFile PathHashIndexSize=101
[2022.07.07-08.42.05:917][  0]LogPakFile: PakFile FullDirectoryIndexSize=150
[2022.07.07-08.42.05:917][  0]LogShaderLibrary: Display: ShaderCodeLibraryPakFileMountedCallback: PakFile 'C:/Program Files/Epic Games/UE_4.27/FeaturePacks/TP_HandheldARBP.upack' (chunk index -1, root 'root:/') mounted
[2022.07.07-08.42.05:918][  0]LogShaderLibrary: Display: ShaderCodeLibraryPakFileMountedCallback: pending pak file info (ChunkID:-1 Root:root:/ File:C:/Program Files/Epic Games/UE_4.27/FeaturePacks/TP_HandheldARBP.upack)
[2022.07.07-08.42.05:918][  0]LogPakFile: OnPakFileMounted2Time == 0.000083
[2022.07.07-08.42.05:929][  0]LogPakFile: PakFile PrimaryIndexSize=182
[2022.07.07-08.42.05:930][  0]LogPakFile: PakFile PathHashIndexSize=101
[2022.07.07-08.42.05:930][  0]LogPakFile: PakFile FullDirectoryIndexSize=138
[2022.07.07-08.42.05:930][  0]LogShaderLibrary: Display: ShaderCodeLibraryPakFileMountedCallback: PakFile 'C:/Program Files/Epic Games/UE_4.27/FeaturePacks/TP_Puzzle.upack' (chunk index -1, root 'root:/') mounted
[2022.07.07-08.42.05:930][  0]LogShaderLibrary: Display: ShaderCodeLibraryPakFileMountedCallback: pending pak file info (ChunkID:-1 Root:root:/ File:C:/Program Files/Epic Games/UE_4.27/FeaturePacks/TP_Puzzle.upack)
[2022.07.07-08.42.05:930][  0]LogPakFile: OnPakFileMounted2Time == 0.000081
[2022.07.07-08.42.05:941][  0]LogPakFile: PakFile PrimaryIndexSize=184
[2022.07.07-08.42.05:941][  0]LogPakFile: PakFile PathHashIndexSize=101
[2022.07.07-08.42.05:941][  0]LogPakFile: PakFile FullDirectoryIndexSize=142
[2022.07.07-08.42.05:941][  0]LogShaderLibrary: Display: ShaderCodeLibraryPakFileMountedCallback: PakFile 'C:/Program Files/Epic Games/UE_4.27/FeaturePacks/TP_PuzzleBP.upack' (chunk index -1, root 'root:/') mounted
[2022.07.07-08.42.05:941][  0]LogShaderLibrary: Display: ShaderCodeLibraryPakFileMountedCallback: pending pak file info (ChunkID:-1 Root:root:/ File:C:/Program Files/Epic Games/UE_4.27/FeaturePacks/TP_PuzzleBP.upack)
[2022.07.07-08.42.05:941][  0]LogPakFile: OnPakFileMounted2Time == 0.000077
[2022.07.07-08.42.05:952][  0]LogPakFile: PakFile PrimaryIndexSize=183
[2022.07.07-08.42.05:952][  0]LogPakFile: PakFile PathHashIndexSize=101
[2022.07.07-08.42.05:952][  0]LogPakFile: PakFile FullDirectoryIndexSize=140
[2022.07.07-08.42.05:952][  0]LogShaderLibrary: Display: ShaderCodeLibraryPakFileMountedCallback: PakFile 'C:/Program Files/Epic Games/UE_4.27/FeaturePacks/TP_Rolling.upack' (chunk index -1, root 'root:/') mounted
[2022.07.07-08.42.05:952][  0]LogShaderLibrary: Display: ShaderCodeLibraryPakFileMountedCallback: pending pak file info (ChunkID:-1 Root:root:/ File:C:/Program Files/Epic Games/UE_4.27/FeaturePacks/TP_Rolling.upack)
[2022.07.07-08.42.05:952][  0]LogPakFile: OnPakFileMounted2Time == 0.000065
[2022.07.07-08.42.05:960][  0]LogPakFile: PakFile PrimaryIndexSize=185
[2022.07.07-08.42.05:960][  0]LogPakFile: PakFile PathHashIndexSize=101
[2022.07.07-08.42.05:960][  0]LogPakFile: PakFile FullDirectoryIndexSize=144
[2022.07.07-08.42.05:960][  0]LogShaderLibrary: Display: ShaderCodeLibraryPakFileMountedCallback: PakFile 'C:/Program Files/Epic Games/UE_4.27/FeaturePacks/TP_RollingBP.upack' (chunk index -1, root 'root:/') mounted
[2022.07.07-08.42.05:960][  0]LogShaderLibrary: Display: ShaderCodeLibraryPakFileMountedCallback: pending pak file info (ChunkID:-1 Root:root:/ File:C:/Program Files/Epic Games/UE_4.27/FeaturePacks/TP_RollingBP.upack)
[2022.07.07-08.42.05:960][  0]LogPakFile: OnPakFileMounted2Time == 0.000057
[2022.07.07-08.42.05:969][  0]LogPakFile: PakFile PrimaryIndexSize=188
[2022.07.07-08.42.05:969][  0]LogPakFile: PakFile PathHashIndexSize=101
[2022.07.07-08.42.05:969][  0]LogPakFile: PakFile FullDirectoryIndexSize=150
[2022.07.07-08.42.05:969][  0]LogShaderLibrary: Display: ShaderCodeLibraryPakFileMountedCallback: PakFile 'C:/Program Files/Epic Games/UE_4.27/FeaturePacks/TP_SideScroller.upack' (chunk index -1, root 'root:/') mounted
[2022.07.07-08.42.05:969][  0]LogShaderLibrary: Display: ShaderCodeLibraryPakFileMountedCallback: pending pak file info (ChunkID:-1 Root:root:/ File:C:/Program Files/Epic Games/UE_4.27/FeaturePacks/TP_SideScroller.upack)
[2022.07.07-08.42.05:969][  0]LogPakFile: OnPakFileMounted2Time == 0.000059
[2022.07.07-08.42.05:987][  0]LogPakFile: PakFile PrimaryIndexSize=190
[2022.07.07-08.42.05:987][  0]LogPakFile: PakFile PathHashIndexSize=101
[2022.07.07-08.42.05:987][  0]LogPakFile: PakFile FullDirectoryIndexSize=154
[2022.07.07-08.42.05:987][  0]LogShaderLibrary: Display: ShaderCodeLibraryPakFileMountedCallback: PakFile 'C:/Program Files/Epic Games/UE_4.27/FeaturePacks/TP_SideScrollerBP.upack' (chunk index -1, root 'root:/') mounted
[2022.07.07-08.42.05:987][  0]LogShaderLibrary: Display: ShaderCodeLibraryPakFileMountedCallback: pending pak file info (ChunkID:-1 Root:root:/ File:C:/Program Files/Epic Games/UE_4.27/FeaturePacks/TP_SideScrollerBP.upack)
[2022.07.07-08.42.05:987][  0]LogPakFile: OnPakFileMounted2Time == 0.000090
[2022.07.07-08.42.06:000][  0]LogPakFile: PakFile PrimaryIndexSize=187
[2022.07.07-08.42.06:000][  0]LogPakFile: PakFile PathHashIndexSize=101
[2022.07.07-08.42.06:000][  0]LogPakFile: PakFile FullDirectoryIndexSize=148
[2022.07.07-08.42.06:001][  0]LogShaderLibrary: Display: ShaderCodeLibraryPakFileMountedCallback: PakFile 'C:/Program Files/Epic Games/UE_4.27/FeaturePacks/TP_ThirdPerson.upack' (chunk index -1, root 'root:/') mounted
[2022.07.07-08.42.06:001][  0]LogShaderLibrary: Display: ShaderCodeLibraryPakFileMountedCallback: pending pak file info (ChunkID:-1 Root:root:/ File:C:/Program Files/Epic Games/UE_4.27/FeaturePacks/TP_ThirdPerson.upack)
[2022.07.07-08.42.06:001][  0]LogPakFile: OnPakFileMounted2Time == 0.000127
[2022.07.07-08.42.06:012][  0]LogPakFile: PakFile PrimaryIndexSize=189
[2022.07.07-08.42.06:012][  0]LogPakFile: PakFile PathHashIndexSize=101
[2022.07.07-08.42.06:012][  0]LogPakFile: PakFile FullDirectoryIndexSize=152
[2022.07.07-08.42.06:012][  0]LogShaderLibrary: Display: ShaderCodeLibraryPakFileMountedCallback: PakFile 'C:/Program Files/Epic Games/UE_4.27/FeaturePacks/TP_ThirdPersonBP.upack' (chunk index -1, root 'root:/') mounted
[2022.07.07-08.42.06:013][  0]LogShaderLibrary: Display: ShaderCodeLibraryPakFileMountedCallback: pending pak file info (ChunkID:-1 Root:root:/ File:C:/Program Files/Epic Games/UE_4.27/FeaturePacks/TP_ThirdPersonBP.upack)
[2022.07.07-08.42.06:013][  0]LogPakFile: OnPakFileMounted2Time == 0.000081
[2022.07.07-08.42.06:022][  0]LogPakFile: PakFile PrimaryIndexSize=183
[2022.07.07-08.42.06:022][  0]LogPakFile: PakFile PathHashIndexSize=101
[2022.07.07-08.42.06:022][  0]LogPakFile: PakFile FullDirectoryIndexSize=140
[2022.07.07-08.42.06:022][  0]LogShaderLibrary: Display: ShaderCodeLibraryPakFileMountedCallback: PakFile 'C:/Program Files/Epic Games/UE_4.27/FeaturePacks/TP_TopDown.upack' (chunk index -1, root 'root:/') mounted
[2022.07.07-08.42.06:022][  0]LogShaderLibrary: Display: ShaderCodeLibraryPakFileMountedCallback: pending pak file info (ChunkID:-1 Root:root:/ File:C:/Program Files/Epic Games/UE_4.27/FeaturePacks/TP_TopDown.upack)
[2022.07.07-08.42.06:022][  0]LogPakFile: OnPakFileMounted2Time == 0.000076
[2022.07.07-08.42.06:031][  0]LogPakFile: PakFile PrimaryIndexSize=185
[2022.07.07-08.42.06:031][  0]LogPakFile: PakFile PathHashIndexSize=101
[2022.07.07-08.42.06:031][  0]LogPakFile: PakFile FullDirectoryIndexSize=144
[2022.07.07-08.42.06:031][  0]LogShaderLibrary: Display: ShaderCodeLibraryPakFileMountedCallback: PakFile 'C:/Program Files/Epic Games/UE_4.27/FeaturePacks/TP_TopDownBP.upack' (chunk index -1, root 'root:/') mounted
[2022.07.07-08.42.06:031][  0]LogShaderLibrary: Display: ShaderCodeLibraryPakFileMountedCallback: pending pak file info (ChunkID:-1 Root:root:/ File:C:/Program Files/Epic Games/UE_4.27/FeaturePacks/TP_TopDownBP.upack)
[2022.07.07-08.42.06:031][  0]LogPakFile: OnPakFileMounted2Time == 0.000054
[2022.07.07-08.42.06:047][  0]LogPakFile: PakFile PrimaryIndexSize=185
[2022.07.07-08.42.06:047][  0]LogPakFile: PakFile PathHashIndexSize=101
[2022.07.07-08.42.06:047][  0]LogPakFile: PakFile FullDirectoryIndexSize=144
[2022.07.07-08.42.06:047][  0]LogShaderLibrary: Display: ShaderCodeLibraryPakFileMountedCallback: PakFile 'C:/Program Files/Epic Games/UE_4.27/FeaturePacks/TP_TwinStick.upack' (chunk index -1, root 'root:/') mounted
[2022.07.07-08.42.06:047][  0]LogShaderLibrary: Display: ShaderCodeLibraryPakFileMountedCallback: pending pak file info (ChunkID:-1 Root:root:/ File:C:/Program Files/Epic Games/UE_4.27/FeaturePacks/TP_TwinStick.upack)
[2022.07.07-08.42.06:047][  0]LogPakFile: OnPakFileMounted2Time == 0.000063
[2022.07.07-08.42.06:054][  0]LogPakFile: PakFile PrimaryIndexSize=187
[2022.07.07-08.42.06:054][  0]LogPakFile: PakFile PathHashIndexSize=101
[2022.07.07-08.42.06:054][  0]LogPakFile: PakFile FullDirectoryIndexSize=148
[2022.07.07-08.42.06:054][  0]LogShaderLibrary: Display: ShaderCodeLibraryPakFileMountedCallback: PakFile 'C:/Program Files/Epic Games/UE_4.27/FeaturePacks/TP_TwinStickBP.upack' (chunk index -1, root 'root:/') mounted
[2022.07.07-08.42.06:054][  0]LogShaderLibrary: Display: ShaderCodeLibraryPakFileMountedCallback: pending pak file info (ChunkID:-1 Root:root:/ File:C:/Program Files/Epic Games/UE_4.27/FeaturePacks/TP_TwinStickBP.upack)
[2022.07.07-08.42.06:054][  0]LogPakFile: OnPakFileMounted2Time == 0.000059
[2022.07.07-08.42.06:062][  0]LogPakFile: PakFile PrimaryIndexSize=183
[2022.07.07-08.42.06:063][  0]LogPakFile: PakFile PathHashIndexSize=101
[2022.07.07-08.42.06:063][  0]LogPakFile: PakFile FullDirectoryIndexSize=140
[2022.07.07-08.42.06:063][  0]LogShaderLibrary: Display: ShaderCodeLibraryPakFileMountedCallback: PakFile 'C:/Program Files/Epic Games/UE_4.27/FeaturePacks/TP_Vehicle.upack' (chunk index -1, root 'root:/') mounted
[2022.07.07-08.42.06:063][  0]LogShaderLibrary: Display: ShaderCodeLibraryPakFileMountedCallback: pending pak file info (ChunkID:-1 Root:root:/ File:C:/Program Files/Epic Games/UE_4.27/FeaturePacks/TP_Vehicle.upack)
[2022.07.07-08.42.06:063][  0]LogPakFile: OnPakFileMounted2Time == 0.000065
[2022.07.07-08.42.06:070][  0]LogPakFile: PakFile PrimaryIndexSize=186
[2022.07.07-08.42.06:070][  0]LogPakFile: PakFile PathHashIndexSize=101
[2022.07.07-08.42.06:070][  0]LogPakFile: PakFile FullDirectoryIndexSize=146
[2022.07.07-08.42.06:071][  0]LogShaderLibrary: Display: ShaderCodeLibraryPakFileMountedCallback: PakFile 'C:/Program Files/Epic Games/UE_4.27/FeaturePacks/TP_VehicleAdv.upack' (chunk index -1, root 'root:/') mounted
[2022.07.07-08.42.06:071][  0]LogShaderLibrary: Display: ShaderCodeLibraryPakFileMountedCallback: pending pak file info (ChunkID:-1 Root:root:/ File:C:/Program Files/Epic Games/UE_4.27/FeaturePacks/TP_VehicleAdv.upack)
[2022.07.07-08.42.06:071][  0]LogPakFile: OnPakFileMounted2Time == 0.000099
[2022.07.07-08.42.06:078][  0]LogPakFile: PakFile PrimaryIndexSize=188
[2022.07.07-08.42.06:078][  0]LogPakFile: PakFile PathHashIndexSize=101
[2022.07.07-08.42.06:078][  0]LogPakFile: PakFile FullDirectoryIndexSize=150
[2022.07.07-08.42.06:078][  0]LogShaderLibrary: Display: ShaderCodeLibraryPakFileMountedCallback: PakFile 'C:/Program Files/Epic Games/UE_4.27/FeaturePacks/TP_VehicleAdvBP.upack' (chunk index -1, root 'root:/') mounted
[2022.07.07-08.42.06:078][  0]LogShaderLibrary: Display: ShaderCodeLibraryPakFileMountedCallback: pending pak file info (ChunkID:-1 Root:root:/ File:C:/Program Files/Epic Games/UE_4.27/FeaturePacks/TP_VehicleAdvBP.upack)
[2022.07.07-08.42.06:078][  0]LogPakFile: OnPakFileMounted2Time == 0.000055
[2022.07.07-08.42.06:085][  0]LogPakFile: PakFile PrimaryIndexSize=185
[2022.07.07-08.42.06:086][  0]LogPakFile: PakFile PathHashIndexSize=101
[2022.07.07-08.42.06:086][  0]LogPakFile: PakFile FullDirectoryIndexSize=144
[2022.07.07-08.42.06:086][  0]LogShaderLibrary: Display: ShaderCodeLibraryPakFileMountedCallback: PakFile 'C:/Program Files/Epic Games/UE_4.27/FeaturePacks/TP_VehicleBP.upack' (chunk index -1, root 'root:/') mounted
[2022.07.07-08.42.06:086][  0]LogShaderLibrary: Display: ShaderCodeLibraryPakFileMountedCallback: pending pak file info (ChunkID:-1 Root:root:/ File:C:/Program Files/Epic Games/UE_4.27/FeaturePacks/TP_VehicleBP.upack)
[2022.07.07-08.42.06:086][  0]LogPakFile: OnPakFileMounted2Time == 0.000125
[2022.07.07-08.42.06:094][  0]LogPakFile: PakFile PrimaryIndexSize=192
[2022.07.07-08.42.06:094][  0]LogPakFile: PakFile PathHashIndexSize=101
[2022.07.07-08.42.06:094][  0]LogPakFile: PakFile FullDirectoryIndexSize=158
[2022.07.07-08.42.06:094][  0]LogShaderLibrary: Display: ShaderCodeLibraryPakFileMountedCallback: PakFile 'C:/Program Files/Epic Games/UE_4.27/FeaturePacks/TP_VirtualRealityBP.upack' (chunk index -1, root 'root:/') mounted
[2022.07.07-08.42.06:094][  0]LogShaderLibrary: Display: ShaderCodeLibraryPakFileMountedCallback: pending pak file info (ChunkID:-1 Root:root:/ File:C:/Program Files/Epic Games/UE_4.27/FeaturePacks/TP_VirtualRealityBP.upack)
[2022.07.07-08.42.06:094][  0]LogPakFile: OnPakFileMounted2Time == 0.000060
[2022.07.07-08.42.06:352][  0]LogNativeClassHierarchy: Verbose: Native class hierarchy updated for 'AddContentDialog' in 0.0004 seconds. Added 0 classes and 0 folders.
[2022.07.07-08.42.06:358][  0]LogNativeClassHierarchy: Verbose: Native class hierarchy updated for 'SceneOutliner' in 0.0006 seconds. Added 2 classes and 0 folders.
[2022.07.07-08.42.06:500][  0]LogSlate: Took 0.000351 seconds to synchronously load lazily loaded font '../../../Engine/Content/Slate/Fonts/Roboto-Regular.ttf' (155K)
[2022.07.07-08.42.06:514][  0]LogSlate: Took 0.011474 seconds to synchronously load lazily loaded font '../../../Engine/Content/Editor/Slate/Fonts/FontAwesome.ttf' (139K)
[2022.07.07-08.42.06:516][  0]LogSlate: Took 0.000279 seconds to synchronously load lazily loaded font '../../../Engine/Content/Slate/Fonts/Roboto-Bold.ttf' (160K)
[2022.07.07-08.42.06:836][  0]LogRenderer: Reallocating scene render targets to support 1088x568 Format 10 NumSamples 1 (Frame:1).
[2022.07.07-08.42.07:011][  0]LogNativeClassHierarchy: Verbose: Native class hierarchy updated for 'HierarchicalLODOutliner' in 0.0005 seconds. Added 0 classes and 0 folders.
[2022.07.07-08.42.07:011][  0]LogLoad: (Engine Initialization) Total time: 14.04 seconds
[2022.07.07-08.42.07:011][  0]LogLoad: (Engine Initialization) Total Blueprint compile time: 0.00 seconds
[2022.07.07-08.42.07:095][  0]LogContentStreaming: Texture pool size now 1000 MB
[2022.07.07-08.42.07:153][  1]LogFileCache: Retrieving MD5 hashes for directory 'C:/Users/Jul/JahisCave-New/JahisCave_New/Content/' took 0.11s
[2022.07.07-08.42.07:183][  1]LogAssetRegistry: Asset discovery search completed in 9.3358 seconds
[2022.07.07-08.42.07:196][  1]LogCollectionManager: Fixed up redirectors for 0 collections in 0.000007 seconds (updated 0 objects)
[2022.07.07-08.42.07:277][  2]LogSlate: Took 0.010765 seconds to synchronously load lazily loaded font '../../../Engine/Content/Slate/Fonts/Roboto-Light.ttf' (167K)
[2022.07.07-08.42.10:060][158]LogSlate: Took 0.000395 seconds to synchronously load lazily loaded font '../../../Engine/Content/Slate/Fonts/Roboto-Light.ttf' (167K)
